2026-04-14 13:33:58,585 | INFO | AdminUI | 🌐 Admin UI доступен на http://0.0.0.0:8000
2026-04-14 13:33:58,604 | INFO | AdminUI | 🚀 Admin UI запущен
2026-04-14 13:34:20,286 | INFO | AdminUI | 🔍 Найдено стратегий: []
2026-04-14 13:40:12,871 | INFO | AdminUI | 🔌 Закрытие соединений с БД...
2026-04-14 13:40:12,871 | INFO | AdminUI | ✅ Admin UI остановлен
2026-04-14 13:40:16,229 | INFO | AdminUI | 🌐 Admin UI доступен на http://0.0.0.0:8000
2026-04-14 13:40:16,243 | INFO | AdminUI | 🚀 Admin UI запущен
2026-04-14 13:40:21,047 | INFO | AdminUI | 🔍 Найдено стратегий: ['TrailingTrend']
2026-04-14 13:41:12,058 | INFO | AdminUI | 🔌 Закрытие соединений с БД...
2026-04-14 13:41:12,060 | INFO | AdminUI | ✅ Admin UI остановлен
2026-05-04 08:29:16,942 | INFO | AdminUI | 🌐 Admin UI доступен на http://0.0.0.0:8000
2026-05-04 08:29:16,963 | INFO | AdminUI | 🚀 Admin UI запущен
2026-05-04 08:36:03,169 | ERROR | DBManager | ❌ Пиздец при создании пула: connection to server at "127.0.0.1", port 5432 failed: Connection refused (0x0000274D/10061)
	Is the server running on that host and accepting TCP/IP connections?
Traceback (most recent call last):
  File "C:\Users\Khanin Maksim\PycharmProjects\honeyProject\docker\data_loader\db_manager.py", line 84, in _init_pool
    self.conn_pool = pool.SimpleConnectionPool(
                     ^^^^^^^^^^^^^^^^^^^^^^^^^^
  File "C:\Users\Khanin Maksim\PycharmProjects\honeyProject\.venv\Lib\site-packages\psycopg2\pool.py", line 59, in __init__
    self._connect()
  File "C:\Users\Khanin Maksim\PycharmProjects\honeyProject\.venv\Lib\site-packages\psycopg2\pool.py", line 63, in _connect
    conn = psycopg2.connect(*self._args, **self._kwargs)
           ^^^^^^^^^^^^^^^^^^^^^^^^^^^^^^^^^^^^^^^^^^^^^
  File "C:\Users\Khanin Maksim\PycharmProjects\honeyProject\.venv\Lib\site-packages\psycopg2\__init__.py", line 135, in connect
    conn = _connect(dsn, connection_factory=connection_factory, **kwasync)
           ^^^^^^^^^^^^^^^^^^^^^^^^^^^^^^^^^^^^^^^^^^^^^^^^^^^^^^^^^^^^^^^
psycopg2.OperationalError: connection to server at "127.0.0.1", port 5432 failed: Connection refused (0x0000274D/10061)
	Is the server running on that host and accepting TCP/IP connections?

2026-05-04 08:37:03,448 | INFO | AdminUI | 🌐 Admin UI доступен на http://0.0.0.0:8000
2026-05-04 08:37:03,467 | INFO | AdminUI | 🚀 Admin UI запущен
2026-05-04 08:38:50,515 | ERROR | DBManager | ❌ Пиздец при создании пула: connection to server at "127.0.0.1", port 5432 failed: Connection refused (0x0000274D/10061)
	Is the server running on that host and accepting TCP/IP connections?
Traceback (most recent call last):
  File "C:\Users\Khanin Maksim\PycharmProjects\honeyProject\docker\data_loader\db_manager.py", line 84, in _init_pool
    self.conn_pool = pool.SimpleConnectionPool(
                     ^^^^^^^^^^^^^^^^^^^^^^^^^^
  File "C:\Users\Khanin Maksim\PycharmProjects\honeyProject\.venv\Lib\site-packages\psycopg2\pool.py", line 59, in __init__
    self._connect()
  File "C:\Users\Khanin Maksim\PycharmProjects\honeyProject\.venv\Lib\site-packages\psycopg2\pool.py", line 63, in _connect
    conn = psycopg2.connect(*self._args, **self._kwargs)
           ^^^^^^^^^^^^^^^^^^^^^^^^^^^^^^^^^^^^^^^^^^^^^
  File "C:\Users\Khanin Maksim\PycharmProjects\honeyProject\.venv\Lib\site-packages\psycopg2\__init__.py", line 135, in connect
    conn = _connect(dsn, connection_factory=connection_factory, **kwasync)
           ^^^^^^^^^^^^^^^^^^^^^^^^^^^^^^^^^^^^^^^^^^^^^^^^^^^^^^^^^^^^^^^
psycopg2.OperationalError: connection to server at "127.0.0.1", port 5432 failed: Connection refused (0x0000274D/10061)
	Is the server running on that host and accepting TCP/IP connections?

2026-05-04 08:40:30,548 | INFO | AdminUI | 🌐 Admin UI доступен на http://0.0.0.0:8000
2026-05-04 08:40:30,578 | INFO | AdminUI | 🚀 Admin UI запущен
2026-05-04 08:40:42,093 | INFO | AdminUI | 🔍 Найдено стратегий: ['TrailingTrend']
2026-05-04 08:40:45,556 | INFO | AdminUI | 🔍 Starting position fetch: account_filter=all
2026-05-04 08:40:45,618 | INFO | AdminUI | 🔍 Tracked tickers from DB: 0 — []...
2026-05-04 08:40:45,618 | INFO | AdminUI | 🔍 Fetching positions for ALL 3 accounts
2026-05-04 08:40:45,619 | DEBUG | AdminUI | 🔍 Fetching positions for account 2040855112...
2026-05-04 08:40:45,786 | DEBUG | AdminUI |    📦 Raw positions from broker: 14
2026-05-04 08:40:45,786 | DEBUG | AdminUI | 🔍 Fetching positions for account 2205447188...
2026-05-04 08:40:45,952 | DEBUG | AdminUI |    📦 Raw positions from broker: 4
2026-05-04 08:40:45,952 | DEBUG | AdminUI | 🔍 Fetching positions for account 2312570013...
2026-05-04 08:40:46,085 | DEBUG | AdminUI |    📦 Raw positions from broker: 1
2026-05-04 08:40:46,085 | INFO | AdminUI | ✅ Final positions count: 0
2026-05-04 08:40:46,085 | WARNING | AdminUI | ⚠️ No positions to display — possible causes:
2026-05-04 08:40:46,085 | WARNING | AdminUI |    1) instrument_config empty: SELECT COUNT(*) FROM instrument_config;
2026-05-04 08:40:46,085 | WARNING | AdminUI |    2) Broker token has no positions: run tests/test_positions.py
2026-05-04 08:40:46,085 | WARNING | AdminUI |    3) Ticker mismatch: DB has 'SBER', broker returns 'sber' (case-sensitive)
2026-05-04 08:40:46,085 | WARNING | AdminUI |    4) Account filter mismatch: check account_id in URL vs broker accounts
2026-05-04 08:40:46,085 | INFO | AdminUI | 🎨 Rendering portfolio: 0 positions, tf_filter=1d
2026-05-04 08:40:46,085 | WARNING | AdminUI | ⚠️ No positions to display — check: 1) instrument_config has data, 2) broker token works, 3) tickers match case
2026-05-04 08:41:02,577 | INFO | AdminUI | 🔍 Попытка добавить: VTBR/1d
2026-05-04 08:41:02,644 | INFO | AdminUI | 🆕 Создаём новый конфиг: VTBR/1d
2026-05-04 08:41:02,730 | ERROR | DBManager | ❌ Ошибка upsert конфига VTBR/1d: column "live_trading_enabled" of relation "instrument_config" does not exist
LINE 6:     live_trading_enabled, 
            ^

2026-05-04 08:41:02,731 | ERROR | AdminUI | ❌ upsert_instrument_config вернул False для VTBR/1d
2026-05-04 10:00:10,954 | ERROR | AdminUI | ❌ Ошибка получения конфигов: server closed the connection unexpectedly
	This probably means the server terminated abnormally
	before or while processing the request.
Traceback (most recent call last):
  File "C:\Users\Khanin Maksim\PycharmProjects\honeyProject\docker\data_loader\admin_ui\core.py", line 86, in get_all_instrument_configs
    cur.execute("""
psycopg2.OperationalError: server closed the connection unexpectedly
	This probably means the server terminated abnormally
	before or while processing the request.

2026-05-04 10:00:20,229 | INFO | AdminUI | 🔍 Попытка добавить: VTBR/1d
2026-05-04 10:00:45,783 | INFO | AdminUI | 🌐 Admin UI доступен на http://0.0.0.0:8000
2026-05-04 10:00:45,810 | INFO | AdminUI | 🚀 Admin UI запущен
2026-05-04 10:00:55,163 | INFO | AdminUI | 🔍 Попытка добавить: VTBR/1d
2026-05-04 10:00:55,226 | INFO | AdminUI | 🆕 Создаём новый конфиг: VTBR/1d
2026-05-04 10:00:55,319 | INFO | AdminUI | ✅ Успешно добавлен VTBR/1d
