2026-04-05 17:01:21,366 | INFO | AdminUI | 🌐 Admin UI доступен на http://0.0.0.0:8000
2026-04-05 17:01:21,422 | INFO | AdminUI | 🚀 Admin UI запущен
2026-04-05 17:02:13,264 | ERROR | DBManager | ❌ Пиздец при создании пула: connection to server at "localhost" (::1), port 5432 failed: Connection refused (0x0000274D/10061)
	Is the server running on that host and accepting TCP/IP connections?
connection to server at "localhost" (127.0.0.1), port 5432 failed: Connection refused (0x0000274D/10061)
	Is the server running on that host and accepting TCP/IP connections?
Traceback (most recent call last):
  File "C:\Users\Khanin Maksim\PycharmProjects\honeyProject\docker\data_loader\db_manager.py", line 84, in _init_pool
    self.conn_pool = pool.SimpleConnectionPool(
                     ^^^^^^^^^^^^^^^^^^^^^^^^^^
  File "C:\Users\Khanin Maksim\AppData\Local\Programs\Python\Python312\Lib\site-packages\psycopg2\pool.py", line 59, in __init__
    self._connect()
  File "C:\Users\Khanin Maksim\AppData\Local\Programs\Python\Python312\Lib\site-packages\psycopg2\pool.py", line 63, in _connect
    conn = psycopg2.connect(*self._args, **self._kwargs)
           ^^^^^^^^^^^^^^^^^^^^^^^^^^^^^^^^^^^^^^^^^^^^^
  File "C:\Users\Khanin Maksim\AppData\Local\Programs\Python\Python312\Lib\site-packages\psycopg2\__init__.py", line 135, in connect
    conn = _connect(dsn, connection_factory=connection_factory, **kwasync)
           ^^^^^^^^^^^^^^^^^^^^^^^^^^^^^^^^^^^^^^^^^^^^^^^^^^^^^^^^^^^^^^^
psycopg2.OperationalError: connection to server at "localhost" (::1), port 5432 failed: Connection refused (0x0000274D/10061)
	Is the server running on that host and accepting TCP/IP connections?
connection to server at "localhost" (127.0.0.1), port 5432 failed: Connection refused (0x0000274D/10061)
	Is the server running on that host and accepting TCP/IP connections?

2026-04-05 17:02:31,393 | INFO | AdminUI | 🔌 Закрытие соединений с БД...
2026-04-05 17:02:31,394 | INFO | AdminUI | ✅ Admin UI остановлен
2026-04-05 17:02:33,762 | INFO | AdminUI | 🌐 Admin UI доступен на http://0.0.0.0:8000
2026-04-05 17:02:33,796 | INFO | AdminUI | 🚀 Admin UI запущен
2026-04-05 17:02:37,508 | ERROR | DBManager | ❌ Пиздец при создании пула: connection to server at "localhost" (::1), port 5432 failed: server closed the connection unexpectedly
	This probably means the server terminated abnormally
	before or while processing the request.
Traceback (most recent call last):
  File "C:\Users\Khanin Maksim\PycharmProjects\honeyProject\docker\data_loader\db_manager.py", line 84, in _init_pool
    self.conn_pool = pool.SimpleConnectionPool(
                     ^^^^^^^^^^^^^^^^^^^^^^^^^^
  File "C:\Users\Khanin Maksim\AppData\Local\Programs\Python\Python312\Lib\site-packages\psycopg2\pool.py", line 59, in __init__
    self._connect()
  File "C:\Users\Khanin Maksim\AppData\Local\Programs\Python\Python312\Lib\site-packages\psycopg2\pool.py", line 63, in _connect
    conn = psycopg2.connect(*self._args, **self._kwargs)
           ^^^^^^^^^^^^^^^^^^^^^^^^^^^^^^^^^^^^^^^^^^^^^
  File "C:\Users\Khanin Maksim\AppData\Local\Programs\Python\Python312\Lib\site-packages\psycopg2\__init__.py", line 135, in connect
    conn = _connect(dsn, connection_factory=connection_factory, **kwasync)
           ^^^^^^^^^^^^^^^^^^^^^^^^^^^^^^^^^^^^^^^^^^^^^^^^^^^^^^^^^^^^^^^
psycopg2.OperationalError: connection to server at "localhost" (::1), port 5432 failed: server closed the connection unexpectedly
	This probably means the server terminated abnormally
	before or while processing the request.

2026-04-05 17:02:39,620 | ERROR | DBManager | ❌ Пиздец при создании пула: connection to server at "localhost" (::1), port 5432 failed: server closed the connection unexpectedly
	This probably means the server terminated abnormally
	before or while processing the request.
Traceback (most recent call last):
  File "C:\Users\Khanin Maksim\PycharmProjects\honeyProject\docker\data_loader\db_manager.py", line 84, in _init_pool
    self.conn_pool = pool.SimpleConnectionPool(
                     ^^^^^^^^^^^^^^^^^^^^^^^^^^
  File "C:\Users\Khanin Maksim\AppData\Local\Programs\Python\Python312\Lib\site-packages\psycopg2\pool.py", line 59, in __init__
    self._connect()
  File "C:\Users\Khanin Maksim\AppData\Local\Programs\Python\Python312\Lib\site-packages\psycopg2\pool.py", line 63, in _connect
    conn = psycopg2.connect(*self._args, **self._kwargs)
           ^^^^^^^^^^^^^^^^^^^^^^^^^^^^^^^^^^^^^^^^^^^^^
  File "C:\Users\Khanin Maksim\AppData\Local\Programs\Python\Python312\Lib\site-packages\psycopg2\__init__.py", line 135, in connect
    conn = _connect(dsn, connection_factory=connection_factory, **kwasync)
           ^^^^^^^^^^^^^^^^^^^^^^^^^^^^^^^^^^^^^^^^^^^^^^^^^^^^^^^^^^^^^^^
psycopg2.OperationalError: connection to server at "localhost" (::1), port 5432 failed: server closed the connection unexpectedly
	This probably means the server terminated abnormally
	before or while processing the request.

2026-04-05 17:20:36,248 | INFO | AdminUI | 🔌 Закрытие соединений с БД...
2026-04-05 17:20:36,248 | INFO | AdminUI | ✅ Admin UI остановлен
2026-04-05 17:31:05,284 | INFO | AdminUI | 🌐 Admin UI доступен на http://0.0.0.0:8000
2026-04-05 17:31:05,317 | INFO | AdminUI | 🚀 Admin UI запущен
2026-04-05 17:31:12,939 | ERROR | DBManager | ❌ Пиздец при создании пула: could not translate host name "trade_db" to address: Name or service not known
Traceback (most recent call last):
  File "C:\Users\Khanin Maksim\PycharmProjects\honeyProject\docker\data_loader\db_manager.py", line 84, in _init_pool
    self.conn_pool = pool.SimpleConnectionPool(
                     ^^^^^^^^^^^^^^^^^^^^^^^^^^
  File "C:\Users\Khanin Maksim\AppData\Local\Programs\Python\Python312\Lib\site-packages\psycopg2\pool.py", line 59, in __init__
    self._connect()
  File "C:\Users\Khanin Maksim\AppData\Local\Programs\Python\Python312\Lib\site-packages\psycopg2\pool.py", line 63, in _connect
    conn = psycopg2.connect(*self._args, **self._kwargs)
           ^^^^^^^^^^^^^^^^^^^^^^^^^^^^^^^^^^^^^^^^^^^^^
  File "C:\Users\Khanin Maksim\AppData\Local\Programs\Python\Python312\Lib\site-packages\psycopg2\__init__.py", line 135, in connect
    conn = _connect(dsn, connection_factory=connection_factory, **kwasync)
           ^^^^^^^^^^^^^^^^^^^^^^^^^^^^^^^^^^^^^^^^^^^^^^^^^^^^^^^^^^^^^^^
psycopg2.OperationalError: could not translate host name "trade_db" to address: Name or service not known

2026-04-05 17:32:05,632 | INFO | AdminUI | 🔌 Закрытие соединений с БД...
2026-04-05 17:32:05,632 | INFO | AdminUI | ✅ Admin UI остановлен
2026-04-05 17:32:08,079 | INFO | AdminUI | 🌐 Admin UI доступен на http://0.0.0.0:8000
2026-04-05 17:32:08,112 | INFO | AdminUI | 🚀 Admin UI запущен
2026-04-05 17:32:11,454 | ERROR | DBManager | ❌ Пиздец при создании пула: connection to server at "127.0.0.1", port 5432 failed: server closed the connection unexpectedly
	This probably means the server terminated abnormally
	before or while processing the request.
Traceback (most recent call last):
  File "C:\Users\Khanin Maksim\PycharmProjects\honeyProject\docker\data_loader\db_manager.py", line 84, in _init_pool
    self.conn_pool = pool.SimpleConnectionPool(
                     ^^^^^^^^^^^^^^^^^^^^^^^^^^
  File "C:\Users\Khanin Maksim\AppData\Local\Programs\Python\Python312\Lib\site-packages\psycopg2\pool.py", line 59, in __init__
    self._connect()
  File "C:\Users\Khanin Maksim\AppData\Local\Programs\Python\Python312\Lib\site-packages\psycopg2\pool.py", line 63, in _connect
    conn = psycopg2.connect(*self._args, **self._kwargs)
           ^^^^^^^^^^^^^^^^^^^^^^^^^^^^^^^^^^^^^^^^^^^^^
  File "C:\Users\Khanin Maksim\AppData\Local\Programs\Python\Python312\Lib\site-packages\psycopg2\__init__.py", line 135, in connect
    conn = _connect(dsn, connection_factory=connection_factory, **kwasync)
           ^^^^^^^^^^^^^^^^^^^^^^^^^^^^^^^^^^^^^^^^^^^^^^^^^^^^^^^^^^^^^^^
psycopg2.OperationalError: connection to server at "127.0.0.1", port 5432 failed: server closed the connection unexpectedly
	This probably means the server terminated abnormally
	before or while processing the request.

2026-04-05 17:32:31,663 | ERROR | DBManager | ❌ Пиздец при создании пула: connection to server at "127.0.0.1", port 5432 failed: server closed the connection unexpectedly
	This probably means the server terminated abnormally
	before or while processing the request.
Traceback (most recent call last):
  File "C:\Users\Khanin Maksim\PycharmProjects\honeyProject\docker\data_loader\db_manager.py", line 84, in _init_pool
    self.conn_pool = pool.SimpleConnectionPool(
                     ^^^^^^^^^^^^^^^^^^^^^^^^^^
  File "C:\Users\Khanin Maksim\AppData\Local\Programs\Python\Python312\Lib\site-packages\psycopg2\pool.py", line 59, in __init__
    self._connect()
  File "C:\Users\Khanin Maksim\AppData\Local\Programs\Python\Python312\Lib\site-packages\psycopg2\pool.py", line 63, in _connect
    conn = psycopg2.connect(*self._args, **self._kwargs)
           ^^^^^^^^^^^^^^^^^^^^^^^^^^^^^^^^^^^^^^^^^^^^^
  File "C:\Users\Khanin Maksim\AppData\Local\Programs\Python\Python312\Lib\site-packages\psycopg2\__init__.py", line 135, in connect
    conn = _connect(dsn, connection_factory=connection_factory, **kwasync)
           ^^^^^^^^^^^^^^^^^^^^^^^^^^^^^^^^^^^^^^^^^^^^^^^^^^^^^^^^^^^^^^^
psycopg2.OperationalError: connection to server at "127.0.0.1", port 5432 failed: server closed the connection unexpectedly
	This probably means the server terminated abnormally
	before or while processing the request.

2026-04-05 17:34:16,757 | INFO | AdminUI | 🔌 Закрытие соединений с БД...
2026-04-05 17:34:16,757 | INFO | AdminUI | ✅ Admin UI остановлен
2026-04-05 17:34:19,783 | INFO | AdminUI | 🌐 Admin UI доступен на http://0.0.0.0:8000
2026-04-05 17:34:19,815 | INFO | AdminUI | 🚀 Admin UI запущен
2026-04-05 17:37:10,124 | INFO | AdminUI | 🔌 Закрытие соединений с БД...
2026-04-05 17:37:10,126 | INFO | AdminUI | ✅ Admin UI остановлен
2026-04-05 17:37:13,415 | INFO | AdminUI | 🌐 Admin UI доступен на http://0.0.0.0:8000
2026-04-05 17:37:13,448 | INFO | AdminUI | 🚀 Admin UI запущен
2026-04-05 17:39:32,365 | INFO | AdminUI | 🔌 Закрытие соединений с БД...
2026-04-05 17:39:32,366 | INFO | AdminUI | ✅ Admin UI остановлен
2026-04-05 17:39:44,740 | INFO | AdminUI | 🌐 Admin UI доступен на http://0.0.0.0:8000
2026-04-05 17:39:44,772 | INFO | AdminUI | 🚀 Admin UI запущен
2026-04-05 17:39:55,256 | INFO | AdminUI | ✅ Добавлен SBER/1d (priority=100)
2026-04-05 17:40:21,953 | INFO | AdminUI | ✅ Добавлен SBER/1h (priority=100)
2026-04-05 17:41:33,083 | INFO | AdminUI | 🔄 SBER/1d: выключен
2026-04-05 17:41:33,963 | INFO | AdminUI | 🔄 SBER/1d: включён
2026-04-05 17:41:35,964 | INFO | AdminUI | 🔄 SBER/1d: выключен
2026-04-05 17:42:27,688 | INFO | AdminUI | === 🚨 SAVE STRATEGIES ===
2026-04-05 17:42:27,837 | INFO | AdminUI | ✅ SBER/1h: стратегия='momentum', окно=20
2026-04-05 17:42:27,838 | INFO | AdminUI | 💾 Сохранено изменений стратегий: 1
2026-04-05 19:31:17,683 | INFO | AdminUI | 🔌 Закрытие соединений с БД...
2026-04-05 19:31:17,685 | INFO | AdminUI | ✅ Admin UI остановлен
2026-04-05 19:31:23,019 | INFO | AdminUI | 🌐 Admin UI доступен на http://0.0.0.0:8000
2026-04-05 19:31:23,052 | INFO | AdminUI | 🚀 Admin UI запущен
2026-04-05 19:31:27,862 | ERROR | DBManager | ❌ Пиздец при создании пула: connection to server at "127.0.0.1", port 5432 failed: Connection refused (0x0000274D/10061)
	Is the server running on that host and accepting TCP/IP connections?
Traceback (most recent call last):
  File "C:\Users\Khanin Maksim\PycharmProjects\honeyProject\docker\data_loader\db_manager.py", line 84, in _init_pool
    self.conn_pool = pool.SimpleConnectionPool(
                     ^^^^^^^^^^^^^^^^^^^^^^^^^^
  File "C:\Users\Khanin Maksim\AppData\Local\Programs\Python\Python312\Lib\site-packages\psycopg2\pool.py", line 59, in __init__
    self._connect()
  File "C:\Users\Khanin Maksim\AppData\Local\Programs\Python\Python312\Lib\site-packages\psycopg2\pool.py", line 63, in _connect
    conn = psycopg2.connect(*self._args, **self._kwargs)
           ^^^^^^^^^^^^^^^^^^^^^^^^^^^^^^^^^^^^^^^^^^^^^
  File "C:\Users\Khanin Maksim\AppData\Local\Programs\Python\Python312\Lib\site-packages\psycopg2\__init__.py", line 135, in connect
    conn = _connect(dsn, connection_factory=connection_factory, **kwasync)
           ^^^^^^^^^^^^^^^^^^^^^^^^^^^^^^^^^^^^^^^^^^^^^^^^^^^^^^^^^^^^^^^
psycopg2.OperationalError: connection to server at "127.0.0.1", port 5432 failed: Connection refused (0x0000274D/10061)
	Is the server running on that host and accepting TCP/IP connections?

2026-04-05 19:31:31,335 | ERROR | DBManager | ❌ Пиздец при создании пула: connection to server at "127.0.0.1", port 5432 failed: Connection refused (0x0000274D/10061)
	Is the server running on that host and accepting TCP/IP connections?
Traceback (most recent call last):
  File "C:\Users\Khanin Maksim\PycharmProjects\honeyProject\docker\data_loader\db_manager.py", line 84, in _init_pool
    self.conn_pool = pool.SimpleConnectionPool(
                     ^^^^^^^^^^^^^^^^^^^^^^^^^^
  File "C:\Users\Khanin Maksim\AppData\Local\Programs\Python\Python312\Lib\site-packages\psycopg2\pool.py", line 59, in __init__
    self._connect()
  File "C:\Users\Khanin Maksim\AppData\Local\Programs\Python\Python312\Lib\site-packages\psycopg2\pool.py", line 63, in _connect
    conn = psycopg2.connect(*self._args, **self._kwargs)
           ^^^^^^^^^^^^^^^^^^^^^^^^^^^^^^^^^^^^^^^^^^^^^
  File "C:\Users\Khanin Maksim\AppData\Local\Programs\Python\Python312\Lib\site-packages\psycopg2\__init__.py", line 135, in connect
    conn = _connect(dsn, connection_factory=connection_factory, **kwasync)
           ^^^^^^^^^^^^^^^^^^^^^^^^^^^^^^^^^^^^^^^^^^^^^^^^^^^^^^^^^^^^^^^
psycopg2.OperationalError: connection to server at "127.0.0.1", port 5432 failed: Connection refused (0x0000274D/10061)
	Is the server running on that host and accepting TCP/IP connections?

2026-04-05 19:31:32,409 | ERROR | DBManager | ❌ Пиздец при создании пула: connection to server at "127.0.0.1", port 5432 failed: Connection refused (0x0000274D/10061)
	Is the server running on that host and accepting TCP/IP connections?
Traceback (most recent call last):
  File "C:\Users\Khanin Maksim\PycharmProjects\honeyProject\docker\data_loader\db_manager.py", line 84, in _init_pool
    self.conn_pool = pool.SimpleConnectionPool(
                     ^^^^^^^^^^^^^^^^^^^^^^^^^^
  File "C:\Users\Khanin Maksim\AppData\Local\Programs\Python\Python312\Lib\site-packages\psycopg2\pool.py", line 59, in __init__
    self._connect()
  File "C:\Users\Khanin Maksim\AppData\Local\Programs\Python\Python312\Lib\site-packages\psycopg2\pool.py", line 63, in _connect
    conn = psycopg2.connect(*self._args, **self._kwargs)
           ^^^^^^^^^^^^^^^^^^^^^^^^^^^^^^^^^^^^^^^^^^^^^
  File "C:\Users\Khanin Maksim\AppData\Local\Programs\Python\Python312\Lib\site-packages\psycopg2\__init__.py", line 135, in connect
    conn = _connect(dsn, connection_factory=connection_factory, **kwasync)
           ^^^^^^^^^^^^^^^^^^^^^^^^^^^^^^^^^^^^^^^^^^^^^^^^^^^^^^^^^^^^^^^
psycopg2.OperationalError: connection to server at "127.0.0.1", port 5432 failed: Connection refused (0x0000274D/10061)
	Is the server running on that host and accepting TCP/IP connections?

2026-04-05 19:33:37,993 | INFO | AdminUI | ✅ Добавлен SBER/1d (priority=100)
2026-04-05 19:33:46,083 | INFO | AdminUI | ✅ Добавлен VKCO/1d (priority=100)
2026-04-05 19:38:08,119 | INFO | AdminUI | ✅ Добавлен MDMG/1h (priority=100)
2026-04-05 19:40:50,328 | INFO | AdminUI | === 🚨 SAVE STRATEGIES ===
2026-04-05 19:40:50,708 | INFO | AdminUI | ✅ MDMG/1h: стратегия='sma_cross', окно=20
2026-04-05 19:40:50,929 | INFO | AdminUI | ✅ SBER/1d: стратегия='momentum', окно=20
2026-04-05 19:40:51,099 | INFO | AdminUI | ✅ VKCO/1d: стратегия='bollinger', окно=20
2026-04-05 19:40:51,100 | INFO | AdminUI | 💾 Сохранено изменений стратегий: 3
2026-04-05 21:27:09,078 | ERROR | DBManager | ❌ Ошибка получения конфига SBER/1d: server closed the connection unexpectedly
	This probably means the server terminated abnormally
	before or while processing the request.

2026-04-05 21:27:10,081 | ERROR | DBManager | ❌ Ошибка upsert конфига SBER/1d: connection to server at "127.0.0.1", port 5432 failed: Connection refused (0x0000274D/10061)
	Is the server running on that host and accepting TCP/IP connections?

2026-04-05 21:27:10,083 | ERROR | AdminUI | ❌ Не удалось добавить SBER/1d
2026-04-05 21:30:21,479 | INFO | AdminUI | ✅ Добавлен SBER/1h (priority=100)
2026-04-05 21:30:24,664 | INFO | AdminUI | 🔄 SBER/1d: выключен
2026-04-05 21:37:23,860 | INFO | AdminUI | 🔌 Закрытие соединений с БД...
2026-04-05 21:37:23,861 | INFO | AdminUI | ✅ Admin UI остановлен
2026-04-05 21:37:25,656 | INFO | AdminUI | 🌐 Admin UI доступен на http://0.0.0.0:8000
2026-04-05 21:37:25,702 | INFO | AdminUI | 🚀 Admin UI запущен
2026-04-05 21:37:39,381 | INFO | AdminUI | 🔄 SBER/1d: включён
2026-04-05 21:37:39,991 | INFO | AdminUI | 🔄 SBER/1d: выключен
2026-04-05 21:37:40,595 | INFO | AdminUI | 🔄 SBER/1d: включён
2026-04-05 21:37:48,749 | INFO | AdminUI | 🔄 SBER/1d: выключен
2026-04-05 21:37:56,804 | INFO | AdminUI | 🔄 SBER/1d: включён
2026-04-05 21:45:40,965 | INFO | AdminUI | 🔌 Закрытие соединений с БД...
2026-04-05 21:45:40,966 | INFO | AdminUI | ✅ Admin UI остановлен
2026-04-05 21:45:44,151 | INFO | AdminUI | 🌐 Admin UI доступен на http://0.0.0.0:8000
2026-04-05 21:45:44,188 | INFO | AdminUI | 🚀 Admin UI запущен
2026-04-06 10:15:42,127 | INFO | AdminUI | 🔌 Закрытие соединений с БД...
2026-04-06 10:15:42,129 | INFO | AdminUI | ✅ Admin UI остановлен
2026-04-06 10:15:44,842 | INFO | AdminUI | 🌐 Admin UI доступен на http://0.0.0.0:8000
2026-04-06 10:15:44,881 | INFO | AdminUI | 🚀 Admin UI запущен
2026-04-06 10:15:50,065 | ERROR | DBManager | ❌ Пиздец при создании пула: connection to server at "127.0.0.1", port 5432 failed: Connection refused (0x0000274D/10061)
	Is the server running on that host and accepting TCP/IP connections?
Traceback (most recent call last):
  File "C:\Users\Khanin Maksim\PycharmProjects\honeyProject\docker\data_loader\db_manager.py", line 84, in _init_pool
    self.conn_pool = pool.SimpleConnectionPool(
                     ^^^^^^^^^^^^^^^^^^^^^^^^^^
  File "C:\Users\Khanin Maksim\AppData\Local\Programs\Python\Python312\Lib\site-packages\psycopg2\pool.py", line 59, in __init__
    self._connect()
  File "C:\Users\Khanin Maksim\AppData\Local\Programs\Python\Python312\Lib\site-packages\psycopg2\pool.py", line 63, in _connect
    conn = psycopg2.connect(*self._args, **self._kwargs)
           ^^^^^^^^^^^^^^^^^^^^^^^^^^^^^^^^^^^^^^^^^^^^^
  File "C:\Users\Khanin Maksim\AppData\Local\Programs\Python\Python312\Lib\site-packages\psycopg2\__init__.py", line 135, in connect
    conn = _connect(dsn, connection_factory=connection_factory, **kwasync)
           ^^^^^^^^^^^^^^^^^^^^^^^^^^^^^^^^^^^^^^^^^^^^^^^^^^^^^^^^^^^^^^^
psycopg2.OperationalError: connection to server at "127.0.0.1", port 5432 failed: Connection refused (0x0000274D/10061)
	Is the server running on that host and accepting TCP/IP connections?

2026-04-06 10:28:29,291 | INFO | AdminUI | 🔌 Закрытие соединений с БД...
2026-04-06 10:28:29,292 | INFO | AdminUI | ✅ Admin UI остановлен
2026-04-06 10:28:31,775 | INFO | AdminUI | 🌐 Admin UI доступен на http://0.0.0.0:8000
2026-04-06 10:28:31,821 | INFO | AdminUI | 🚀 Admin UI запущен
2026-04-06 10:28:41,360 | ERROR | DBManager | ❌ Пиздец при создании пула: connection to server at "127.0.0.1", port 5432 failed: Connection refused (0x0000274D/10061)
	Is the server running on that host and accepting TCP/IP connections?
Traceback (most recent call last):
  File "C:\Users\Khanin Maksim\PycharmProjects\honeyProject\docker\data_loader\db_manager.py", line 84, in _init_pool
    self.conn_pool = pool.SimpleConnectionPool(
                     ^^^^^^^^^^^^^^^^^^^^^^^^^^
  File "C:\Users\Khanin Maksim\AppData\Local\Programs\Python\Python312\Lib\site-packages\psycopg2\pool.py", line 59, in __init__
    self._connect()
  File "C:\Users\Khanin Maksim\AppData\Local\Programs\Python\Python312\Lib\site-packages\psycopg2\pool.py", line 63, in _connect
    conn = psycopg2.connect(*self._args, **self._kwargs)
           ^^^^^^^^^^^^^^^^^^^^^^^^^^^^^^^^^^^^^^^^^^^^^
  File "C:\Users\Khanin Maksim\AppData\Local\Programs\Python\Python312\Lib\site-packages\psycopg2\__init__.py", line 135, in connect
    conn = _connect(dsn, connection_factory=connection_factory, **kwasync)
           ^^^^^^^^^^^^^^^^^^^^^^^^^^^^^^^^^^^^^^^^^^^^^^^^^^^^^^^^^^^^^^^
psycopg2.OperationalError: connection to server at "127.0.0.1", port 5432 failed: Connection refused (0x0000274D/10061)
	Is the server running on that host and accepting TCP/IP connections?

2026-04-06 10:28:42,456 | ERROR | DBManager | ❌ Пиздец при создании пула: connection to server at "127.0.0.1", port 5432 failed: Connection refused (0x0000274D/10061)
	Is the server running on that host and accepting TCP/IP connections?
Traceback (most recent call last):
  File "C:\Users\Khanin Maksim\PycharmProjects\honeyProject\docker\data_loader\db_manager.py", line 84, in _init_pool
    self.conn_pool = pool.SimpleConnectionPool(
                     ^^^^^^^^^^^^^^^^^^^^^^^^^^
  File "C:\Users\Khanin Maksim\AppData\Local\Programs\Python\Python312\Lib\site-packages\psycopg2\pool.py", line 59, in __init__
    self._connect()
  File "C:\Users\Khanin Maksim\AppData\Local\Programs\Python\Python312\Lib\site-packages\psycopg2\pool.py", line 63, in _connect
    conn = psycopg2.connect(*self._args, **self._kwargs)
           ^^^^^^^^^^^^^^^^^^^^^^^^^^^^^^^^^^^^^^^^^^^^^
  File "C:\Users\Khanin Maksim\AppData\Local\Programs\Python\Python312\Lib\site-packages\psycopg2\__init__.py", line 135, in connect
    conn = _connect(dsn, connection_factory=connection_factory, **kwasync)
           ^^^^^^^^^^^^^^^^^^^^^^^^^^^^^^^^^^^^^^^^^^^^^^^^^^^^^^^^^^^^^^^
psycopg2.OperationalError: connection to server at "127.0.0.1", port 5432 failed: Connection refused (0x0000274D/10061)
	Is the server running on that host and accepting TCP/IP connections?

2026-04-06 10:29:29,167 | INFO | AdminUI | ℹ️ SBER/1h уже активен
2026-04-06 10:29:39,123 | INFO | AdminUI | ℹ️ SBER/1h уже активен
2026-04-06 10:29:46,237 | INFO | AdminUI | ℹ️ SBER/1d уже активен
2026-04-06 10:30:49,057 | INFO | AdminUI | 🔌 Закрытие соединений с БД...
2026-04-06 10:30:49,058 | INFO | AdminUI | ✅ Admin UI остановлен
2026-04-06 10:30:51,328 | INFO | AdminUI | 🌐 Admin UI доступен на http://0.0.0.0:8000
2026-04-06 10:30:51,371 | INFO | AdminUI | 🚀 Admin UI запущен
2026-04-06 10:31:05,455 | INFO | AdminUI | ℹ️ VKCO/1d уже активен
2026-04-06 10:57:39,857 | INFO | AdminUI | 🔌 Закрытие соединений с БД...
2026-04-06 10:57:39,859 | INFO | AdminUI | ✅ Admin UI остановлен
2026-04-06 10:59:33,961 | INFO | AdminUI | 🌐 Admin UI доступен на http://0.0.0.0:8000
2026-04-06 10:59:33,999 | INFO | AdminUI | 🚀 Admin UI запущен
2026-04-06 11:00:57,243 | INFO | AdminUI | ℹ️ VKCO/1h уже активен
2026-04-06 11:05:35,329 | INFO | AdminUI | 🔌 Закрытие соединений с БД...
2026-04-06 11:05:35,330 | INFO | AdminUI | ✅ Admin UI остановлен
2026-04-06 11:05:36,920 | INFO | AdminUI | 🌐 Admin UI доступен на http://0.0.0.0:8000
2026-04-06 11:05:36,960 | INFO | AdminUI | 🚀 Admin UI запущен
2026-04-06 11:05:58,343 | INFO | AdminUI | 🔍 Попытка добавить: SBER/1h
2026-04-06 11:05:58,414 | INFO | AdminUI | ℹ️ SBER/1h уже активен
2026-04-06 11:10:44,657 | INFO | AdminUI | 🔌 Закрытие соединений с БД...
2026-04-06 11:10:44,657 | INFO | AdminUI | ✅ Admin UI остановлен
2026-04-06 11:10:47,086 | INFO | AdminUI | 🌐 Admin UI доступен на http://0.0.0.0:8000
2026-04-06 11:10:47,122 | INFO | AdminUI | 🚀 Admin UI запущен
2026-04-06 11:11:06,662 | INFO | AdminUI | 🔍 Попытка добавить: SBER/1h
2026-04-06 11:11:06,730 | INFO | AdminUI | 🔍 existing['timeframe']='1d'
2026-04-06 11:11:06,730 | INFO | AdminUI | ℹ️ SBER/1h уже активен
2026-04-06 11:12:00,063 | INFO | AdminUI | 🔌 Закрытие соединений с БД...
2026-04-06 11:12:00,064 | INFO | AdminUI | ✅ Admin UI остановлен
2026-04-06 11:12:02,259 | INFO | AdminUI | 🌐 Admin UI доступен на http://0.0.0.0:8000
2026-04-06 11:12:02,292 | INFO | AdminUI | 🚀 Admin UI запущен
2026-04-06 11:12:11,929 | DEBUG | AdminUI | 🔍 RAW FORM: t='SBER', tf='1d'
2026-04-06 11:12:11,931 | DEBUG | AdminUI | 🔍 AVAILABLE_TIMEFRAMES=['1m', '5m', '15m', '1h', '1d', '1w']
2026-04-06 11:12:11,932 | DEBUG | AdminUI | 🔍 AFTER NORMALIZE: t='SBER', tf='1d'
2026-04-06 11:12:11,937 | INFO | AdminUI | 🔍 Попытка добавить: SBER/1d
2026-04-06 11:12:11,938 | DEBUG | AdminUI | 🔍 Querying DB for config: ticker='SBER', timeframe='1d'
2026-04-06 11:12:12,019 | DEBUG | AdminUI | 📋 existing={'ticker': 'SBER', 'timeframe': '1d', 'enabled': True, 'history_depth_days': 365, 'update_interval_minutes': 1440, 'strategy_name': 'none', 'strategy_window': 20, 'strategy_params': {}, 'created_at': datetime.datetime(2026, 4, 6, 7, 29, 8, 219594), 'updated_at': datetime.datetime(2026, 4, 6, 7, 29, 8, 219594)}
2026-04-06 11:12:12,020 | INFO | AdminUI | 🔍 existing['timeframe']='1d'
2026-04-06 11:12:12,020 | INFO | AdminUI | ℹ️ SBER/1d уже активен
2026-04-06 11:12:22,726 | DEBUG | AdminUI | 🔍 RAW FORM: t='SBER', tf='1h'
2026-04-06 11:12:22,727 | DEBUG | AdminUI | 🔍 AVAILABLE_TIMEFRAMES=['1m', '5m', '15m', '1h', '1d', '1w']
2026-04-06 11:12:22,727 | DEBUG | AdminUI | 🔍 AFTER NORMALIZE: t='SBER', tf='1h'
2026-04-06 11:12:22,728 | INFO | AdminUI | 🔍 Попытка добавить: SBER/1h
2026-04-06 11:12:22,728 | DEBUG | AdminUI | 🔍 Querying DB for config: ticker='SBER', timeframe='1h'
2026-04-06 11:12:22,795 | DEBUG | AdminUI | 📋 existing={'ticker': 'SBER', 'timeframe': '1d', 'enabled': True, 'history_depth_days': 365, 'update_interval_minutes': 1440, 'strategy_name': 'none', 'strategy_window': 20, 'strategy_params': {}, 'created_at': datetime.datetime(2026, 4, 6, 7, 29, 8, 219594), 'updated_at': datetime.datetime(2026, 4, 6, 7, 29, 8, 219594)}
2026-04-06 11:12:22,796 | INFO | AdminUI | 🔍 existing['timeframe']='1d'
2026-04-06 11:12:22,796 | INFO | AdminUI | ℹ️ SBER/1h уже активен
2026-04-06 11:32:47,743 | INFO | AdminUI | 🔌 Закрытие соединений с БД...
2026-04-06 11:32:47,744 | INFO | AdminUI | ✅ Admin UI остановлен
2026-04-06 11:32:49,351 | INFO | AdminUI | 🌐 Admin UI доступен на http://0.0.0.0:8000
2026-04-06 11:32:49,385 | INFO | AdminUI | 🚀 Admin UI запущен
2026-04-06 11:32:53,494 | ERROR | DBManager | ❌ Пиздец при создании пула: connection to server at "127.0.0.1", port 5432 failed: Connection refused (0x0000274D/10061)
	Is the server running on that host and accepting TCP/IP connections?
Traceback (most recent call last):
  File "C:\Users\Khanin Maksim\PycharmProjects\honeyProject\docker\data_loader\db_manager.py", line 84, in _init_pool
    self.conn_pool = pool.SimpleConnectionPool(
                     ^^^^^^^^^^^^^^^^^^^^^^^^^^
  File "C:\Users\Khanin Maksim\AppData\Local\Programs\Python\Python312\Lib\site-packages\psycopg2\pool.py", line 59, in __init__
    self._connect()
  File "C:\Users\Khanin Maksim\AppData\Local\Programs\Python\Python312\Lib\site-packages\psycopg2\pool.py", line 63, in _connect
    conn = psycopg2.connect(*self._args, **self._kwargs)
           ^^^^^^^^^^^^^^^^^^^^^^^^^^^^^^^^^^^^^^^^^^^^^
  File "C:\Users\Khanin Maksim\AppData\Local\Programs\Python\Python312\Lib\site-packages\psycopg2\__init__.py", line 135, in connect
    conn = _connect(dsn, connection_factory=connection_factory, **kwasync)
           ^^^^^^^^^^^^^^^^^^^^^^^^^^^^^^^^^^^^^^^^^^^^^^^^^^^^^^^^^^^^^^^
psycopg2.OperationalError: connection to server at "127.0.0.1", port 5432 failed: Connection refused (0x0000274D/10061)
	Is the server running on that host and accepting TCP/IP connections?

2026-04-06 11:49:19,396 | INFO | AdminUI | 🔌 Закрытие соединений с БД...
2026-04-06 11:49:19,396 | INFO | AdminUI | ✅ Admin UI остановлен
2026-04-06 11:49:21,967 | INFO | AdminUI | 🌐 Admin UI доступен на http://0.0.0.0:8000
2026-04-06 11:49:22,000 | INFO | AdminUI | 🚀 Admin UI запущен
2026-04-06 11:49:34,435 | DEBUG | AdminUI | 🔍 RAW FORM: t='SBER', tf='1h'
2026-04-06 11:49:34,435 | DEBUG | AdminUI | 🔍 AVAILABLE_TIMEFRAMES=['1m', '5m', '15m', '1h', '1d', '1w']
2026-04-06 11:49:34,443 | DEBUG | AdminUI | 🔍 AFTER NORMALIZE: t='SBER', tf='1h'
2026-04-06 11:49:34,443 | INFO | AdminUI | 🔍 Попытка добавить: SBER/1h
2026-04-06 11:49:34,443 | DEBUG | AdminUI | 🔍 Querying DB for config: ticker='SBER', timeframe='1h'
2026-04-06 11:49:34,496 | DEBUG | AdminUI | 📋 existing=None
2026-04-06 11:49:34,496 | INFO | AdminUI | 🆕 Создаём новый конфиг: SBER/1h
2026-04-06 11:49:34,549 | INFO | AdminUI | ✅ Успешно добавлен SBER/1h
2026-04-06 11:50:55,449 | DEBUG | AdminUI | 🔍 RAW FORM: t='VKCO', tf='1d'
2026-04-06 11:50:55,450 | DEBUG | AdminUI | 🔍 AVAILABLE_TIMEFRAMES=['1m', '5m', '15m', '1h', '1d', '1w']
2026-04-06 11:50:55,451 | DEBUG | AdminUI | 🔍 AFTER NORMALIZE: t='VKCO', tf='1d'
2026-04-06 11:50:55,451 | INFO | AdminUI | 🔍 Попытка добавить: VKCO/1d
2026-04-06 11:50:55,451 | DEBUG | AdminUI | 🔍 Querying DB for config: ticker='VKCO', timeframe='1d'
2026-04-06 11:50:55,740 | DEBUG | AdminUI | 📋 existing=None
2026-04-06 11:50:55,741 | INFO | AdminUI | 🆕 Создаём новый конфиг: VKCO/1d
2026-04-06 11:50:55,794 | INFO | AdminUI | ✅ Успешно добавлен VKCO/1d
2026-04-06 11:51:05,181 | INFO | AdminUI | 🔄 VKCO/1d: выключен
2026-04-06 11:51:05,945 | INFO | AdminUI | 🔄 VKCO/1d: включён
2026-04-06 13:44:08,455 | INFO | AdminUI | 🔌 Закрытие соединений с БД...
2026-04-06 13:44:08,470 | INFO | AdminUI | ✅ Admin UI остановлен
2026-04-06 13:44:10,576 | INFO | AdminUI | 🌐 Admin UI доступен на http://0.0.0.0:8000
2026-04-06 13:44:10,612 | INFO | AdminUI | 🚀 Admin UI запущен
2026-04-06 13:44:18,407 | ERROR | DBManager | ❌ Пиздец при создании пула: connection to server at "127.0.0.1", port 5432 failed: Connection refused (0x0000274D/10061)
	Is the server running on that host and accepting TCP/IP connections?
Traceback (most recent call last):
  File "C:\Users\Khanin Maksim\PycharmProjects\honeyProject\docker\data_loader\db_manager.py", line 84, in _init_pool
    self.conn_pool = pool.SimpleConnectionPool(
                     ^^^^^^^^^^^^^^^^^^^^^^^^^^
  File "C:\Users\Khanin Maksim\AppData\Local\Programs\Python\Python312\Lib\site-packages\psycopg2\pool.py", line 59, in __init__
    self._connect()
  File "C:\Users\Khanin Maksim\AppData\Local\Programs\Python\Python312\Lib\site-packages\psycopg2\pool.py", line 63, in _connect
    conn = psycopg2.connect(*self._args, **self._kwargs)
           ^^^^^^^^^^^^^^^^^^^^^^^^^^^^^^^^^^^^^^^^^^^^^
  File "C:\Users\Khanin Maksim\AppData\Local\Programs\Python\Python312\Lib\site-packages\psycopg2\__init__.py", line 135, in connect
    conn = _connect(dsn, connection_factory=connection_factory, **kwasync)
           ^^^^^^^^^^^^^^^^^^^^^^^^^^^^^^^^^^^^^^^^^^^^^^^^^^^^^^^^^^^^^^^
psycopg2.OperationalError: connection to server at "127.0.0.1", port 5432 failed: Connection refused (0x0000274D/10061)
	Is the server running on that host and accepting TCP/IP connections?

2026-04-06 13:44:39,322 | INFO | AdminUI | ✅ SBER/1h: settings updated (hist=180, int=30)
2026-04-06 13:44:39,442 | INFO | AdminUI | ✅ SBER/1h: settings updated (hist=180, int=30)
2026-04-06 13:44:57,797 | INFO | AdminUI | ✅ SBER/1d: settings updated (hist=100, int=1440)
2026-04-06 13:44:57,914 | INFO | AdminUI | ✅ SBER/1d: settings updated (hist=100, int=1440)
2026-04-06 13:45:48,097 | INFO | AdminUI | 🗑️ SBER: отключено 2 таймфреймов
2026-04-06 13:45:50,818 | INFO | AdminUI | 🗑️ VKCO: отключено 1 таймфреймов
2026-04-06 13:54:20,425 | INFO | AdminUI | 🔌 Закрытие соединений с БД...
2026-04-06 13:54:20,436 | INFO | AdminUI | ✅ Admin UI остановлен
2026-04-06 13:54:22,105 | INFO | AdminUI | 🌐 Admin UI доступен на http://0.0.0.0:8000
2026-04-06 13:54:22,154 | INFO | AdminUI | 🚀 Admin UI запущен
2026-04-06 13:54:26,760 | ERROR | DBManager | ❌ Пиздец при создании пула: connection to server at "127.0.0.1", port 5432 failed: Connection refused (0x0000274D/10061)
	Is the server running on that host and accepting TCP/IP connections?
Traceback (most recent call last):
  File "C:\Users\Khanin Maksim\PycharmProjects\honeyProject\docker\data_loader\db_manager.py", line 84, in _init_pool
    self.conn_pool = pool.SimpleConnectionPool(
                     ^^^^^^^^^^^^^^^^^^^^^^^^^^
  File "C:\Users\Khanin Maksim\AppData\Local\Programs\Python\Python312\Lib\site-packages\psycopg2\pool.py", line 59, in __init__
    self._connect()
  File "C:\Users\Khanin Maksim\AppData\Local\Programs\Python\Python312\Lib\site-packages\psycopg2\pool.py", line 63, in _connect
    conn = psycopg2.connect(*self._args, **self._kwargs)
           ^^^^^^^^^^^^^^^^^^^^^^^^^^^^^^^^^^^^^^^^^^^^^
  File "C:\Users\Khanin Maksim\AppData\Local\Programs\Python\Python312\Lib\site-packages\psycopg2\__init__.py", line 135, in connect
    conn = _connect(dsn, connection_factory=connection_factory, **kwasync)
           ^^^^^^^^^^^^^^^^^^^^^^^^^^^^^^^^^^^^^^^^^^^^^^^^^^^^^^^^^^^^^^^
psycopg2.OperationalError: connection to server at "127.0.0.1", port 5432 failed: Connection refused (0x0000274D/10061)
	Is the server running on that host and accepting TCP/IP connections?

2026-04-06 13:54:46,798 | INFO | AdminUI | 🔄 SBER/1h: включён
2026-04-06 13:54:47,670 | INFO | AdminUI | 🔄 SBER/1d: включён
2026-04-06 13:54:56,030 | INFO | AdminUI | 🔄 VKCO/1d: включён
2026-04-06 13:55:08,885 | INFO | AdminUI | ✅ SBER/1d: settings updated (hist=100, int=1439)
2026-04-06 13:55:11,102 | INFO | AdminUI | ✅ SBER/1d: settings updated (hist=100, int=1439)
2026-04-06 13:55:17,987 | INFO | AdminUI | ✅ SBER/1d: settings updated (hist=100, int=1440)
2026-04-06 13:55:18,714 | INFO | AdminUI | ✅ SBER/1d: settings updated (hist=100, int=1440)
2026-04-06 13:55:28,140 | WARNING | AdminUI | 🗑️ ЗАПРОС НА УДАЛЕНИЕ: SBER (user=admin)
2026-04-06 13:55:28,293 | INFO | AdminUI | ✅ Удалено SBER: 2 записей из instrument_config
2026-04-06 13:58:11,673 | INFO | AdminUI | 🔌 Закрытие соединений с БД...
2026-04-06 13:58:11,674 | INFO | AdminUI | ✅ Admin UI остановлен
2026-04-06 13:58:13,292 | INFO | AdminUI | 🌐 Admin UI доступен на http://0.0.0.0:8000
2026-04-06 13:58:13,327 | INFO | AdminUI | 🚀 Admin UI запущен
2026-04-06 13:58:28,679 | DEBUG | AdminUI | 🔍 RAW FORM: t='SBER', tf='1d'
2026-04-06 13:58:28,679 | DEBUG | AdminUI | 🔍 AVAILABLE_TIMEFRAMES=['1m', '5m', '15m', '1h', '1d', '1w']
2026-04-06 13:58:28,680 | DEBUG | AdminUI | 🔍 AFTER NORMALIZE: t='SBER', tf='1d'
2026-04-06 13:58:28,681 | INFO | AdminUI | 🔍 Попытка добавить: SBER/1d
2026-04-06 13:58:28,681 | DEBUG | AdminUI | 🔍 Querying DB for config: ticker='SBER', timeframe='1d'
2026-04-06 13:58:28,742 | DEBUG | AdminUI | 📋 existing=None
2026-04-06 13:58:28,742 | INFO | AdminUI | 🆕 Создаём новый конфиг: SBER/1d
2026-04-06 13:58:28,815 | INFO | AdminUI | ✅ Успешно добавлен SBER/1d
2026-04-06 13:58:35,029 | DEBUG | AdminUI | 🔍 RAW FORM: t='SBER', tf='1h'
2026-04-06 13:58:35,030 | DEBUG | AdminUI | 🔍 AVAILABLE_TIMEFRAMES=['1m', '5m', '15m', '1h', '1d', '1w']
2026-04-06 13:58:35,030 | DEBUG | AdminUI | 🔍 AFTER NORMALIZE: t='SBER', tf='1h'
2026-04-06 13:58:35,030 | INFO | AdminUI | 🔍 Попытка добавить: SBER/1h
2026-04-06 13:58:35,031 | DEBUG | AdminUI | 🔍 Querying DB for config: ticker='SBER', timeframe='1h'
2026-04-06 13:58:35,088 | DEBUG | AdminUI | 📋 existing=None
2026-04-06 13:58:35,089 | INFO | AdminUI | 🆕 Создаём новый конфиг: SBER/1h
2026-04-06 13:58:35,149 | INFO | AdminUI | ✅ Успешно добавлен SBER/1h
2026-04-06 13:58:40,955 | INFO | AdminUI | ✅ SBER/1h: settings updated (hist=180, int=30)
2026-04-06 13:58:43,665 | INFO | AdminUI | 🔄 SBER/1h: выключен
2026-04-06 13:58:44,576 | INFO | AdminUI | 🔄 SBER/1h: включён
2026-04-06 13:58:47,221 | INFO | AdminUI | 🔄 SBER/1h: выключен
2026-04-06 13:58:54,765 | INFO | AdminUI | 🔄 SBER/1h: включён
2026-04-06 13:58:59,252 | WARNING | AdminUI | 🗑️ ЗАПРОС НА УДАЛЕНИЕ: VKCO (user=admin)
2026-04-06 13:58:59,395 | INFO | AdminUI | ✅ Удалено VKCO: 1 записей из instrument_config
2026-04-06 14:00:15,877 | INFO | AdminUI | 🔄 SBER/1h: выключен
2026-04-06 14:49:16,027 | INFO | AdminUI | 🔄 SBER/1h: включён
2026-04-06 14:49:21,916 | DEBUG | AdminUI | 🔍 RAW FORM: t='VKCO', tf='1d'
2026-04-06 14:49:21,916 | DEBUG | AdminUI | 🔍 AVAILABLE_TIMEFRAMES=['1m', '5m', '15m', '1h', '1d', '1w']
2026-04-06 14:49:21,917 | DEBUG | AdminUI | 🔍 AFTER NORMALIZE: t='VKCO', tf='1d'
2026-04-06 14:49:21,917 | INFO | AdminUI | 🔍 Попытка добавить: VKCO/1d
2026-04-06 14:49:21,917 | DEBUG | AdminUI | 🔍 Querying DB for config: ticker='VKCO', timeframe='1d'
2026-04-06 14:49:21,982 | DEBUG | AdminUI | 📋 existing=None
2026-04-06 14:49:21,983 | INFO | AdminUI | 🆕 Создаём новый конфиг: VKCO/1d
2026-04-06 14:49:22,059 | INFO | AdminUI | ✅ Успешно добавлен VKCO/1d
2026-04-07 12:19:09,363 | INFO | AdminUI | 🔌 Закрытие соединений с БД...
2026-04-07 12:19:09,363 | INFO | AdminUI | ✅ Admin UI остановлен
2026-04-07 12:19:17,319 | INFO | AdminUI | 🌐 Admin UI доступен на http://0.0.0.0:8000
2026-04-07 12:19:17,353 | INFO | AdminUI | 🚀 Admin UI запущен
2026-04-07 12:22:14,250 | INFO | AdminUI | 🔌 Закрытие соединений с БД...
2026-04-07 12:22:14,254 | INFO | AdminUI | ✅ Admin UI остановлен
2026-04-07 12:22:16,433 | INFO | AdminUI | 🌐 Admin UI доступен на http://0.0.0.0:8000
2026-04-07 12:22:16,475 | INFO | AdminUI | 🚀 Admin UI запущен
2026-04-07 12:31:27,198 | INFO | AdminUI | 🔌 Закрытие соединений с БД...
2026-04-07 12:31:27,202 | INFO | AdminUI | ✅ Admin UI остановлен
2026-04-07 12:31:29,339 | INFO | AdminUI | 🌐 Admin UI доступен на http://0.0.0.0:8000
2026-04-07 12:31:29,375 | INFO | AdminUI | 🚀 Admin UI запущен
2026-04-07 12:31:35,664 | ERROR | DBManager | ❌ Пиздец при создании пула: connection to server at "127.0.0.1", port 5432 failed: Connection refused (0x0000274D/10061)
	Is the server running on that host and accepting TCP/IP connections?
Traceback (most recent call last):
  File "C:\Users\Khanin Maksim\PycharmProjects\honeyProject\docker\data_loader\db_manager.py", line 84, in _init_pool
    self.conn_pool = pool.SimpleConnectionPool(
                     ^^^^^^^^^^^^^^^^^^^^^^^^^^
  File "C:\Users\Khanin Maksim\AppData\Local\Programs\Python\Python312\Lib\site-packages\psycopg2\pool.py", line 59, in __init__
    self._connect()
  File "C:\Users\Khanin Maksim\AppData\Local\Programs\Python\Python312\Lib\site-packages\psycopg2\pool.py", line 63, in _connect
    conn = psycopg2.connect(*self._args, **self._kwargs)
           ^^^^^^^^^^^^^^^^^^^^^^^^^^^^^^^^^^^^^^^^^^^^^
  File "C:\Users\Khanin Maksim\AppData\Local\Programs\Python\Python312\Lib\site-packages\psycopg2\__init__.py", line 135, in connect
    conn = _connect(dsn, connection_factory=connection_factory, **kwasync)
           ^^^^^^^^^^^^^^^^^^^^^^^^^^^^^^^^^^^^^^^^^^^^^^^^^^^^^^^^^^^^^^^
psycopg2.OperationalError: connection to server at "127.0.0.1", port 5432 failed: Connection refused (0x0000274D/10061)
	Is the server running on that host and accepting TCP/IP connections?

2026-04-07 12:31:49,539 | INFO | AdminUI | 🎨 Rendering portfolio: 0 positions, tf_filter=1d
2026-04-07 12:31:49,540 | WARNING | AdminUI | ⚠️ No positions to display — check: 1) instrument_config has data, 2) broker token works, 3) tickers match case
2026-04-07 12:31:49,541 | INFO | AdminUI | 🎨 Rendering portfolio: 0 positions, tf_filter=1d
2026-04-07 12:31:49,541 | WARNING | AdminUI | ⚠️ No positions to display — check: 1) instrument_config has data, 2) broker token works, 3) tickers match case
2026-04-07 12:33:54,643 | INFO | AdminUI | 🔌 Закрытие соединений с БД...
2026-04-07 12:33:54,646 | INFO | AdminUI | ✅ Admin UI остановлен
2026-04-07 12:33:57,747 | INFO | AdminUI | 🌐 Admin UI доступен на http://0.0.0.0:8000
2026-04-07 12:33:57,787 | INFO | AdminUI | 🚀 Admin UI запущен
2026-04-07 12:34:04,663 | INFO | AdminUI | 🎨 Rendering portfolio: 0 positions, tf_filter=1d
2026-04-07 12:34:04,669 | WARNING | AdminUI | ⚠️ No positions to display — check: 1) instrument_config has data, 2) broker token works, 3) tickers match case
2026-04-07 12:34:04,670 | INFO | AdminUI | 🎨 Rendering portfolio: 0 positions, tf_filter=1d
2026-04-07 12:34:04,689 | WARNING | AdminUI | ⚠️ No positions to display — check: 1) instrument_config has data, 2) broker token works, 3) tickers match case
2026-04-07 12:34:29,450 | INFO | AdminUI | 🎨 Rendering portfolio: 0 positions, tf_filter=1d
2026-04-07 12:34:29,450 | WARNING | AdminUI | ⚠️ No positions to display — check: 1) instrument_config has data, 2) broker token works, 3) tickers match case
2026-04-07 12:34:29,451 | INFO | AdminUI | 🎨 Rendering portfolio: 0 positions, tf_filter=1d
2026-04-07 12:34:29,452 | WARNING | AdminUI | ⚠️ No positions to display — check: 1) instrument_config has data, 2) broker token works, 3) tickers match case
2026-04-07 12:34:31,577 | INFO | AdminUI | 🎨 Rendering portfolio: 0 positions, tf_filter=1d
2026-04-07 12:34:31,578 | WARNING | AdminUI | ⚠️ No positions to display — check: 1) instrument_config has data, 2) broker token works, 3) tickers match case
2026-04-07 12:34:31,579 | INFO | AdminUI | 🎨 Rendering portfolio: 0 positions, tf_filter=1d
2026-04-07 12:34:31,579 | WARNING | AdminUI | ⚠️ No positions to display — check: 1) instrument_config has data, 2) broker token works, 3) tickers match case
2026-04-07 12:34:33,887 | INFO | AdminUI | 🎨 Rendering portfolio: 0 positions, tf_filter=all
2026-04-07 12:34:33,888 | WARNING | AdminUI | ⚠️ No positions to display — check: 1) instrument_config has data, 2) broker token works, 3) tickers match case
2026-04-07 12:34:33,889 | INFO | AdminUI | 🎨 Rendering portfolio: 0 positions, tf_filter=all
2026-04-07 12:34:33,889 | WARNING | AdminUI | ⚠️ No positions to display — check: 1) instrument_config has data, 2) broker token works, 3) tickers match case
2026-04-07 12:34:36,004 | INFO | AdminUI | 🎨 Rendering portfolio: 0 positions, tf_filter=all
2026-04-07 12:34:36,005 | WARNING | AdminUI | ⚠️ No positions to display — check: 1) instrument_config has data, 2) broker token works, 3) tickers match case
2026-04-07 12:34:36,005 | INFO | AdminUI | 🎨 Rendering portfolio: 0 positions, tf_filter=all
2026-04-07 12:34:36,006 | WARNING | AdminUI | ⚠️ No positions to display — check: 1) instrument_config has data, 2) broker token works, 3) tickers match case
2026-04-07 12:35:40,622 | INFO | AdminUI | 🎨 Rendering portfolio: 0 positions, tf_filter=all
2026-04-07 12:35:40,622 | WARNING | AdminUI | ⚠️ No positions to display — check: 1) instrument_config has data, 2) broker token works, 3) tickers match case
2026-04-07 12:35:40,623 | INFO | AdminUI | 🎨 Rendering portfolio: 0 positions, tf_filter=all
2026-04-07 12:35:40,623 | WARNING | AdminUI | ⚠️ No positions to display — check: 1) instrument_config has data, 2) broker token works, 3) tickers match case
2026-04-07 12:35:42,008 | INFO | AdminUI | 🎨 Rendering portfolio: 0 positions, tf_filter=all
2026-04-07 12:35:42,009 | WARNING | AdminUI | ⚠️ No positions to display — check: 1) instrument_config has data, 2) broker token works, 3) tickers match case
2026-04-07 12:35:42,009 | INFO | AdminUI | 🎨 Rendering portfolio: 0 positions, tf_filter=all
2026-04-07 12:35:42,009 | WARNING | AdminUI | ⚠️ No positions to display — check: 1) instrument_config has data, 2) broker token works, 3) tickers match case
2026-04-07 13:28:38,680 | ERROR | AdminUI | ❌ API error: (<StatusCode.UNAVAILABLE: (14, 'unavailable')>, 'DNS resolution failed for invest-public-api.tinkoff.ru: UNAVAILABLE: getaddrinfo: WSA Error (No such host is known.\r\n -- 11001)', None)
2026-04-07 13:39:42,578 | INFO | AdminUI | 🌐 Admin UI доступен на http://0.0.0.0:8000
2026-04-07 13:39:42,622 | INFO | AdminUI | 🚀 Admin UI запущен
2026-04-07 13:39:50,319 | INFO | AdminUI | 🔍 Starting position fetch: account_filter=2040855112
2026-04-07 13:39:50,394 | INFO | AdminUI | 🔍 Tracked tickers from DB: 2 — ['SBER', 'VKCO']...
2026-04-07 13:39:50,395 | INFO | AdminUI | 🔍 Fetching positions for specific account: 2040855112
2026-04-07 13:39:50,468 | DEBUG | AdminUI | 📦 Raw positions: 14
2026-04-07 13:39:50,468 | DEBUG | AdminUI | ✅ Matched: VKCO
2026-04-07 13:39:50,470 | INFO | AdminUI | ✅ Final positions count: 1
2026-04-07 13:39:50,470 | INFO | AdminUI | 🎨 Rendering portfolio: 1 positions, tf_filter=all
2026-04-07 13:39:50,470 | DEBUG | AdminUI |    📊 VKCO: PnL=-26670.0, strategy=none
2026-04-07 13:39:50,579 | INFO | AdminUI | 🎨 Rendering portfolio: 1 positions, tf_filter=all
2026-04-07 13:39:53,679 | INFO | AdminUI | 🔍 Starting position fetch: account_filter=all
2026-04-07 13:39:53,746 | INFO | AdminUI | 🔍 Tracked tickers from DB: 2 — ['SBER', 'VKCO']...
2026-04-07 13:39:53,746 | INFO | AdminUI | 🔍 Fetching positions for ALL 3 accounts
2026-04-07 13:39:53,747 | DEBUG | AdminUI | 🔍 Fetching positions for account 2040855112...
2026-04-07 13:39:53,812 | DEBUG | AdminUI |    📦 Raw positions from broker: 14
2026-04-07 13:39:53,812 | DEBUG | AdminUI |    ✅ Matched: VKCO → strategy=none
2026-04-07 13:39:53,813 | DEBUG | AdminUI | 🔍 Fetching positions for account 2205447188...
2026-04-07 13:39:53,878 | DEBUG | AdminUI |    📦 Raw positions from broker: 4
2026-04-07 13:39:53,878 | DEBUG | AdminUI | 🔍 Fetching positions for account 2312570013...
2026-04-07 13:39:53,941 | DEBUG | AdminUI |    📦 Raw positions from broker: 1
2026-04-07 13:39:53,943 | INFO | AdminUI | ✅ Final positions count: 1
2026-04-07 13:39:53,944 | INFO | AdminUI | 🎨 Rendering portfolio: 1 positions, tf_filter=1d
2026-04-07 13:39:53,944 | DEBUG | AdminUI |    📊 VKCO: PnL=-26670.0, strategy=none
2026-04-07 13:39:54,013 | INFO | AdminUI | 🎨 Rendering portfolio: 1 positions, tf_filter=1d
2026-04-07 13:39:58,158 | INFO | AdminUI | 🔍 Starting position fetch: account_filter=all
2026-04-07 13:39:58,227 | INFO | AdminUI | 🔍 Tracked tickers from DB: 2 — ['SBER', 'VKCO']...
2026-04-07 13:39:58,228 | INFO | AdminUI | 🔍 Fetching positions for ALL 3 accounts
2026-04-07 13:39:58,229 | DEBUG | AdminUI | 🔍 Fetching positions for account 2040855112...
2026-04-07 13:39:58,285 | DEBUG | AdminUI |    📦 Raw positions from broker: 14
2026-04-07 13:39:58,285 | DEBUG | AdminUI |    ✅ Matched: VKCO → strategy=none
2026-04-07 13:39:58,287 | DEBUG | AdminUI | 🔍 Fetching positions for account 2205447188...
2026-04-07 13:39:58,342 | DEBUG | AdminUI |    📦 Raw positions from broker: 4
2026-04-07 13:39:58,343 | DEBUG | AdminUI | 🔍 Fetching positions for account 2312570013...
2026-04-07 13:39:58,430 | DEBUG | AdminUI |    📦 Raw positions from broker: 1
2026-04-07 13:39:58,430 | INFO | AdminUI | ✅ Final positions count: 1
2026-04-07 13:39:58,431 | INFO | AdminUI | 🎨 Rendering portfolio: 1 positions, tf_filter=1d
2026-04-07 13:39:58,431 | DEBUG | AdminUI |    📊 VKCO: PnL=-26670.0, strategy=none
2026-04-07 13:39:58,499 | INFO | AdminUI | 🎨 Rendering portfolio: 1 positions, tf_filter=1d
2026-04-07 13:40:09,712 | INFO | AdminUI | 🔍 Starting position fetch: account_filter=all
2026-04-07 13:40:09,797 | INFO | AdminUI | 🔍 Tracked tickers from DB: 2 — ['SBER', 'VKCO']...
2026-04-07 13:40:09,797 | INFO | AdminUI | 🔍 Fetching positions for ALL 3 accounts
2026-04-07 13:40:09,801 | DEBUG | AdminUI | 🔍 Fetching positions for account 2040855112...
2026-04-07 13:40:09,873 | DEBUG | AdminUI |    📦 Raw positions from broker: 14
2026-04-07 13:40:09,878 | DEBUG | AdminUI |    ✅ Matched: VKCO → strategy=none
2026-04-07 13:40:09,882 | DEBUG | AdminUI | 🔍 Fetching positions for account 2205447188...
2026-04-07 13:40:09,939 | DEBUG | AdminUI |    📦 Raw positions from broker: 4
2026-04-07 13:40:09,940 | DEBUG | AdminUI | 🔍 Fetching positions for account 2312570013...
2026-04-07 13:40:10,005 | DEBUG | AdminUI |    📦 Raw positions from broker: 1
2026-04-07 13:40:10,005 | INFO | AdminUI | ✅ Final positions count: 1
2026-04-07 13:40:10,006 | INFO | AdminUI | 🎨 Rendering portfolio: 1 positions, tf_filter=all
2026-04-07 13:40:10,006 | DEBUG | AdminUI |    📊 VKCO: PnL=-26810.0, strategy=none
2026-04-07 13:40:10,079 | INFO | AdminUI | 🎨 Rendering portfolio: 1 positions, tf_filter=all
2026-04-07 13:40:12,423 | INFO | AdminUI | 🔍 Starting position fetch: account_filter=all
2026-04-07 13:40:12,494 | INFO | AdminUI | 🔍 Tracked tickers from DB: 2 — ['SBER', 'VKCO']...
2026-04-07 13:40:12,494 | INFO | AdminUI | 🔍 Fetching positions for ALL 3 accounts
2026-04-07 13:40:12,496 | DEBUG | AdminUI | 🔍 Fetching positions for account 2040855112...
2026-04-07 13:40:12,589 | DEBUG | AdminUI |    📦 Raw positions from broker: 14
2026-04-07 13:40:12,590 | DEBUG | AdminUI |    ✅ Matched: VKCO → strategy=none
2026-04-07 13:40:12,591 | DEBUG | AdminUI | 🔍 Fetching positions for account 2205447188...
2026-04-07 13:40:12,725 | DEBUG | AdminUI |    📦 Raw positions from broker: 4
2026-04-07 13:40:12,725 | DEBUG | AdminUI | 🔍 Fetching positions for account 2312570013...
2026-04-07 13:40:12,775 | DEBUG | AdminUI |    📦 Raw positions from broker: 1
2026-04-07 13:40:12,776 | INFO | AdminUI | ✅ Final positions count: 1
2026-04-07 13:40:12,777 | INFO | AdminUI | 🎨 Rendering portfolio: 1 positions, tf_filter=all
2026-04-07 13:40:12,777 | DEBUG | AdminUI |    📊 VKCO: PnL=-26810.0, strategy=none
2026-04-07 13:40:12,850 | INFO | AdminUI | 🎨 Rendering portfolio: 1 positions, tf_filter=all
2026-04-07 13:42:13,840 | INFO | AdminUI | === 🚨 SAVE STRATEGIES ===
2026-04-07 13:42:13,911 | ERROR | AdminUI | 💥 CRASH: upsert_instrument_config() got an unexpected keyword argument 'priority'
Traceback (most recent call last):
  File "C:\Users\Khanin Maksim\PycharmProjects\honeyProject\docker\data_loader\admin_ui\pages\strategies.py", line 156, in save_strategies
    success = upsert_instrument_config(
              ^^^^^^^^^^^^^^^^^^^^^^^^^
TypeError: upsert_instrument_config() got an unexpected keyword argument 'priority'
2026-04-07 13:42:31,624 | INFO | AdminUI | 🔌 Закрытие соединений с БД...
2026-04-07 13:42:31,625 | INFO | AdminUI | ✅ Admin UI остановлен
2026-04-07 13:42:35,618 | INFO | AdminUI | 🌐 Admin UI доступен на http://0.0.0.0:8000
2026-04-07 13:42:35,662 | INFO | AdminUI | 🚀 Admin UI запущен
2026-04-07 13:42:45,355 | INFO | AdminUI | === 🚨 SAVE STRATEGIES ===
2026-04-07 13:42:45,493 | INFO | AdminUI | ✅ VKCO/1d: стратегия='momentum', окно=20
2026-04-07 13:42:45,494 | INFO | AdminUI | 💾 Сохранено изменений стратегий: 1
2026-04-07 13:42:52,863 | INFO | AdminUI | === 🚨 SAVE STRATEGIES ===
2026-04-07 13:42:53,001 | INFO | AdminUI | ✅ VKCO/1d: стратегия='momentum', окно=20
2026-04-07 13:42:53,001 | INFO | AdminUI | 💾 Сохранено изменений стратегий: 1
2026-04-07 13:42:56,678 | INFO | AdminUI | 🔍 Starting position fetch: account_filter=all
2026-04-07 13:42:56,748 | INFO | AdminUI | 🔍 Tracked tickers from DB: 2 — ['SBER', 'VKCO']...
2026-04-07 13:42:56,748 | INFO | AdminUI | 🔍 Fetching positions for ALL 3 accounts
2026-04-07 13:42:56,749 | DEBUG | AdminUI | 🔍 Fetching positions for account 2040855112...
2026-04-07 13:42:56,830 | DEBUG | AdminUI |    📦 Raw positions from broker: 14
2026-04-07 13:42:56,831 | DEBUG | AdminUI |    ✅ Matched: VKCO → strategy=momentum
2026-04-07 13:42:56,831 | DEBUG | AdminUI | 🔍 Fetching positions for account 2205447188...
2026-04-07 13:42:56,893 | DEBUG | AdminUI |    📦 Raw positions from broker: 4
2026-04-07 13:42:56,894 | DEBUG | AdminUI | 🔍 Fetching positions for account 2312570013...
2026-04-07 13:42:56,960 | DEBUG | AdminUI |    📦 Raw positions from broker: 1
2026-04-07 13:42:56,961 | INFO | AdminUI | ✅ Final positions count: 1
2026-04-07 13:42:56,961 | INFO | AdminUI | 🎨 Rendering portfolio: 1 positions, tf_filter=1d
2026-04-07 13:42:56,962 | DEBUG | AdminUI |    📊 VKCO: PnL=-26810.0, strategy=momentum
2026-04-07 13:42:57,041 | INFO | AdminUI | 🎨 Rendering portfolio: 1 positions, tf_filter=1d
2026-04-07 14:01:37,494 | ERROR | AdminUI | ❌ Ошибка получения конфигов: server closed the connection unexpectedly
	This probably means the server terminated abnormally
	before or while processing the request.
Traceback (most recent call last):
  File "C:\Users\Khanin Maksim\PycharmProjects\honeyProject\docker\data_loader\admin_ui\core.py", line 86, in get_all_instrument_configs
    cur.execute("""
psycopg2.OperationalError: server closed the connection unexpectedly
	This probably means the server terminated abnormally
	before or while processing the request.

