2026-04-08 17:43:09,560 | INFO | DBManager | ✅ Пул подключений создан (схема: public).
2026-04-08 17:43:09,560 | INFO | DBManager | DBManager инициализирован. Готов сосать... то есть, работать с БД.
2026-04-08 17:43:09,561 | INFO | DBManager | 🔌 Все подключения к БД закрыты.
2026-04-08 17:45:15,486 | INFO | DBManager | ✅ Пул подключений создан (схема: public).
2026-04-08 17:45:15,487 | INFO | DBManager | DBManager инициализирован. Готов сосать... то есть, работать с БД.
2026-04-08 17:45:15,573 | ERROR | DBManager | ❌ Ошибка получения UID: relation "instruments" does not exist
LINE 2:     SELECT uid FROM instruments WHERE ticker = 'SBER'
                            ^
Traceback (most recent call last):
  File "C:\Users\Khanin Maksim\PycharmProjects\honeyProject\docker\data_loader\db_manager.py", line 237, in get_uid_by_ticker
    cur.execute(Q.GET_UID_BY_TICKER, (ticker,))
psycopg2.errors.UndefinedTable: relation "instruments" does not exist
LINE 2:     SELECT uid FROM instruments WHERE ticker = 'SBER'
                            ^

2026-04-08 17:45:18,707 | INFO | DBManager | 📦 Массовое сохранение 1 инструментов...
2026-04-08 17:45:18,754 | WARNING | DBManager | ⚠️ Не удалось сохранить SBER: relation "instruments" does not exist
LINE 2:     INSERT INTO instruments 
                        ^

2026-04-08 17:45:18,779 | INFO | DBManager | ✅ Сохранено 0 из 1 инструментов.
2026-04-08 17:45:18,832 | ERROR | DBManager | ❌ Ошибка получения последней даты: relation "candles" does not exist
LINE 2:     SELECT MAX(time) FROM candles
                                  ^
Traceback (most recent call last):
  File "C:\Users\Khanin Maksim\PycharmProjects\honeyProject\docker\data_loader\db_manager.py", line 302, in get_last_candle_date
    cur.execute(Q.GET_LAST_CANDLE_DATE, (ticker, timeframe))
psycopg2.errors.UndefinedTable: relation "candles" does not exist
LINE 2:     SELECT MAX(time) FROM candles
                                  ^

2026-04-08 17:45:19,305 | INFO | DBManager | 💾 Сохранение 500 свечей в БД...
2026-04-08 17:45:19,445 | ERROR | DBManager | ❌ Ошибка сохранения свечей: relation "candles" does not exist
LINE 2:     INSERT INTO candles 
                        ^
Traceback (most recent call last):
  File "C:\Users\Khanin Maksim\PycharmProjects\honeyProject\docker\data_loader\db_manager.py", line 282, in save_candles
    execute_values(
  File "C:\Users\Khanin Maksim\AppData\Local\Programs\Python\Python312\Lib\site-packages\psycopg2\extras.py", line 1299, in execute_values
    cur.execute(b''.join(parts))
psycopg2.errors.UndefinedTable: relation "candles" does not exist
LINE 2:     INSERT INTO candles 
                        ^

2026-04-08 17:45:19,550 | INFO | DBManager | 💾 Сохранение 73 свечей в БД...
2026-04-08 17:45:19,629 | ERROR | DBManager | ❌ Ошибка сохранения свечей: relation "candles" does not exist
LINE 2:     INSERT INTO candles 
                        ^
Traceback (most recent call last):
  File "C:\Users\Khanin Maksim\PycharmProjects\honeyProject\docker\data_loader\db_manager.py", line 282, in save_candles
    execute_values(
  File "C:\Users\Khanin Maksim\AppData\Local\Programs\Python\Python312\Lib\site-packages\psycopg2\extras.py", line 1299, in execute_values
    cur.execute(b''.join(parts))
psycopg2.errors.UndefinedTable: relation "candles" does not exist
LINE 2:     INSERT INTO candles 
                        ^

2026-04-08 17:45:19,707 | INFO | DBManager | 🔌 Все подключения к БД закрыты.
2026-04-08 17:52:28,863 | ERROR | DBManager | ❌ Пиздец при создании пула: connection to server at "127.0.0.1", port 5432 failed: server closed the connection unexpectedly
	This probably means the server terminated abnormally
	before or while processing the request.
Traceback (most recent call last):
  File "C:\Users\Khanin Maksim\PycharmProjects\honeyProject\docker\data_loader\db_manager.py", line 84, in _init_pool
    self.conn_pool = pool.SimpleConnectionPool(
                     ^^^^^^^^^^^^^^^^^^^^^^^^^^
  File "C:\Users\Khanin Maksim\AppData\Local\Programs\Python\Python312\Lib\site-packages\psycopg2\pool.py", line 59, in __init__
    self._connect()
  File "C:\Users\Khanin Maksim\AppData\Local\Programs\Python\Python312\Lib\site-packages\psycopg2\pool.py", line 63, in _connect
    conn = psycopg2.connect(*self._args, **self._kwargs)
           ^^^^^^^^^^^^^^^^^^^^^^^^^^^^^^^^^^^^^^^^^^^^^
  File "C:\Users\Khanin Maksim\AppData\Local\Programs\Python\Python312\Lib\site-packages\psycopg2\__init__.py", line 135, in connect
    conn = _connect(dsn, connection_factory=connection_factory, **kwasync)
           ^^^^^^^^^^^^^^^^^^^^^^^^^^^^^^^^^^^^^^^^^^^^^^^^^^^^^^^^^^^^^^^
psycopg2.OperationalError: connection to server at "127.0.0.1", port 5432 failed: server closed the connection unexpectedly
	This probably means the server terminated abnormally
	before or while processing the request.

2026-04-08 17:52:33,554 | INFO | DBManager | ✅ Пул подключений создан (схема: public).
2026-04-08 17:52:33,555 | INFO | DBManager | DBManager инициализирован. Готов сосать... то есть, работать с БД.
2026-04-08 17:52:33,605 | ERROR | DBManager | ❌ Ошибка получения UID: relation "instruments" does not exist
LINE 2:     SELECT uid FROM instruments WHERE ticker = 'SBER'
                            ^
Traceback (most recent call last):
  File "C:\Users\Khanin Maksim\PycharmProjects\honeyProject\docker\data_loader\db_manager.py", line 237, in get_uid_by_ticker
    cur.execute(Q.GET_UID_BY_TICKER, (ticker,))
psycopg2.errors.UndefinedTable: relation "instruments" does not exist
LINE 2:     SELECT uid FROM instruments WHERE ticker = 'SBER'
                            ^

2026-04-08 17:52:36,591 | INFO | DBManager | 📦 Массовое сохранение 1 инструментов...
2026-04-08 17:52:36,660 | WARNING | DBManager | ⚠️ Не удалось сохранить SBER: relation "instruments" does not exist
LINE 2:     INSERT INTO instruments 
                        ^

2026-04-08 17:52:36,713 | INFO | DBManager | ✅ Сохранено 0 из 1 инструментов.
2026-04-08 17:52:36,756 | ERROR | DBManager | ❌ Ошибка получения последней даты: relation "candles" does not exist
LINE 2:     SELECT MAX(time) FROM candles
                                  ^
Traceback (most recent call last):
  File "C:\Users\Khanin Maksim\PycharmProjects\honeyProject\docker\data_loader\db_manager.py", line 302, in get_last_candle_date
    cur.execute(Q.GET_LAST_CANDLE_DATE, (ticker, timeframe))
psycopg2.errors.UndefinedTable: relation "candles" does not exist
LINE 2:     SELECT MAX(time) FROM candles
                                  ^

2026-04-08 17:52:37,192 | INFO | DBManager | 💾 Сохранение 500 свечей в БД...
2026-04-08 17:52:37,302 | ERROR | DBManager | ❌ Ошибка сохранения свечей: relation "candles" does not exist
LINE 2:     INSERT INTO candles 
                        ^
Traceback (most recent call last):
  File "C:\Users\Khanin Maksim\PycharmProjects\honeyProject\docker\data_loader\db_manager.py", line 282, in save_candles
    execute_values(
  File "C:\Users\Khanin Maksim\AppData\Local\Programs\Python\Python312\Lib\site-packages\psycopg2\extras.py", line 1299, in execute_values
    cur.execute(b''.join(parts))
psycopg2.errors.UndefinedTable: relation "candles" does not exist
LINE 2:     INSERT INTO candles 
                        ^

2026-04-08 17:52:37,383 | INFO | DBManager | 💾 Сохранение 73 свечей в БД...
2026-04-08 17:52:37,440 | ERROR | DBManager | ❌ Ошибка сохранения свечей: relation "candles" does not exist
LINE 2:     INSERT INTO candles 
                        ^
Traceback (most recent call last):
  File "C:\Users\Khanin Maksim\PycharmProjects\honeyProject\docker\data_loader\db_manager.py", line 282, in save_candles
    execute_values(
  File "C:\Users\Khanin Maksim\AppData\Local\Programs\Python\Python312\Lib\site-packages\psycopg2\extras.py", line 1299, in execute_values
    cur.execute(b''.join(parts))
psycopg2.errors.UndefinedTable: relation "candles" does not exist
LINE 2:     INSERT INTO candles 
                        ^

2026-04-08 17:52:37,500 | INFO | DBManager | 🔌 Все подключения к БД закрыты.
2026-04-08 17:59:52,842 | ERROR | DBManager | ❌ Пиздец при создании пула: connection to server at "127.0.0.1", port 5432 failed: server closed the connection unexpectedly
	This probably means the server terminated abnormally
	before or while processing the request.
Traceback (most recent call last):
  File "C:\Users\Khanin Maksim\PycharmProjects\honeyProject\docker\data_loader\db_manager.py", line 84, in _init_pool
    self.conn_pool = pool.SimpleConnectionPool(
                     ^^^^^^^^^^^^^^^^^^^^^^^^^^
  File "C:\Users\Khanin Maksim\AppData\Local\Programs\Python\Python312\Lib\site-packages\psycopg2\pool.py", line 59, in __init__
    self._connect()
  File "C:\Users\Khanin Maksim\AppData\Local\Programs\Python\Python312\Lib\site-packages\psycopg2\pool.py", line 63, in _connect
    conn = psycopg2.connect(*self._args, **self._kwargs)
           ^^^^^^^^^^^^^^^^^^^^^^^^^^^^^^^^^^^^^^^^^^^^^
  File "C:\Users\Khanin Maksim\AppData\Local\Programs\Python\Python312\Lib\site-packages\psycopg2\__init__.py", line 135, in connect
    conn = _connect(dsn, connection_factory=connection_factory, **kwasync)
           ^^^^^^^^^^^^^^^^^^^^^^^^^^^^^^^^^^^^^^^^^^^^^^^^^^^^^^^^^^^^^^^
psycopg2.OperationalError: connection to server at "127.0.0.1", port 5432 failed: server closed the connection unexpectedly
	This probably means the server terminated abnormally
	before or while processing the request.

2026-04-08 17:59:58,679 | INFO | DBManager | ✅ Пул подключений создан (схема: tink).
2026-04-08 17:59:58,874 | INFO | DBManager | ✅ Схема 'tink' создана/проверена.
2026-04-08 17:59:58,876 | INFO | DBManager | DBManager инициализирован. Готов сосать... то есть, работать с БД.
2026-04-08 17:59:59,344 | INFO | DBManager | 💾 Сохранение 12 свечей в БД...
2026-04-08 17:59:59,416 | INFO | DBManager | ✅ Сохранено/обновлено 12 свечей.
2026-04-08 17:59:59,469 | INFO | DBManager | 🔌 Все подключения к БД закрыты.
2026-04-08 18:00:16,143 | INFO | DBManager | ✅ Пул подключений создан (схема: tink).
2026-04-08 18:00:16,349 | INFO | DBManager | ✅ Схема 'tink' создана/проверена.
2026-04-08 18:00:16,351 | INFO | DBManager | DBManager инициализирован. Готов сосать... то есть, работать с БД.
2026-04-08 18:00:16,798 | INFO | DBManager | 💾 Сохранение 12 свечей в БД...
2026-04-08 18:00:16,883 | INFO | DBManager | ✅ Сохранено/обновлено 12 свечей.
2026-04-08 18:00:16,936 | INFO | DBManager | 🔌 Все подключения к БД закрыты.
2026-04-08 18:05:27,690 | INFO | DBManager | ✅ Пул подключений создан (схема: tink).
2026-04-08 18:05:27,952 | INFO | DBManager | ✅ Схема 'tink' создана/проверена.
2026-04-08 18:05:27,954 | INFO | DBManager | DBManager инициализирован. Готов сосать... то есть, работать с БД.
2026-04-08 18:05:28,405 | INFO | DBManager | 💾 Сохранение 5 свечей в БД...
2026-04-08 18:05:28,496 | INFO | DBManager | ✅ Сохранено/обновлено 5 свечей.
2026-04-08 18:05:28,553 | INFO | DBManager | 🔌 Все подключения к БД закрыты.
2026-04-08 18:05:48,722 | INFO | DBManager | ✅ Пул подключений создан (схема: tink).
2026-04-08 18:05:49,185 | INFO | DBManager | ✅ Схема 'tink' создана/проверена.
2026-04-08 18:05:49,186 | INFO | DBManager | DBManager инициализирован. Готов сосать... то есть, работать с БД.
2026-04-08 18:05:49,667 | INFO | DBManager | 💾 Сохранение 5 свечей в БД...
2026-04-08 18:05:49,743 | INFO | DBManager | ✅ Сохранено/обновлено 5 свечей.
2026-04-08 18:05:49,795 | INFO | DBManager | 🔌 Все подключения к БД закрыты.
2026-04-08 18:13:22,984 | ERROR | DBManager | ❌ Пиздец при создании пула: connection to server at "127.0.0.1", port 5432 failed: server closed the connection unexpectedly
	This probably means the server terminated abnormally
	before or while processing the request.
Traceback (most recent call last):
  File "C:\Users\Khanin Maksim\PycharmProjects\honeyProject\docker\data_loader\db_manager.py", line 84, in _init_pool
    self.conn_pool = pool.SimpleConnectionPool(
                     ^^^^^^^^^^^^^^^^^^^^^^^^^^
  File "C:\Users\Khanin Maksim\AppData\Local\Programs\Python\Python312\Lib\site-packages\psycopg2\pool.py", line 59, in __init__
    self._connect()
  File "C:\Users\Khanin Maksim\AppData\Local\Programs\Python\Python312\Lib\site-packages\psycopg2\pool.py", line 63, in _connect
    conn = psycopg2.connect(*self._args, **self._kwargs)
           ^^^^^^^^^^^^^^^^^^^^^^^^^^^^^^^^^^^^^^^^^^^^^
  File "C:\Users\Khanin Maksim\AppData\Local\Programs\Python\Python312\Lib\site-packages\psycopg2\__init__.py", line 135, in connect
    conn = _connect(dsn, connection_factory=connection_factory, **kwasync)
           ^^^^^^^^^^^^^^^^^^^^^^^^^^^^^^^^^^^^^^^^^^^^^^^^^^^^^^^^^^^^^^^
psycopg2.OperationalError: connection to server at "127.0.0.1", port 5432 failed: server closed the connection unexpectedly
	This probably means the server terminated abnormally
	before or while processing the request.

2026-04-08 18:13:28,352 | INFO | DBManager | ✅ Пул подключений создан (схема: tink).
2026-04-08 18:13:28,568 | INFO | DBManager | ✅ Схема 'tink' создана/проверена.
2026-04-08 18:13:28,569 | INFO | DBManager | DBManager инициализирован. Готов сосать... то есть, работать с БД.
2026-04-08 18:13:29,062 | INFO | DBManager | 💾 Сохранение 5 свечей в БД...
2026-04-08 18:13:29,147 | INFO | DBManager | ✅ Сохранено/обновлено 5 свечей.
2026-04-08 18:13:29,200 | INFO | DBManager | 🔌 Все подключения к БД закрыты.
2026-04-08 18:13:47,131 | INFO | DBManager | ✅ Пул подключений создан (схема: tink).
2026-04-08 18:13:47,354 | INFO | DBManager | ✅ Схема 'tink' создана/проверена.
2026-04-08 18:13:47,355 | INFO | DBManager | DBManager инициализирован. Готов сосать... то есть, работать с БД.
2026-04-08 18:13:47,792 | INFO | DBManager | 💾 Сохранение 5 свечей в БД...
2026-04-08 18:13:47,872 | INFO | DBManager | ✅ Сохранено/обновлено 5 свечей.
2026-04-08 18:13:47,927 | INFO | DBManager | 🔌 Все подключения к БД закрыты.
2026-04-08 18:20:50,438 | ERROR | DBManager | ❌ Пиздец при создании пула: connection to server at "localhost" (::1), port 5432 failed: server closed the connection unexpectedly
	This probably means the server terminated abnormally
	before or while processing the request.
Traceback (most recent call last):
  File "C:\Users\Khanin Maksim\PycharmProjects\honeyProject\docker\data_loader\db_manager.py", line 84, in _init_pool
    self.conn_pool = pool.SimpleConnectionPool(
                     ^^^^^^^^^^^^^^^^^^^^^^^^^^
  File "C:\Users\Khanin Maksim\AppData\Local\Programs\Python\Python312\Lib\site-packages\psycopg2\pool.py", line 59, in __init__
    self._connect()
  File "C:\Users\Khanin Maksim\AppData\Local\Programs\Python\Python312\Lib\site-packages\psycopg2\pool.py", line 63, in _connect
    conn = psycopg2.connect(*self._args, **self._kwargs)
           ^^^^^^^^^^^^^^^^^^^^^^^^^^^^^^^^^^^^^^^^^^^^^
  File "C:\Users\Khanin Maksim\AppData\Local\Programs\Python\Python312\Lib\site-packages\psycopg2\__init__.py", line 135, in connect
    conn = _connect(dsn, connection_factory=connection_factory, **kwasync)
           ^^^^^^^^^^^^^^^^^^^^^^^^^^^^^^^^^^^^^^^^^^^^^^^^^^^^^^^^^^^^^^^
psycopg2.OperationalError: connection to server at "localhost" (::1), port 5432 failed: server closed the connection unexpectedly
	This probably means the server terminated abnormally
	before or while processing the request.

2026-04-08 18:20:58,409 | ERROR | DBManager | ❌ Пиздец при создании пула: connection to server at "localhost" (::1), port 5432 failed: fe_sendauth: no password supplied
Traceback (most recent call last):
  File "C:\Users\Khanin Maksim\PycharmProjects\honeyProject\docker\data_loader\db_manager.py", line 84, in _init_pool
    self.conn_pool = pool.SimpleConnectionPool(
                     ^^^^^^^^^^^^^^^^^^^^^^^^^^
  File "C:\Users\Khanin Maksim\AppData\Local\Programs\Python\Python312\Lib\site-packages\psycopg2\pool.py", line 59, in __init__
    self._connect()
  File "C:\Users\Khanin Maksim\AppData\Local\Programs\Python\Python312\Lib\site-packages\psycopg2\pool.py", line 63, in _connect
    conn = psycopg2.connect(*self._args, **self._kwargs)
           ^^^^^^^^^^^^^^^^^^^^^^^^^^^^^^^^^^^^^^^^^^^^^
  File "C:\Users\Khanin Maksim\AppData\Local\Programs\Python\Python312\Lib\site-packages\psycopg2\__init__.py", line 135, in connect
    conn = _connect(dsn, connection_factory=connection_factory, **kwasync)
           ^^^^^^^^^^^^^^^^^^^^^^^^^^^^^^^^^^^^^^^^^^^^^^^^^^^^^^^^^^^^^^^
psycopg2.OperationalError: connection to server at "localhost" (::1), port 5432 failed: fe_sendauth: no password supplied

2026-04-08 18:22:30,322 | INFO | DBManager | ✅ Пул подключений создан (схема: tink).
2026-04-08 18:22:30,526 | INFO | DBManager | ✅ Схема 'tink' создана/проверена.
2026-04-08 18:22:30,527 | INFO | DBManager | DBManager инициализирован. Готов сосать... то есть, работать с БД.
2026-04-08 18:22:30,977 | INFO | DBManager | 💾 Сохранение 5 свечей в БД...
2026-04-08 18:22:31,051 | INFO | DBManager | ✅ Сохранено/обновлено 5 свечей.
2026-04-08 18:22:31,106 | INFO | DBManager | 🔌 Все подключения к БД закрыты.
2026-04-08 18:22:46,847 | INFO | DBManager | ✅ Пул подключений создан (схема: tink).
2026-04-08 18:22:47,058 | INFO | DBManager | ✅ Схема 'tink' создана/проверена.
2026-04-08 18:22:47,059 | INFO | DBManager | DBManager инициализирован. Готов сосать... то есть, работать с БД.
2026-04-08 18:22:47,204 | INFO | DBManager | 🔌 Все подключения к БД закрыты.
2026-04-08 18:22:51,338 | INFO | DBManager | ✅ Пул подключений создан (схема: tink).
2026-04-08 18:22:51,567 | INFO | DBManager | ✅ Схема 'tink' создана/проверена.
2026-04-08 18:22:51,567 | INFO | DBManager | DBManager инициализирован. Готов сосать... то есть, работать с БД.
2026-04-08 18:22:51,968 | INFO | DBManager | 💾 Сохранение 13 свечей в БД...
2026-04-08 18:22:52,043 | INFO | DBManager | ✅ Сохранено/обновлено 13 свечей.
2026-04-08 18:22:52,098 | INFO | DBManager | 🔌 Все подключения к БД закрыты.
2026-04-08 18:29:56,478 | ERROR | DBManager | ❌ Пиздец при создании пула: connection to server at "127.0.0.1", port 5432 failed: server closed the connection unexpectedly
	This probably means the server terminated abnormally
	before or while processing the request.
Traceback (most recent call last):
  File "C:\Users\Khanin Maksim\PycharmProjects\honeyProject\docker\data_loader\db_manager.py", line 84, in _init_pool
    self.conn_pool = pool.SimpleConnectionPool(
                     ^^^^^^^^^^^^^^^^^^^^^^^^^^
  File "C:\Users\Khanin Maksim\AppData\Local\Programs\Python\Python312\Lib\site-packages\psycopg2\pool.py", line 59, in __init__
    self._connect()
  File "C:\Users\Khanin Maksim\AppData\Local\Programs\Python\Python312\Lib\site-packages\psycopg2\pool.py", line 63, in _connect
    conn = psycopg2.connect(*self._args, **self._kwargs)
           ^^^^^^^^^^^^^^^^^^^^^^^^^^^^^^^^^^^^^^^^^^^^^
  File "C:\Users\Khanin Maksim\AppData\Local\Programs\Python\Python312\Lib\site-packages\psycopg2\__init__.py", line 135, in connect
    conn = _connect(dsn, connection_factory=connection_factory, **kwasync)
           ^^^^^^^^^^^^^^^^^^^^^^^^^^^^^^^^^^^^^^^^^^^^^^^^^^^^^^^^^^^^^^^
psycopg2.OperationalError: connection to server at "127.0.0.1", port 5432 failed: server closed the connection unexpectedly
	This probably means the server terminated abnormally
	before or while processing the request.

2026-04-08 18:30:03,605 | INFO | DBManager | ✅ Пул подключений создан (схема: tink).
2026-04-08 18:30:03,898 | INFO | DBManager | ✅ Схема 'tink' создана/проверена.
2026-04-08 18:30:03,900 | INFO | DBManager | DBManager инициализирован. Готов сосать... то есть, работать с БД.
2026-04-08 18:30:04,394 | INFO | DBManager | 💾 Сохранение 13 свечей в БД...
2026-04-08 18:30:04,486 | INFO | DBManager | ✅ Сохранено/обновлено 13 свечей.
2026-04-08 18:30:05,281 | INFO | DBManager | 🔌 Все подключения к БД закрыты.
2026-04-08 18:35:34,720 | INFO | DBManager | ✅ Пул подключений создан (схема: tink).
2026-04-08 18:35:34,913 | INFO | DBManager | ✅ Схема 'tink' создана/проверена.
2026-04-08 18:35:34,915 | INFO | DBManager | DBManager инициализирован. Готов сосать... то есть, работать с БД.
2026-04-08 18:35:35,383 | INFO | DBManager | 💾 Сохранение 13 свечей в БД...
2026-04-08 18:35:35,457 | INFO | DBManager | ✅ Сохранено/обновлено 13 свечей.
2026-04-08 18:35:35,959 | INFO | DBManager | 🔌 Все подключения к БД закрыты.
2026-04-08 19:11:48,181 | ERROR | DBManager | ❌ Пиздец при создании пула: connection to server at "127.0.0.1", port 5432 failed: server closed the connection unexpectedly
	This probably means the server terminated abnormally
	before or while processing the request.
Traceback (most recent call last):
  File "C:\Users\Khanin Maksim\PycharmProjects\honeyProject\docker\data_loader\db_manager.py", line 84, in _init_pool
    self.conn_pool = pool.SimpleConnectionPool(
                     ^^^^^^^^^^^^^^^^^^^^^^^^^^
  File "C:\Users\Khanin Maksim\AppData\Local\Programs\Python\Python312\Lib\site-packages\psycopg2\pool.py", line 59, in __init__
    self._connect()
  File "C:\Users\Khanin Maksim\AppData\Local\Programs\Python\Python312\Lib\site-packages\psycopg2\pool.py", line 63, in _connect
    conn = psycopg2.connect(*self._args, **self._kwargs)
           ^^^^^^^^^^^^^^^^^^^^^^^^^^^^^^^^^^^^^^^^^^^^^
  File "C:\Users\Khanin Maksim\AppData\Local\Programs\Python\Python312\Lib\site-packages\psycopg2\__init__.py", line 135, in connect
    conn = _connect(dsn, connection_factory=connection_factory, **kwasync)
           ^^^^^^^^^^^^^^^^^^^^^^^^^^^^^^^^^^^^^^^^^^^^^^^^^^^^^^^^^^^^^^^
psycopg2.OperationalError: connection to server at "127.0.0.1", port 5432 failed: server closed the connection unexpectedly
	This probably means the server terminated abnormally
	before or while processing the request.

2026-04-08 19:11:54,684 | INFO | DBManager | ✅ Пул подключений создан (схема: tink).
2026-04-08 19:11:54,844 | INFO | DBManager | ✅ Схема 'tink' создана/проверена.
2026-04-08 19:11:54,845 | INFO | DBManager | DBManager инициализирован. Готов сосать... то есть, работать с БД.
2026-04-08 19:11:55,264 | INFO | DBManager | 💾 Сохранение 14 свечей в БД...
2026-04-08 19:11:55,345 | INFO | DBManager | ✅ Сохранено/обновлено 14 свечей.
2026-04-08 19:11:55,870 | INFO | DBManager | 🔌 Все подключения к БД закрыты.
