2026-04-08 17:45:15,495 | INFO | PriceLoader.SBER.1h | 🔄 Загрузка инкремента: SBER/1h
2026-04-08 17:45:18,780 | INFO | PriceLoader.SBER.1h | UID получен от брокера: e6123145-9665-43e0-8413-cd61b8aa9b13
2026-04-08 17:45:19,706 | INFO | PriceLoader.SBER.1h | ✅ Загружено 573, сохранено 0 свечей
2026-04-08 17:52:33,560 | INFO | PriceLoader.SBER.1h | 🔄 Загрузка инкремента: SBER/1h
2026-04-08 17:52:36,713 | INFO | PriceLoader.SBER.1h | UID получен от брокера: e6123145-9665-43e0-8413-cd61b8aa9b13
2026-04-08 17:52:37,499 | INFO | PriceLoader.SBER.1h | ✅ Загружено 573, сохранено 0 свечей
2026-04-08 17:59:58,881 | INFO | PriceLoader.SBER.1h | 🔄 Загрузка инкремента: SBER/1h
2026-04-08 17:59:59,468 | INFO | PriceLoader.SBER.1h | ✅ Загружено 12, сохранено 12 свечей
2026-04-08 18:00:16,355 | INFO | PriceLoader.SBER.1h | 🔄 Загрузка инкремента: SBER/1h
2026-04-08 18:00:16,935 | INFO | PriceLoader.SBER.1h | ✅ Загружено 12, сохранено 12 свечей
2026-04-08 18:05:27,959 | INFO | PriceLoader.SBER.1d | 🔄 Загрузка инкремента: SBER/1d
2026-04-08 18:05:28,550 | INFO | PriceLoader.SBER.1d | ✅ Загружено 5, сохранено 5 свечей
2026-04-08 18:05:49,187 | INFO | PriceLoader.SBER.1d | 🔄 Загрузка инкремента: SBER/1d
2026-04-08 18:05:49,795 | INFO | PriceLoader.SBER.1d | ✅ Загружено 5, сохранено 5 свечей
2026-04-08 18:13:28,574 | INFO | PriceLoader.SBER.1d | 🔄 Загрузка инкремента: SBER/1d
2026-04-08 18:13:29,199 | INFO | PriceLoader.SBER.1d | ✅ Загружено 5, сохранено 5 свечей
2026-04-08 18:13:47,360 | INFO | PriceLoader.SBER.1d | 🔄 Загрузка инкремента: SBER/1d
2026-04-08 18:13:47,925 | INFO | PriceLoader.SBER.1d | ✅ Загружено 5, сохранено 5 свечей
2026-04-08 18:22:30,530 | INFO | PriceLoader.SBER.1d | 🔄 Загрузка инкремента: SBER/1d
2026-04-08 18:22:31,105 | INFO | PriceLoader.SBER.1d | ✅ Загружено 5, сохранено 5 свечей
2026-04-08 18:22:47,065 | INFO | PriceLoader.SBER.1р | 🔄 Загрузка инкремента: SBER/1р
2026-04-08 18:22:47,194 | ERROR | PriceLoader.SBER.1р | ❌ Ошибка загрузки: ValueError: ❌ Неподдерживаемый таймфрейм: 1р. Доступные: [<Timeframe.M1: '1m'>, <Timeframe.M5: '5m'>, <Timeframe.M15: '15m'>, <Timeframe.H1: '1h'>, <Timeframe.D1: '1d'>, <Timeframe.W1: '1w'>]
Traceback (most recent call last):
  File "C:\Users\Khanin Maksim\PycharmProjects\honeyProject\docker\data_loader\price_loader.py", line 99, in load_incremental
    candles = await self.broker.load_historical_data(
              ^^^^^^^^^^^^^^^^^^^^^^^^^^^^^^^^^^^^^^^
  File "C:\Users\Khanin Maksim\PycharmProjects\honeyProject\docker\data_loader\T_con.py", line 251, in load_historical_data
    raise ValueError(f"❌ Неподдерживаемый таймфрейм: {timeframe}. Доступные: {list(TIMEFRAMES.keys())}")
ValueError: ❌ Неподдерживаемый таймфрейм: 1р. Доступные: [<Timeframe.M1: '1m'>, <Timeframe.M5: '5m'>, <Timeframe.M15: '15m'>, <Timeframe.H1: '1h'>, <Timeframe.D1: '1d'>, <Timeframe.W1: '1w'>]
2026-04-08 18:22:51,569 | INFO | PriceLoader.SBER.1h | 🔄 Загрузка инкремента: SBER/1h
2026-04-08 18:22:52,096 | INFO | PriceLoader.SBER.1h | ✅ Загружено 13, сохранено 13 свечей
2026-04-08 18:30:03,906 | INFO | PriceLoader.SBER.1h | 🔄 Загрузка инкремента: SBER/1h
2026-04-08 18:30:04,540 | INFO | PriceLoader.SBER.1h | ✅ Загружено 13, сохранено 13 свечей
2026-04-08 18:35:34,920 | INFO | PriceLoader.SBER.1h | 🔄 Загрузка инкремента: SBER/1h
2026-04-08 18:35:35,510 | INFO | PriceLoader.SBER.1h | ✅ Загружено 13, сохранено 13 свечей
2026-04-08 19:11:54,850 | INFO | PriceLoader.SBER.1h | 🔄 Загрузка инкремента: SBER/1h
2026-04-08 19:11:55,399 | INFO | PriceLoader.SBER.1h | ✅ Загружено 14, сохранено 14 свечей
