2026-04-07 13:28:38,664 | ERROR | TConnector | ❌ Ошибка получения списка аккаунтов: (<StatusCode.UNAVAILABLE: (14, 'unavailable')>, 'DNS resolution failed for invest-public-api.tinkoff.ru: UNAVAILABLE: getaddrinfo: WSA Error (No such host is known.\r\n -- 11001)', None)
Traceback (most recent call last):
  File "C:\Users\Khanin Maksim\AppData\Local\Programs\Python\Python312\Lib\site-packages\t_tech\invest\_errors.py", line 89, in wrapper
    return await func(*args, **kwargs)
           ^^^^^^^^^^^^^^^^^^^^^^^^^^^
  File "C:\Users\Khanin Maksim\AppData\Local\Programs\Python\Python312\Lib\site-packages\t_tech\invest\async_services.py", line 1826, in get_accounts
    response = await response_coro
               ^^^^^^^^^^^^^^^^^^^
  File "C:\Users\Khanin Maksim\AppData\Local\Programs\Python\Python312\Lib\site-packages\grpc\aio\_call.py", line 327, in __await__
    raise _create_rpc_error(
grpc.aio._call.AioRpcError: <AioRpcError of RPC that terminated with:
	status = StatusCode.UNAVAILABLE
	details = "DNS resolution failed for invest-public-api.tinkoff.ru: UNAVAILABLE: getaddrinfo: WSA Error (No such host is known.
 -- 11001)"
	debug_error_string = "UNKNOWN:Error received from peer  {grpc_status:14, grpc_message:"DNS resolution failed for invest-public-api.tinkoff.ru: UNAVAILABLE: getaddrinfo: WSA Error (No such host is known.\r\n -- 11001)"}"
>

The above exception was the direct cause of the following exception:

Traceback (most recent call last):
  File "C:\Users\Khanin Maksim\PycharmProjects\honeyProject\docker\data_loader\T_con.py", line 543, in get_all_accounts
    response = await client.users.get_accounts()
               ^^^^^^^^^^^^^^^^^^^^^^^^^^^^^^^^^
  File "C:\Users\Khanin Maksim\AppData\Local\Programs\Python\Python312\Lib\site-packages\t_tech\invest\_errors.py", line 104, in wrapper
    raise AioRequestError(status_code, details, metadata) from e
t_tech.invest.exceptions.AioRequestError: (<StatusCode.UNAVAILABLE: (14, 'unavailable')>, 'DNS resolution failed for invest-public-api.tinkoff.ru: UNAVAILABLE: getaddrinfo: WSA Error (No such host is known.\r\n -- 11001)', None)
