2026-03-23 20:36:18,316 | INFO | ConfigManager | ConfigManager инициализирован: app/config.yaml
2026-03-23 20:36:18,435 | INFO | AdminUI | 🚀 Admin UI v3.0 (3 страницы) на 0.0.0.0:8000
2026-03-23 20:58:46,205 | INFO | AdminUI | 🚀 Admin UI v3.0 (3 страницы) на 0.0.0.0:8000
2026-03-23 20:59:10,475 | INFO | ConfigManager | ConfigManager инициализирован: app/config.yaml
2026-03-23 20:59:11,400 | INFO | AdminUI | 🚀 Admin UI v3.0 (3 страницы) на 0.0.0.0:8000
2026-03-24 10:20:50,433 | INFO | ConfigManager | ConfigManager инициализирован: app/config.yaml
2026-03-24 10:27:57,276 | INFO | ConfigManager | ConfigManager инициализирован: app/config.yaml
2026-03-24 10:28:15,641 | INFO | ConfigManager | ConfigManager инициализирован: app/config.yaml
2026-03-24 10:28:15,752 | INFO | AdminUI | 🚀 Admin UI v4.1 (без циклических импортов) на 0.0.0.0:8000
2026-03-24 10:35:23,025 | INFO | ConfigManager | ConfigManager инициализирован: app/config.yaml
2026-03-24 10:35:23,147 | INFO | AdminUI | 🚀 Admin UI v4.1 (без циклических импортов) на 0.0.0.0:8000
2026-03-24 10:41:47,955 | INFO | ConfigManager | ConfigManager инициализирован: app/config.yaml
2026-03-24 10:41:48,060 | INFO | AdminUI | 🚀 Admin UI v4.1 (без циклических импортов) на 0.0.0.0:8000
2026-03-24 10:43:50,423 | INFO | ConfigManager | ConfigManager инициализирован: app/config.yaml
2026-03-24 10:43:50,539 | INFO | AdminUI | 🚀 Admin UI v4.1 (без циклических импортов) на 0.0.0.0:8000
2026-03-24 10:44:11,852 | INFO | ConfigManager | ConfigManager инициализирован: app/config.yaml
2026-03-24 10:44:11,960 | INFO | AdminUI | 🚀 Admin UI v4.1 (без циклических импортов) на 0.0.0.0:8000
2026-03-24 10:46:08,756 | INFO | ConfigManager | ConfigManager инициализирован: app/config.yaml
2026-03-24 10:46:08,865 | INFO | AdminUI | 🚀 Admin UI v4.1 (без циклических импортов) на 0.0.0.0:8000
2026-03-24 10:48:28,351 | INFO | ConfigManager | ConfigManager инициализирован: app/config.yaml
2026-03-24 10:48:28,454 | INFO | AdminUI | 🚀 Admin UI v4.1 (без циклических импортов) на 0.0.0.0:8000
2026-03-24 10:54:45,085 | INFO | ConfigManager | ConfigManager инициализирован: app/config.yaml
2026-03-24 10:54:45,206 | INFO | AdminUI | 🚀 Admin UI v4.1 (без циклических импортов) на 0.0.0.0:8000
2026-03-24 10:58:12,616 | INFO | ConfigManager | ConfigManager инициализирован: app/config.yaml
2026-03-24 10:58:12,751 | INFO | AdminUI | 🚀 Admin UI v4.1 (без циклических импортов) на 0.0.0.0:8000
2026-03-24 10:59:07,162 | INFO | ConfigManager | ConfigManager инициализирован: app/config.yaml
2026-03-24 10:59:07,275 | INFO | AdminUI | 🚀 Admin UI v4.1 (без циклических импортов) на 0.0.0.0:8000
2026-03-24 11:02:44,189 | INFO | ConfigManager | ConfigManager инициализирован: app/config.yaml
2026-03-24 11:02:44,319 | INFO | AdminUI | 🚀 Admin UI v4.1 (без циклических импортов) на 0.0.0.0:8000
2026-03-24 11:04:27,569 | INFO | ConfigManager | ConfigManager инициализирован: app/config.yaml
2026-03-24 11:04:27,684 | INFO | AdminUI | 🚀 Admin UI v4.1 (без циклических импортов) на 0.0.0.0:8000
2026-03-24 11:20:24,082 | INFO | ConfigManager | ConfigManager инициализирован: app/config.yaml
2026-03-24 11:20:24,185 | INFO | AdminUI | 🚀 Admin UI v4.1 (без циклических импортов) на 0.0.0.0:8000
2026-03-24 11:21:05,109 | INFO | ConfigManager | ConfigManager инициализирован: app/config.yaml
2026-03-24 11:21:05,222 | INFO | AdminUI | 🚀 Admin UI v4.1 (без циклических импортов) на 0.0.0.0:8000
2026-03-24 14:45:05,394 | INFO | ConfigManager | ConfigManager инициализирован: config.yaml
2026-03-24 14:45:05,424 | ERROR | DBManager | Ошибка создания пула подключений: connection to server at "127.0.0.1", port 5432 failed: server closed the connection unexpectedly
	This probably means the server terminated abnormally
	before or while processing the request.
Traceback (most recent call last):
  File "C:\Users\Khanin Maksim\PycharmProjects\honeyProject\docker\data_loader\db_manager.py", line 49, in _init_pool
    self.conn_pool = pool.SimpleConnectionPool(
                     ^^^^^^^^^^^^^^^^^^^^^^^^^^
  File "C:\Users\Khanin Maksim\AppData\Local\Programs\Python\Python312\Lib\site-packages\psycopg2\pool.py", line 59, in __init__
    self._connect()
  File "C:\Users\Khanin Maksim\AppData\Local\Programs\Python\Python312\Lib\site-packages\psycopg2\pool.py", line 63, in _connect
    conn = psycopg2.connect(*self._args, **self._kwargs)
           ^^^^^^^^^^^^^^^^^^^^^^^^^^^^^^^^^^^^^^^^^^^^^
  File "C:\Users\Khanin Maksim\AppData\Local\Programs\Python\Python312\Lib\site-packages\psycopg2\__init__.py", line 135, in connect
    conn = _connect(dsn, connection_factory=connection_factory, **kwasync)
           ^^^^^^^^^^^^^^^^^^^^^^^^^^^^^^^^^^^^^^^^^^^^^^^^^^^^^^^^^^^^^^^
psycopg2.OperationalError: connection to server at "127.0.0.1", port 5432 failed: server closed the connection unexpectedly
	This probably means the server terminated abnormally
	before or while processing the request.

2026-03-24 14:45:19,344 | INFO | ConfigManager | ConfigManager инициализирован: config.yaml
2026-03-24 14:45:19,423 | INFO | DBManager | Пул подключений создан (схема: tink).
2026-03-24 14:45:19,423 | INFO | DBManager | DBManager инициализирован успешно.
2026-03-24 14:50:15,760 | INFO | ConfigManager | ConfigManager инициализирован: config.yaml
2026-03-24 14:50:15,839 | INFO | DBManager | Пул подключений создан (схема: tink).
2026-03-24 14:50:15,839 | INFO | DBManager | DBManager инициализирован успешно.
2026-03-24 14:53:52,104 | INFO | ConfigManager | ConfigManager инициализирован: config.yaml
2026-03-24 14:53:52,182 | INFO | DBManager | Пул подключений создан (схема: tink).
2026-03-24 14:53:52,182 | INFO | DBManager | DBManager инициализирован успешно.
2026-03-24 14:54:20,604 | INFO | ConfigManager | ConfigManager инициализирован: config.yaml
2026-03-24 14:54:20,685 | INFO | DBManager | Пул подключений создан (схема: tink).
2026-03-24 14:54:20,685 | INFO | DBManager | DBManager инициализирован успешно.
2026-03-24 15:00:18,798 | INFO | ConfigManager | ConfigManager инициализирован: config.yaml
2026-03-24 15:00:18,883 | INFO | DBManager | Пул подключений создан (схема: tink).
2026-03-24 15:00:18,883 | INFO | DBManager | DBManager инициализирован успешно.
2026-03-24 17:22:45,751 | INFO | ConfigManager | ConfigManager инициализирован: config.yaml
2026-03-24 17:22:46,758 | ERROR | DBManager | Ошибка создания пула подключений: connection to server at "127.0.0.1", port 5432 failed: Connection refused (0x0000274D/10061)
	Is the server running on that host and accepting TCP/IP connections?
Traceback (most recent call last):
  File "C:\Users\Khanin Maksim\PycharmProjects\honeyProject\docker\data_loader\db_manager.py", line 49, in _init_pool
    self.conn_pool = pool.SimpleConnectionPool(
                     ^^^^^^^^^^^^^^^^^^^^^^^^^^
  File "C:\Users\Khanin Maksim\AppData\Local\Programs\Python\Python312\Lib\site-packages\psycopg2\pool.py", line 59, in __init__
    self._connect()
  File "C:\Users\Khanin Maksim\AppData\Local\Programs\Python\Python312\Lib\site-packages\psycopg2\pool.py", line 63, in _connect
    conn = psycopg2.connect(*self._args, **self._kwargs)
           ^^^^^^^^^^^^^^^^^^^^^^^^^^^^^^^^^^^^^^^^^^^^^
  File "C:\Users\Khanin Maksim\AppData\Local\Programs\Python\Python312\Lib\site-packages\psycopg2\__init__.py", line 135, in connect
    conn = _connect(dsn, connection_factory=connection_factory, **kwasync)
           ^^^^^^^^^^^^^^^^^^^^^^^^^^^^^^^^^^^^^^^^^^^^^^^^^^^^^^^^^^^^^^^
psycopg2.OperationalError: connection to server at "127.0.0.1", port 5432 failed: Connection refused (0x0000274D/10061)
	Is the server running on that host and accepting TCP/IP connections?

2026-03-24 17:23:09,649 | INFO | ConfigManager | ConfigManager инициализирован: config.yaml
2026-03-24 17:23:09,817 | INFO | DBManager | Пул подключений создан (схема: tink).
2026-03-24 17:23:09,824 | INFO | DBManager | DBManager инициализирован успешно.
2026-03-25 05:57:04,919 | INFO | ConfigManager | ConfigManager инициализирован: ../../config.yaml
2026-03-25 05:57:04,920 | INFO | TinkoffBroker | T_connector инициализирован успешно.
2026-03-25 05:57:04,921 | INFO | TinkoffBroker | Загрузка полного реестра инструментов...
2026-03-25 05:57:05,015 | WARNING | TinkoffBroker | Не удалось загрузить категорию shares: (<StatusCode.UNAUTHENTICATED: (16, 'unauthenticated')>, '40003', Metadata(tracking_id='de8c53f5a87c7a33cab7e1e304a93c9d', ratelimit_limit='200, 200;w=60', ratelimit_remaining=199, ratelimit_reset=52, message='Authentication token is missing or invalid'))
2026-03-25 05:57:05,031 | WARNING | TinkoffBroker | Не удалось загрузить категорию bonds: (<StatusCode.UNAUTHENTICATED: (16, 'unauthenticated')>, '40003', Metadata(tracking_id='0dad604b48eaa5a9d498551ac23375aa', ratelimit_limit='200, 200;w=60', ratelimit_remaining=198, ratelimit_reset=52, message='Authentication token is missing or invalid'))
2026-03-25 05:57:05,044 | WARNING | TinkoffBroker | Не удалось загрузить категорию etfs: (<StatusCode.UNAUTHENTICATED: (16, 'unauthenticated')>, '40003', Metadata(tracking_id='1d033521c028a41e44aab6b3a2a37864', ratelimit_limit='200, 200;w=60', ratelimit_remaining=197, ratelimit_reset=52, message='Authentication token is missing or invalid'))
2026-03-25 05:57:05,072 | WARNING | TinkoffBroker | Не удалось загрузить категорию currencies: (<StatusCode.UNAUTHENTICATED: (16, 'unauthenticated')>, '40003', Metadata(tracking_id='8cc80d62610a8800074c5d0fb7c0e1d4', ratelimit_limit='200, 200;w=60', ratelimit_remaining=196, ratelimit_reset=52, message='Authentication token is missing or invalid'))
2026-03-25 05:57:05,090 | WARNING | TinkoffBroker | Не удалось загрузить категорию futures: (<StatusCode.UNAUTHENTICATED: (16, 'unauthenticated')>, '40003', Metadata(tracking_id='f0b861e5ef8dd5d4c7682537280ae123', ratelimit_limit='200, 200;w=60', ratelimit_remaining=195, ratelimit_reset=52, message='Authentication token is missing or invalid'))
2026-03-25 05:57:05,091 | INFO | TinkoffBroker | Загрузка индикативов (индексы, товары)...
2026-03-25 05:57:05,103 | WARNING | TinkoffBroker | Не удалось загрузить индикативы: (<StatusCode.UNAUTHENTICATED: (16, 'unauthenticated')>, '40003', Metadata(tracking_id='82d8c64a05fbb34e4212be891521f741', ratelimit_limit='200, 200;w=60', ratelimit_remaining=194, ratelimit_reset=52, message='Authentication token is missing or invalid'))
2026-03-25 05:57:05,104 | INFO | TinkoffBroker | Всего загружено инструментов: 0
2026-03-25 05:57:05,104 | WARNING | TinkoffBroker | Тикер SBER не найден ни в одной категории.
2026-03-25 05:57:05,106 | INFO | TinkoffBroker | Загрузка полного реестра инструментов...
2026-03-25 05:57:05,135 | WARNING | TinkoffBroker | Не удалось загрузить категорию shares: (<StatusCode.UNAUTHENTICATED: (16, 'unauthenticated')>, '40003', Metadata(tracking_id='3c71eae0855fd439eb6366105fc3affa', ratelimit_limit='200, 200;w=60', ratelimit_remaining=193, ratelimit_reset=52, message='Authentication token is missing or invalid'))
2026-03-25 05:57:05,146 | WARNING | TinkoffBroker | Не удалось загрузить категорию bonds: (<StatusCode.UNAUTHENTICATED: (16, 'unauthenticated')>, '40003', Metadata(tracking_id='23203e1a944b8db6dfe7e71d5649dedc', ratelimit_limit='200, 200;w=60', ratelimit_remaining=192, ratelimit_reset=52, message='Authentication token is missing or invalid'))
2026-03-25 05:57:05,158 | WARNING | TinkoffBroker | Не удалось загрузить категорию etfs: (<StatusCode.UNAUTHENTICATED: (16, 'unauthenticated')>, '40003', Metadata(tracking_id='26465533d0c6848ce8951515ec4a0c46', ratelimit_limit='200, 200;w=60', ratelimit_remaining=191, ratelimit_reset=52, message='Authentication token is missing or invalid'))
2026-03-25 05:57:05,170 | WARNING | TinkoffBroker | Не удалось загрузить категорию currencies: (<StatusCode.UNAUTHENTICATED: (16, 'unauthenticated')>, '40003', Metadata(tracking_id='71e37253b9329bb205226a8220eb9225', ratelimit_limit='200, 200;w=60', ratelimit_remaining=190, ratelimit_reset=52, message='Authentication token is missing or invalid'))
2026-03-25 05:57:05,182 | WARNING | TinkoffBroker | Не удалось загрузить категорию futures: (<StatusCode.UNAUTHENTICATED: (16, 'unauthenticated')>, '40003', Metadata(tracking_id='1f0e746a50abdb315605d182369b54a6', ratelimit_limit='200, 200;w=60', ratelimit_remaining=189, ratelimit_reset=52, message='Authentication token is missing or invalid'))
2026-03-25 05:57:05,182 | INFO | TinkoffBroker | Загрузка индикативов (индексы, товары)...
2026-03-25 05:57:05,193 | WARNING | TinkoffBroker | Не удалось загрузить индикативы: (<StatusCode.UNAUTHENTICATED: (16, 'unauthenticated')>, '40003', Metadata(tracking_id='9aca20bfc8770e247bc038f1e42fe0bf', ratelimit_limit='200, 200;w=60', ratelimit_remaining=188, ratelimit_reset=52, message='Authentication token is missing or invalid'))
2026-03-25 05:57:05,193 | INFO | TinkoffBroker | Всего загружено инструментов: 0
2026-03-25 05:57:05,196 | WARNING | TinkoffBroker | Тикер GAZP не найден ни в одной категории.
2026-03-25 05:57:05,197 | INFO | TinkoffBroker | Загрузка полного реестра инструментов...
2026-03-25 05:57:05,226 | WARNING | TinkoffBroker | Не удалось загрузить категорию shares: (<StatusCode.UNAUTHENTICATED: (16, 'unauthenticated')>, '40003', Metadata(tracking_id='3ba4244f78e4d6af18b6a5031bec41a3', ratelimit_limit='200, 200;w=60', ratelimit_remaining=187, ratelimit_reset=52, message='Authentication token is missing or invalid'))
2026-03-25 05:57:05,238 | WARNING | TinkoffBroker | Не удалось загрузить категорию bonds: (<StatusCode.UNAUTHENTICATED: (16, 'unauthenticated')>, '40003', Metadata(tracking_id='86100f4d80adb20c842459e541b890fd', ratelimit_limit='200, 200;w=60', ratelimit_remaining=186, ratelimit_reset=52, message='Authentication token is missing or invalid'))
2026-03-25 05:57:05,249 | WARNING | TinkoffBroker | Не удалось загрузить категорию etfs: (<StatusCode.UNAUTHENTICATED: (16, 'unauthenticated')>, '40003', Metadata(tracking_id='5b4749662635778287492bf27ea9fcfe', ratelimit_limit='200, 200;w=60', ratelimit_remaining=185, ratelimit_reset=52, message='Authentication token is missing or invalid'))
2026-03-25 05:57:05,262 | WARNING | TinkoffBroker | Не удалось загрузить категорию currencies: (<StatusCode.UNAUTHENTICATED: (16, 'unauthenticated')>, '40003', Metadata(tracking_id='1fa6ca29289fabae25a8002a5a5171ca', ratelimit_limit='200, 200;w=60', ratelimit_remaining=184, ratelimit_reset=52, message='Authentication token is missing or invalid'))
2026-03-25 05:57:05,275 | WARNING | TinkoffBroker | Не удалось загрузить категорию futures: (<StatusCode.UNAUTHENTICATED: (16, 'unauthenticated')>, '40003', Metadata(tracking_id='716ada65971def53c6c77ab1855bd0a7', ratelimit_limit='200, 200;w=60', ratelimit_remaining=183, ratelimit_reset=52, message='Authentication token is missing or invalid'))
2026-03-25 05:57:05,276 | INFO | TinkoffBroker | Загрузка индикативов (индексы, товары)...
2026-03-25 05:57:05,287 | WARNING | TinkoffBroker | Не удалось загрузить индикативы: (<StatusCode.UNAUTHENTICATED: (16, 'unauthenticated')>, '40003', Metadata(tracking_id='b2445791d844eb4246f75a29d61488e2', ratelimit_limit='200, 200;w=60', ratelimit_remaining=182, ratelimit_reset=52, message='Authentication token is missing or invalid'))
2026-03-25 05:57:05,287 | INFO | TinkoffBroker | Всего загружено инструментов: 0
2026-03-25 05:57:05,288 | WARNING | TinkoffBroker | Тикер VTBR не найден ни в одной категории.
2026-03-25 05:57:05,289 | INFO | TinkoffBroker | Загрузка полного реестра инструментов...
2026-03-25 05:57:05,315 | WARNING | TinkoffBroker | Не удалось загрузить категорию shares: (<StatusCode.UNAUTHENTICATED: (16, 'unauthenticated')>, '40003', Metadata(tracking_id='5e818e9446cbd2cbc0a1575adc3e9290', ratelimit_limit='200, 200;w=60', ratelimit_remaining=181, ratelimit_reset=52, message='Authentication token is missing or invalid'))
2026-03-25 05:57:05,326 | WARNING | TinkoffBroker | Не удалось загрузить категорию bonds: (<StatusCode.UNAUTHENTICATED: (16, 'unauthenticated')>, '40003', Metadata(tracking_id='4693b66e067d6806f95b951bb143cfe8', ratelimit_limit='200, 200;w=60', ratelimit_remaining=180, ratelimit_reset=52, message='Authentication token is missing or invalid'))
2026-03-25 05:57:05,338 | WARNING | TinkoffBroker | Не удалось загрузить категорию etfs: (<StatusCode.UNAUTHENTICATED: (16, 'unauthenticated')>, '40003', Metadata(tracking_id='8b113f324b2bf3d9f986b763fae56971', ratelimit_limit='200, 200;w=60', ratelimit_remaining=179, ratelimit_reset=52, message='Authentication token is missing or invalid'))
2026-03-25 05:57:05,350 | WARNING | TinkoffBroker | Не удалось загрузить категорию currencies: (<StatusCode.UNAUTHENTICATED: (16, 'unauthenticated')>, '40003', Metadata(tracking_id='b723287164196b85b29e03a3aed251d1', ratelimit_limit='200, 200;w=60', ratelimit_remaining=178, ratelimit_reset=52, message='Authentication token is missing or invalid'))
2026-03-25 05:57:05,362 | WARNING | TinkoffBroker | Не удалось загрузить категорию futures: (<StatusCode.UNAUTHENTICATED: (16, 'unauthenticated')>, '40003', Metadata(tracking_id='773ca8ea565a3e70659f7f8a9d66a549', ratelimit_limit='200, 200;w=60', ratelimit_remaining=177, ratelimit_reset=52, message='Authentication token is missing or invalid'))
2026-03-25 05:57:05,363 | INFO | TinkoffBroker | Загрузка индикативов (индексы, товары)...
2026-03-25 05:57:05,374 | WARNING | TinkoffBroker | Не удалось загрузить индикативы: (<StatusCode.UNAUTHENTICATED: (16, 'unauthenticated')>, '40003', Metadata(tracking_id='b19dd0c4b2ac0d51b72387c655c6bd01', ratelimit_limit='200, 200;w=60', ratelimit_remaining=176, ratelimit_reset=52, message='Authentication token is missing or invalid'))
2026-03-25 05:57:05,375 | INFO | TinkoffBroker | Всего загружено инструментов: 0
2026-03-25 05:57:05,376 | WARNING | TinkoffBroker | Тикер NONEXISTENT123 не найден ни в одной категории.
2026-03-25 05:57:05,376 | INFO | TinkoffBroker | Загрузка полного реестра инструментов...
2026-03-25 05:57:05,406 | WARNING | TinkoffBroker | Не удалось загрузить категорию shares: (<StatusCode.UNAUTHENTICATED: (16, 'unauthenticated')>, '40003', Metadata(tracking_id='dc3fac3a8cdd5b370314724e82b48cbd', ratelimit_limit='200, 200;w=60', ratelimit_remaining=175, ratelimit_reset=52, message='Authentication token is missing or invalid'))
2026-03-25 05:57:05,509 | WARNING | TinkoffBroker | Не удалось загрузить категорию bonds: (<StatusCode.UNAUTHENTICATED: (16, 'unauthenticated')>, '40003', Metadata(tracking_id='7d343460051ce9dfc38c3dc25de97d60', ratelimit_limit='200, 200;w=60', ratelimit_remaining=174, ratelimit_reset=52, message='Authentication token is missing or invalid'))
2026-03-25 05:57:05,521 | WARNING | TinkoffBroker | Не удалось загрузить категорию etfs: (<StatusCode.UNAUTHENTICATED: (16, 'unauthenticated')>, '40003', Metadata(tracking_id='30496e309fd5daa72a09adf0331b2b64', ratelimit_limit='200, 200;w=60', ratelimit_remaining=173, ratelimit_reset=52, message='Authentication token is missing or invalid'))
2026-03-25 05:57:05,532 | WARNING | TinkoffBroker | Не удалось загрузить категорию currencies: (<StatusCode.UNAUTHENTICATED: (16, 'unauthenticated')>, '40003', Metadata(tracking_id='d4cf19ec6277152a5e6a38ab2c6b3111', ratelimit_limit='200, 200;w=60', ratelimit_remaining=172, ratelimit_reset=52, message='Authentication token is missing or invalid'))
2026-03-25 05:57:05,547 | WARNING | TinkoffBroker | Не удалось загрузить категорию futures: (<StatusCode.UNAUTHENTICATED: (16, 'unauthenticated')>, '40003', Metadata(tracking_id='8bc675dcc95319261b2d65795ac7760f', ratelimit_limit='200, 200;w=60', ratelimit_remaining=171, ratelimit_reset=52, message='Authentication token is missing or invalid'))
2026-03-25 05:57:05,548 | INFO | TinkoffBroker | Загрузка индикативов (индексы, товары)...
2026-03-25 05:57:05,560 | WARNING | TinkoffBroker | Не удалось загрузить индикативы: (<StatusCode.UNAUTHENTICATED: (16, 'unauthenticated')>, '40003', Metadata(tracking_id='075e5903eb1133a1a2ddd410768fff88', ratelimit_limit='200, 200;w=60', ratelimit_remaining=170, ratelimit_reset=52, message='Authentication token is missing or invalid'))
2026-03-25 05:57:05,560 | INFO | TinkoffBroker | Всего загружено инструментов: 0
2026-03-25 05:57:05,563 | WARNING | TinkoffBroker | Тикер SBER не найден ни в одной категории.
2026-03-25 05:57:05,564 | INFO | TinkoffBroker | Загрузка полного реестра инструментов...
2026-03-25 05:57:05,592 | WARNING | TinkoffBroker | Не удалось загрузить категорию shares: (<StatusCode.UNAUTHENTICATED: (16, 'unauthenticated')>, '40003', Metadata(tracking_id='a3e20290b67335649005ad4aa21185aa', ratelimit_limit='200, 200;w=60', ratelimit_remaining=169, ratelimit_reset=52, message='Authentication token is missing or invalid'))
2026-03-25 05:57:05,724 | WARNING | TinkoffBroker | Не удалось загрузить категорию bonds: (<StatusCode.UNAUTHENTICATED: (16, 'unauthenticated')>, '40003', Metadata(tracking_id='845ef13b2ad99f2e18281d0b114e4951', ratelimit_limit='200, 200;w=60', ratelimit_remaining=168, ratelimit_reset=52, message='Authentication token is missing or invalid'))
2026-03-25 05:57:05,735 | WARNING | TinkoffBroker | Не удалось загрузить категорию etfs: (<StatusCode.UNAUTHENTICATED: (16, 'unauthenticated')>, '40003', Metadata(tracking_id='e71800a41c55cca0904857a7f4d23a09', ratelimit_limit='200, 200;w=60', ratelimit_remaining=167, ratelimit_reset=52, message='Authentication token is missing or invalid'))
2026-03-25 05:57:05,748 | WARNING | TinkoffBroker | Не удалось загрузить категорию currencies: (<StatusCode.UNAUTHENTICATED: (16, 'unauthenticated')>, '40003', Metadata(tracking_id='77b4c52c5ef8209969d79fcf62cb5d2d', ratelimit_limit='200, 200;w=60', ratelimit_remaining=166, ratelimit_reset=52, message='Authentication token is missing or invalid'))
2026-03-25 05:57:05,763 | WARNING | TinkoffBroker | Не удалось загрузить категорию futures: (<StatusCode.UNAUTHENTICATED: (16, 'unauthenticated')>, '40003', Metadata(tracking_id='578144b5f3780e70f56037fc2e3ea4fa', ratelimit_limit='200, 200;w=60', ratelimit_remaining=165, ratelimit_reset=52, message='Authentication token is missing or invalid'))
2026-03-25 05:57:05,764 | INFO | TinkoffBroker | Загрузка индикативов (индексы, товары)...
2026-03-25 05:57:05,774 | WARNING | TinkoffBroker | Не удалось загрузить индикативы: (<StatusCode.UNAUTHENTICATED: (16, 'unauthenticated')>, '40003', Metadata(tracking_id='9cd51884a653ee22da5642c944567b7e', ratelimit_limit='200, 200;w=60', ratelimit_remaining=164, ratelimit_reset=52, message='Authentication token is missing or invalid'))
2026-03-25 05:57:05,775 | INFO | TinkoffBroker | Всего загружено инструментов: 0
2026-03-25 05:57:05,776 | WARNING | TinkoffBroker | Тикер SBER не найден ни в одной категории.
2026-03-25 05:57:05,778 | INFO | TinkoffBroker | Сбор информации по инструментам из конфига...
2026-03-25 05:57:05,778 | WARNING | TinkoffBroker | Кэш инструментов пуст. Сначала вызовите get_instrument_uid() или refresh_instruments_cache()
2026-03-25 05:57:05,936 | INFO | TinkoffBroker | Загрузка полного реестра инструментов...
2026-03-25 05:57:05,964 | WARNING | TinkoffBroker | Не удалось загрузить категорию shares: (<StatusCode.UNAUTHENTICATED: (16, 'unauthenticated')>, '40003', Metadata(tracking_id='01a76d41d2d2f666c1972edad42bccee', ratelimit_limit='200, 200;w=60', ratelimit_remaining=163, ratelimit_reset=51, message='Authentication token is missing or invalid'))
2026-03-25 05:57:05,975 | WARNING | TinkoffBroker | Не удалось загрузить категорию bonds: (<StatusCode.UNAUTHENTICATED: (16, 'unauthenticated')>, '40003', Metadata(tracking_id='514c33f77cd59c35b5f1ace2ad138fcd', ratelimit_limit='200, 200;w=60', ratelimit_remaining=162, ratelimit_reset=51, message='Authentication token is missing or invalid'))
2026-03-25 05:57:05,987 | WARNING | TinkoffBroker | Не удалось загрузить категорию etfs: (<StatusCode.UNAUTHENTICATED: (16, 'unauthenticated')>, '40003', Metadata(tracking_id='8dc3ca9d16727a3c33bea83c8eb7bd16', ratelimit_limit='200, 200;w=60', ratelimit_remaining=161, ratelimit_reset=51, message='Authentication token is missing or invalid'))
2026-03-25 05:57:05,997 | WARNING | TinkoffBroker | Не удалось загрузить категорию currencies: (<StatusCode.UNAUTHENTICATED: (16, 'unauthenticated')>, '40003', Metadata(tracking_id='ed8e2eb0d3ccb5de7fa30dc0c4f65fc8', ratelimit_limit='200, 200;w=60', ratelimit_remaining=160, ratelimit_reset=51, message='Authentication token is missing or invalid'))
2026-03-25 05:57:06,007 | WARNING | TinkoffBroker | Не удалось загрузить категорию futures: (<StatusCode.UNAUTHENTICATED: (16, 'unauthenticated')>, '40003', Metadata(tracking_id='b0d71dd37303fe0f0052e18811291429', ratelimit_limit='200, 200;w=60', ratelimit_remaining=159, ratelimit_reset=51, message='Authentication token is missing or invalid'))
2026-03-25 05:57:06,008 | INFO | TinkoffBroker | Загрузка индикативов (индексы, товары)...
2026-03-25 05:57:06,019 | WARNING | TinkoffBroker | Не удалось загрузить индикативы: (<StatusCode.UNAUTHENTICATED: (16, 'unauthenticated')>, '40003', Metadata(tracking_id='8b944be11432ea36596c8e13dbd8b332', ratelimit_limit='200, 200;w=60', ratelimit_remaining=158, ratelimit_reset=51, message='Authentication token is missing or invalid'))
2026-03-25 05:57:06,020 | INFO | TinkoffBroker | Всего загружено инструментов: 0
2026-03-25 05:57:06,021 | WARNING | TinkoffBroker | Тикер SBER не найден ни в одной категории.
2026-03-25 05:57:06,129 | INFO | TinkoffBroker | Загрузка полного реестра инструментов...
2026-03-25 05:57:06,160 | WARNING | TinkoffBroker | Не удалось загрузить категорию shares: (<StatusCode.UNAUTHENTICATED: (16, 'unauthenticated')>, '40003', Metadata(tracking_id='7d5e210fc2cf8470ecb64f4d310eb491', ratelimit_limit='200, 200;w=60', ratelimit_remaining=157, ratelimit_reset=51, message='Authentication token is missing or invalid'))
2026-03-25 05:57:06,172 | WARNING | TinkoffBroker | Не удалось загрузить категорию bonds: (<StatusCode.UNAUTHENTICATED: (16, 'unauthenticated')>, '40003', Metadata(tracking_id='7539b3758c93c15cf6a3e65faa5fdb13', ratelimit_limit='200, 200;w=60', ratelimit_remaining=156, ratelimit_reset=51, message='Authentication token is missing or invalid'))
2026-03-25 05:57:06,184 | WARNING | TinkoffBroker | Не удалось загрузить категорию etfs: (<StatusCode.UNAUTHENTICATED: (16, 'unauthenticated')>, '40003', Metadata(tracking_id='d07cc9b16484e9521ca024f905bac81b', ratelimit_limit='200, 200;w=60', ratelimit_remaining=155, ratelimit_reset=51, message='Authentication token is missing or invalid'))
2026-03-25 05:57:06,195 | WARNING | TinkoffBroker | Не удалось загрузить категорию currencies: (<StatusCode.UNAUTHENTICATED: (16, 'unauthenticated')>, '40003', Metadata(tracking_id='c242f0baefe77ecaec0be6849c63146c', ratelimit_limit='200, 200;w=60', ratelimit_remaining=154, ratelimit_reset=51, message='Authentication token is missing or invalid'))
2026-03-25 05:57:06,207 | WARNING | TinkoffBroker | Не удалось загрузить категорию futures: (<StatusCode.UNAUTHENTICATED: (16, 'unauthenticated')>, '40003', Metadata(tracking_id='50edea0f6837963499274caf1a794403', ratelimit_limit='200, 200;w=60', ratelimit_remaining=153, ratelimit_reset=51, message='Authentication token is missing or invalid'))
2026-03-25 05:57:06,207 | INFO | TinkoffBroker | Загрузка индикативов (индексы, товары)...
2026-03-25 05:57:06,218 | WARNING | TinkoffBroker | Не удалось загрузить индикативы: (<StatusCode.UNAUTHENTICATED: (16, 'unauthenticated')>, '40003', Metadata(tracking_id='97839427dca803270297730419487831', ratelimit_limit='200, 200;w=60', ratelimit_remaining=152, ratelimit_reset=51, message='Authentication token is missing or invalid'))
2026-03-25 05:57:06,219 | INFO | TinkoffBroker | Всего загружено инструментов: 0
2026-03-25 05:57:06,220 | WARNING | TinkoffBroker | Тикер SBER не найден ни в одной категории.
2026-03-25 05:57:06,341 | INFO | TinkoffBroker | Принудительное обновление кэша инструментов...
2026-03-25 05:57:06,341 | INFO | TinkoffBroker | Загрузка полного реестра инструментов...
2026-03-25 05:57:06,375 | WARNING | TinkoffBroker | Не удалось загрузить категорию shares: (<StatusCode.UNAUTHENTICATED: (16, 'unauthenticated')>, '40003', Metadata(tracking_id='f43fd4f8f699afd156093c2391a16608', ratelimit_limit='200, 200;w=60', ratelimit_remaining=151, ratelimit_reset=51, message='Authentication token is missing or invalid'))
2026-03-25 05:57:06,388 | WARNING | TinkoffBroker | Не удалось загрузить категорию bonds: (<StatusCode.UNAUTHENTICATED: (16, 'unauthenticated')>, '40003', Metadata(tracking_id='6861d58713ac597f9248d7456377fab8', ratelimit_limit='200, 200;w=60', ratelimit_remaining=150, ratelimit_reset=51, message='Authentication token is missing or invalid'))
2026-03-25 05:57:06,399 | WARNING | TinkoffBroker | Не удалось загрузить категорию etfs: (<StatusCode.UNAUTHENTICATED: (16, 'unauthenticated')>, '40003', Metadata(tracking_id='6851829269e81b1772cb0ce6ce575cce', ratelimit_limit='200, 200;w=60', ratelimit_remaining=149, ratelimit_reset=51, message='Authentication token is missing or invalid'))
2026-03-25 05:57:06,413 | WARNING | TinkoffBroker | Не удалось загрузить категорию currencies: (<StatusCode.UNAUTHENTICATED: (16, 'unauthenticated')>, '40003', Metadata(tracking_id='503a98f03537ee56b485fdd130d59c2b', ratelimit_limit='200, 200;w=60', ratelimit_remaining=148, ratelimit_reset=51, message='Authentication token is missing or invalid'))
2026-03-25 05:57:06,425 | WARNING | TinkoffBroker | Не удалось загрузить категорию futures: (<StatusCode.UNAUTHENTICATED: (16, 'unauthenticated')>, '40003', Metadata(tracking_id='b8205a642a334ab527107e5fc8857c3d', ratelimit_limit='200, 200;w=60', ratelimit_remaining=147, ratelimit_reset=51, message='Authentication token is missing or invalid'))
2026-03-25 05:57:06,426 | INFO | TinkoffBroker | Загрузка индикативов (индексы, товары)...
2026-03-25 05:57:06,439 | WARNING | TinkoffBroker | Не удалось загрузить индикативы: (<StatusCode.UNAUTHENTICATED: (16, 'unauthenticated')>, '40003', Metadata(tracking_id='875958dd7d3eb340642ba5b61d68fb96', ratelimit_limit='200, 200;w=60', ratelimit_remaining=146, ratelimit_reset=51, message='Authentication token is missing or invalid'))
2026-03-25 05:57:06,440 | INFO | TinkoffBroker | Всего загружено инструментов: 0
2026-03-25 05:57:06,440 | INFO | TinkoffBroker | Кэш обновлен: 0 инструментов
2026-03-25 05:57:06,539 | INFO | TinkoffBroker | Загрузка полного реестра инструментов...
2026-03-25 05:57:06,571 | WARNING | TinkoffBroker | Не удалось загрузить категорию shares: (<StatusCode.UNAUTHENTICATED: (16, 'unauthenticated')>, '40003', Metadata(tracking_id='8bedb7df5197f9552c4391cd58875064', ratelimit_limit='200, 200;w=60', ratelimit_remaining=145, ratelimit_reset=51, message='Authentication token is missing or invalid'))
2026-03-25 05:57:06,583 | WARNING | TinkoffBroker | Не удалось загрузить категорию bonds: (<StatusCode.UNAUTHENTICATED: (16, 'unauthenticated')>, '40003', Metadata(tracking_id='8109d47bb1ac9fd123d38aefe1446b57', ratelimit_limit='200, 200;w=60', ratelimit_remaining=144, ratelimit_reset=51, message='Authentication token is missing or invalid'))
2026-03-25 05:57:06,596 | WARNING | TinkoffBroker | Не удалось загрузить категорию etfs: (<StatusCode.UNAUTHENTICATED: (16, 'unauthenticated')>, '40003', Metadata(tracking_id='6783c55e8225f974238afdf822fad512', ratelimit_limit='200, 200;w=60', ratelimit_remaining=143, ratelimit_reset=51, message='Authentication token is missing or invalid'))
2026-03-25 05:57:06,608 | WARNING | TinkoffBroker | Не удалось загрузить категорию currencies: (<StatusCode.UNAUTHENTICATED: (16, 'unauthenticated')>, '40003', Metadata(tracking_id='60cb9097eb9fc94d82ee85957e37ba61', ratelimit_limit='200, 200;w=60', ratelimit_remaining=142, ratelimit_reset=51, message='Authentication token is missing or invalid'))
2026-03-25 05:57:06,620 | WARNING | TinkoffBroker | Не удалось загрузить категорию futures: (<StatusCode.UNAUTHENTICATED: (16, 'unauthenticated')>, '40003', Metadata(tracking_id='c708755ef8b2618661ed7ad53f91f032', ratelimit_limit='200, 200;w=60', ratelimit_remaining=141, ratelimit_reset=51, message='Authentication token is missing or invalid'))
2026-03-25 05:57:06,621 | INFO | TinkoffBroker | Загрузка индикативов (индексы, товары)...
2026-03-25 05:57:06,632 | WARNING | TinkoffBroker | Не удалось загрузить индикативы: (<StatusCode.UNAUTHENTICATED: (16, 'unauthenticated')>, '40003', Metadata(tracking_id='e812e11f056b8dd22e70744545b990bf', ratelimit_limit='200, 200;w=60', ratelimit_remaining=140, ratelimit_reset=51, message='Authentication token is missing or invalid'))
2026-03-25 05:57:06,732 | INFO | TinkoffBroker | Всего загружено инструментов: 0
2026-03-25 05:57:06,733 | WARNING | TinkoffBroker | Тикер FAKETICKER123 не найден ни в одной категории.
2026-03-25 05:57:06,735 | INFO | TinkoffBroker | Старт загрузки истории для SBER (UID: dummy_uid). Последняя известная дата: None
2026-03-25 05:57:06,736 | INFO | TinkoffBroker | Старт загрузки истории для SBER (UID: ). Последняя известная дата: None
2026-03-25 05:57:06,737 | INFO | TinkoffBroker | Режим полной загрузки: с 2025-03-25 05:57:06.737447 (глубина 365 дн., глобальный дефолт)
2026-03-25 05:57:06,767 | ERROR | TinkoffBroker | Ошибка загрузки свечей для : (<StatusCode.UNAUTHENTICATED: (16, 'unauthenticated')>, '40003', Metadata(tracking_id='da6ff3761ad592903411c5df881419bc', ratelimit_limit='600, 600;w=60', ratelimit_remaining=599, ratelimit_reset=51, message='Authentication token is missing or invalid'))
Traceback (most recent call last):
  File "C:\Users\Khanin Maksim\AppData\Local\Programs\Python\Python312\Lib\site-packages\t_tech\invest\_errors.py", line 89, in wrapper
    return await func(*args, **kwargs)
           ^^^^^^^^^^^^^^^^^^^^^^^^^^^
  File "C:\Users\Khanin Maksim\AppData\Local\Programs\Python\Python312\Lib\site-packages\t_tech\invest\async_services.py", line 1155, in get_candles
    response = await response_coro
               ^^^^^^^^^^^^^^^^^^^
  File "C:\Users\Khanin Maksim\AppData\Local\Programs\Python\Python312\Lib\site-packages\grpc\aio\_call.py", line 327, in __await__
    raise _create_rpc_error(
grpc.aio._call.AioRpcError: <AioRpcError of RPC that terminated with:
	status = StatusCode.UNAUTHENTICATED
	details = "40003"
	debug_error_string = "UNKNOWN:Error received from peer  {grpc_message:"40003", grpc_status:16}"
>

The above exception was the direct cause of the following exception:

Traceback (most recent call last):
  File "C:\Users\Khanin Maksim\PycharmProjects\honeyProject\docker\data_loader\T_con.py", line 152, in fetch_candles_chunk
    response: GetCandlesResponse = await client.market_data.get_candles(
                                   ^^^^^^^^^^^^^^^^^^^^^^^^^^^^^^^^^^^^^
  File "C:\Users\Khanin Maksim\AppData\Local\Programs\Python\Python312\Lib\site-packages\t_tech\invest\_errors.py", line 102, in wrapper
    raise AioUnauthenticatedError(status_code, details, metadata) from e
t_tech.invest.exceptions.AioUnauthenticatedError: (<StatusCode.UNAUTHENTICATED: (16, 'unauthenticated')>, '40003', Metadata(tracking_id='da6ff3761ad592903411c5df881419bc', ratelimit_limit='600, 600;w=60', ratelimit_remaining=599, ratelimit_reset=51, message='Authentication token is missing or invalid'))
2026-03-25 05:57:06,988 | ERROR | TinkoffBroker | Критическая ошибка при загрузке куска. Прерывание. Ошибка: (<StatusCode.UNAUTHENTICATED: (16, 'unauthenticated')>, '40003', Metadata(tracking_id='da6ff3761ad592903411c5df881419bc', ratelimit_limit='600, 600;w=60', ratelimit_remaining=599, ratelimit_reset=51, message='Authentication token is missing or invalid'))
2026-03-25 05:57:06,990 | INFO | TinkoffBroker | Загрузка для SBER завершена. Всего получено: 0 свечей.
2026-03-25 05:58:16,745 | INFO | ConfigManager | ConfigManager инициализирован: ../../config.yaml
2026-03-25 05:58:16,746 | INFO | TinkoffBroker | T_connector инициализирован успешно.
2026-03-25 05:58:16,747 | INFO | TinkoffBroker | Загрузка полного реестра инструментов...
2026-03-25 05:58:16,807 | WARNING | TinkoffBroker | Не удалось загрузить категорию shares: (<StatusCode.UNAUTHENTICATED: (16, 'unauthenticated')>, '40003', Metadata(tracking_id='21d91cf2d48e25037a4a68351f887de7', ratelimit_limit='200, 200;w=60', ratelimit_remaining=199, ratelimit_reset=41, message='Authentication token is missing or invalid'))
2026-03-25 05:58:16,820 | WARNING | TinkoffBroker | Не удалось загрузить категорию bonds: (<StatusCode.UNAUTHENTICATED: (16, 'unauthenticated')>, '40003', Metadata(tracking_id='636011708aaeab59037f43d4424318cf', ratelimit_limit='200, 200;w=60', ratelimit_remaining=198, ratelimit_reset=41, message='Authentication token is missing or invalid'))
2026-03-25 05:58:16,832 | WARNING | TinkoffBroker | Не удалось загрузить категорию etfs: (<StatusCode.UNAUTHENTICATED: (16, 'unauthenticated')>, '40003', Metadata(tracking_id='c96d170140f87377a415984deabea5c0', ratelimit_limit='200, 200;w=60', ratelimit_remaining=197, ratelimit_reset=41, message='Authentication token is missing or invalid'))
2026-03-25 05:58:16,844 | WARNING | TinkoffBroker | Не удалось загрузить категорию currencies: (<StatusCode.UNAUTHENTICATED: (16, 'unauthenticated')>, '40003', Metadata(tracking_id='9abde7d029bfb941b6fa721271dd35e7', ratelimit_limit='200, 200;w=60', ratelimit_remaining=196, ratelimit_reset=40, message='Authentication token is missing or invalid'))
2026-03-25 05:58:16,857 | WARNING | TinkoffBroker | Не удалось загрузить категорию futures: (<StatusCode.UNAUTHENTICATED: (16, 'unauthenticated')>, '40003', Metadata(tracking_id='a0d829ee942a67b4e9c7c26d0c8e979f', ratelimit_limit='200, 200;w=60', ratelimit_remaining=195, ratelimit_reset=40, message='Authentication token is missing or invalid'))
2026-03-25 05:58:16,858 | INFO | TinkoffBroker | Загрузка индикативов (индексы, товары)...
2026-03-25 05:58:16,871 | WARNING | TinkoffBroker | Не удалось загрузить индикативы: (<StatusCode.UNAUTHENTICATED: (16, 'unauthenticated')>, '40003', Metadata(tracking_id='ff597826be43f39e7d9c5af74ea0788d', ratelimit_limit='200, 200;w=60', ratelimit_remaining=194, ratelimit_reset=40, message='Authentication token is missing or invalid'))
2026-03-25 05:58:16,872 | INFO | TinkoffBroker | Всего загружено инструментов: 0
2026-03-25 05:58:16,873 | WARNING | TinkoffBroker | Тикер SBER не найден ни в одной категории.
2026-03-25 05:58:16,874 | INFO | TinkoffBroker | Загрузка полного реестра инструментов...
2026-03-25 05:58:16,904 | WARNING | TinkoffBroker | Не удалось загрузить категорию shares: (<StatusCode.UNAUTHENTICATED: (16, 'unauthenticated')>, '40003', Metadata(tracking_id='8b76e3a2eb009eb9ef7f6cd5bc291ef6', ratelimit_limit='200, 200;w=60', ratelimit_remaining=193, ratelimit_reset=40, message='Authentication token is missing or invalid'))
2026-03-25 05:58:16,917 | WARNING | TinkoffBroker | Не удалось загрузить категорию bonds: (<StatusCode.UNAUTHENTICATED: (16, 'unauthenticated')>, '40003', Metadata(tracking_id='63bcba558031dcff7b589af6d4a4f4ca', ratelimit_limit='200, 200;w=60', ratelimit_remaining=192, ratelimit_reset=40, message='Authentication token is missing or invalid'))
2026-03-25 05:58:16,931 | WARNING | TinkoffBroker | Не удалось загрузить категорию etfs: (<StatusCode.UNAUTHENTICATED: (16, 'unauthenticated')>, '40003', Metadata(tracking_id='18f45e2645e878cba7ed405e901e7118', ratelimit_limit='200, 200;w=60', ratelimit_remaining=191, ratelimit_reset=40, message='Authentication token is missing or invalid'))
2026-03-25 05:58:16,942 | WARNING | TinkoffBroker | Не удалось загрузить категорию currencies: (<StatusCode.UNAUTHENTICATED: (16, 'unauthenticated')>, '40003', Metadata(tracking_id='13bbaa8a5e53dac08ec12b77828260f6', ratelimit_limit='200, 200;w=60', ratelimit_remaining=190, ratelimit_reset=40, message='Authentication token is missing or invalid'))
2026-03-25 05:58:16,952 | WARNING | TinkoffBroker | Не удалось загрузить категорию futures: (<StatusCode.UNAUTHENTICATED: (16, 'unauthenticated')>, '40003', Metadata(tracking_id='11176a42ded29332108d594bb1b3735d', ratelimit_limit='200, 200;w=60', ratelimit_remaining=189, ratelimit_reset=40, message='Authentication token is missing or invalid'))
2026-03-25 05:58:16,953 | INFO | TinkoffBroker | Загрузка индикативов (индексы, товары)...
2026-03-25 05:58:16,963 | WARNING | TinkoffBroker | Не удалось загрузить индикативы: (<StatusCode.UNAUTHENTICATED: (16, 'unauthenticated')>, '40003', Metadata(tracking_id='4e876e576b2c954d1d30d47d0fda08ea', ratelimit_limit='200, 200;w=60', ratelimit_remaining=188, ratelimit_reset=40, message='Authentication token is missing or invalid'))
2026-03-25 05:58:16,964 | INFO | TinkoffBroker | Всего загружено инструментов: 0
2026-03-25 05:58:16,965 | WARNING | TinkoffBroker | Тикер GAZP не найден ни в одной категории.
2026-03-25 05:58:16,965 | INFO | TinkoffBroker | Загрузка полного реестра инструментов...
2026-03-25 05:58:16,993 | WARNING | TinkoffBroker | Не удалось загрузить категорию shares: (<StatusCode.UNAUTHENTICATED: (16, 'unauthenticated')>, '40003', Metadata(tracking_id='eb8c47b5526e69f718fa691c79574752', ratelimit_limit='200, 200;w=60', ratelimit_remaining=187, ratelimit_reset=40, message='Authentication token is missing or invalid'))
2026-03-25 05:58:17,004 | WARNING | TinkoffBroker | Не удалось загрузить категорию bonds: (<StatusCode.UNAUTHENTICATED: (16, 'unauthenticated')>, '40003', Metadata(tracking_id='f12356213713eceab7ac515c75dde505', ratelimit_limit='200, 200;w=60', ratelimit_remaining=186, ratelimit_reset=40, message='Authentication token is missing or invalid'))
2026-03-25 05:58:17,018 | WARNING | TinkoffBroker | Не удалось загрузить категорию etfs: (<StatusCode.UNAUTHENTICATED: (16, 'unauthenticated')>, '40003', Metadata(tracking_id='7c0e28b93ab806c00fc958d259bfa51e', ratelimit_limit='200, 200;w=60', ratelimit_remaining=185, ratelimit_reset=40, message='Authentication token is missing or invalid'))
2026-03-25 05:58:17,030 | WARNING | TinkoffBroker | Не удалось загрузить категорию currencies: (<StatusCode.UNAUTHENTICATED: (16, 'unauthenticated')>, '40003', Metadata(tracking_id='cc8dedb0f22949ccc62fd58633a1d206', ratelimit_limit='200, 200;w=60', ratelimit_remaining=184, ratelimit_reset=40, message='Authentication token is missing or invalid'))
2026-03-25 05:58:17,042 | WARNING | TinkoffBroker | Не удалось загрузить категорию futures: (<StatusCode.UNAUTHENTICATED: (16, 'unauthenticated')>, '40003', Metadata(tracking_id='69717ab341d278be4298a1767dfa7114', ratelimit_limit='200, 200;w=60', ratelimit_remaining=183, ratelimit_reset=40, message='Authentication token is missing or invalid'))
2026-03-25 05:58:17,043 | INFO | TinkoffBroker | Загрузка индикативов (индексы, товары)...
2026-03-25 05:58:17,055 | WARNING | TinkoffBroker | Не удалось загрузить индикативы: (<StatusCode.UNAUTHENTICATED: (16, 'unauthenticated')>, '40003', Metadata(tracking_id='8da0804163dc1f3f2c20f533e61eede5', ratelimit_limit='200, 200;w=60', ratelimit_remaining=182, ratelimit_reset=40, message='Authentication token is missing or invalid'))
2026-03-25 05:58:17,055 | INFO | TinkoffBroker | Всего загружено инструментов: 0
2026-03-25 05:58:17,056 | WARNING | TinkoffBroker | Тикер VTBR не найден ни в одной категории.
2026-03-25 05:58:17,057 | INFO | TinkoffBroker | Загрузка полного реестра инструментов...
2026-03-25 05:58:17,085 | WARNING | TinkoffBroker | Не удалось загрузить категорию shares: (<StatusCode.UNAUTHENTICATED: (16, 'unauthenticated')>, '40003', Metadata(tracking_id='4a84ce017c70ef68ad89b95923e07367', ratelimit_limit='200, 200;w=60', ratelimit_remaining=181, ratelimit_reset=40, message='Authentication token is missing or invalid'))
2026-03-25 05:58:17,099 | WARNING | TinkoffBroker | Не удалось загрузить категорию bonds: (<StatusCode.UNAUTHENTICATED: (16, 'unauthenticated')>, '40003', Metadata(tracking_id='867d1ff0be17ea78f3274dc328216b04', ratelimit_limit='200, 200;w=60', ratelimit_remaining=180, ratelimit_reset=40, message='Authentication token is missing or invalid'))
2026-03-25 05:58:17,111 | WARNING | TinkoffBroker | Не удалось загрузить категорию etfs: (<StatusCode.UNAUTHENTICATED: (16, 'unauthenticated')>, '40003', Metadata(tracking_id='20a92ced6d5f6e1cd0b028707f4a11b1', ratelimit_limit='200, 200;w=60', ratelimit_remaining=179, ratelimit_reset=40, message='Authentication token is missing or invalid'))
2026-03-25 05:58:17,122 | WARNING | TinkoffBroker | Не удалось загрузить категорию currencies: (<StatusCode.UNAUTHENTICATED: (16, 'unauthenticated')>, '40003', Metadata(tracking_id='69733a1c800bfb65f46917ee5d002e96', ratelimit_limit='200, 200;w=60', ratelimit_remaining=178, ratelimit_reset=40, message='Authentication token is missing or invalid'))
2026-03-25 05:58:17,136 | WARNING | TinkoffBroker | Не удалось загрузить категорию futures: (<StatusCode.UNAUTHENTICATED: (16, 'unauthenticated')>, '40003', Metadata(tracking_id='2a7c50e68649ac7b43684cef05f69d34', ratelimit_limit='200, 200;w=60', ratelimit_remaining=177, ratelimit_reset=40, message='Authentication token is missing or invalid'))
2026-03-25 05:58:17,136 | INFO | TinkoffBroker | Загрузка индикативов (индексы, товары)...
2026-03-25 05:58:17,149 | WARNING | TinkoffBroker | Не удалось загрузить индикативы: (<StatusCode.UNAUTHENTICATED: (16, 'unauthenticated')>, '40003', Metadata(tracking_id='551cf18bcf16c252e1cebae57aff99c0', ratelimit_limit='200, 200;w=60', ratelimit_remaining=176, ratelimit_reset=40, message='Authentication token is missing or invalid'))
2026-03-25 05:58:17,185 | INFO | TinkoffBroker | Всего загружено инструментов: 0
2026-03-25 05:58:17,189 | WARNING | TinkoffBroker | Тикер NONEXISTENT123 не найден ни в одной категории.
2026-03-25 05:58:17,190 | INFO | TinkoffBroker | Загрузка полного реестра инструментов...
2026-03-25 05:58:17,228 | WARNING | TinkoffBroker | Не удалось загрузить категорию shares: (<StatusCode.UNAUTHENTICATED: (16, 'unauthenticated')>, '40003', Metadata(tracking_id='d1ece5421c9c66b83a2f1077033abf96', ratelimit_limit='200, 200;w=60', ratelimit_remaining=175, ratelimit_reset=40, message='Authentication token is missing or invalid'))
2026-03-25 05:58:17,240 | WARNING | TinkoffBroker | Не удалось загрузить категорию bonds: (<StatusCode.UNAUTHENTICATED: (16, 'unauthenticated')>, '40003', Metadata(tracking_id='596838a1aa135dbbf2099d3175039d11', ratelimit_limit='200, 200;w=60', ratelimit_remaining=174, ratelimit_reset=40, message='Authentication token is missing or invalid'))
2026-03-25 05:58:17,250 | WARNING | TinkoffBroker | Не удалось загрузить категорию etfs: (<StatusCode.UNAUTHENTICATED: (16, 'unauthenticated')>, '40003', Metadata(tracking_id='dc4d2ebf731df264af0f5596aaaaf94e', ratelimit_limit='200, 200;w=60', ratelimit_remaining=173, ratelimit_reset=40, message='Authentication token is missing or invalid'))
2026-03-25 05:58:17,262 | WARNING | TinkoffBroker | Не удалось загрузить категорию currencies: (<StatusCode.UNAUTHENTICATED: (16, 'unauthenticated')>, '40003', Metadata(tracking_id='7208fe0d7c1f5e2238dd19aac589ee9d', ratelimit_limit='200, 200;w=60', ratelimit_remaining=172, ratelimit_reset=40, message='Authentication token is missing or invalid'))
2026-03-25 05:58:17,276 | WARNING | TinkoffBroker | Не удалось загрузить категорию futures: (<StatusCode.UNAUTHENTICATED: (16, 'unauthenticated')>, '40003', Metadata(tracking_id='dc7e4a5a29f8d61d6ac92aaa4a30b2e6', ratelimit_limit='200, 200;w=60', ratelimit_remaining=171, ratelimit_reset=40, message='Authentication token is missing or invalid'))
2026-03-25 05:58:17,276 | INFO | TinkoffBroker | Загрузка индикативов (индексы, товары)...
2026-03-25 05:58:17,286 | WARNING | TinkoffBroker | Не удалось загрузить индикативы: (<StatusCode.UNAUTHENTICATED: (16, 'unauthenticated')>, '40003', Metadata(tracking_id='c4abe686ca83516a92d1a690946a916c', ratelimit_limit='200, 200;w=60', ratelimit_remaining=170, ratelimit_reset=40, message='Authentication token is missing or invalid'))
2026-03-25 05:58:17,423 | INFO | TinkoffBroker | Всего загружено инструментов: 0
2026-03-25 05:58:17,424 | WARNING | TinkoffBroker | Тикер SBER не найден ни в одной категории.
2026-03-25 05:58:17,425 | INFO | TinkoffBroker | Загрузка полного реестра инструментов...
2026-03-25 05:58:17,454 | WARNING | TinkoffBroker | Не удалось загрузить категорию shares: (<StatusCode.UNAUTHENTICATED: (16, 'unauthenticated')>, '40003', Metadata(tracking_id='92bdc092c5a2b75fa209d7a27b7180bd', ratelimit_limit='200, 200;w=60', ratelimit_remaining=169, ratelimit_reset=40, message='Authentication token is missing or invalid'))
2026-03-25 05:58:17,468 | WARNING | TinkoffBroker | Не удалось загрузить категорию bonds: (<StatusCode.UNAUTHENTICATED: (16, 'unauthenticated')>, '40003', Metadata(tracking_id='9976fca3e65abcb9a42b9198460e2107', ratelimit_limit='200, 200;w=60', ratelimit_remaining=168, ratelimit_reset=40, message='Authentication token is missing or invalid'))
2026-03-25 05:58:17,480 | WARNING | TinkoffBroker | Не удалось загрузить категорию etfs: (<StatusCode.UNAUTHENTICATED: (16, 'unauthenticated')>, '40003', Metadata(tracking_id='e1e06bf65ccd1ecef63ff0eac9b761aa', ratelimit_limit='200, 200;w=60', ratelimit_remaining=167, ratelimit_reset=40, message='Authentication token is missing or invalid'))
2026-03-25 05:58:17,498 | WARNING | TinkoffBroker | Не удалось загрузить категорию currencies: (<StatusCode.UNAUTHENTICATED: (16, 'unauthenticated')>, '40003', Metadata(tracking_id='ed3ba5abeb2cdfa8b2546b71422a064a', ratelimit_limit='200, 200;w=60', ratelimit_remaining=166, ratelimit_reset=40, message='Authentication token is missing or invalid'))
2026-03-25 05:58:17,514 | WARNING | TinkoffBroker | Не удалось загрузить категорию futures: (<StatusCode.UNAUTHENTICATED: (16, 'unauthenticated')>, '40003', Metadata(tracking_id='d0153c6cd8a1b66836445680b3052818', ratelimit_limit='200, 200;w=60', ratelimit_remaining=165, ratelimit_reset=40, message='Authentication token is missing or invalid'))
2026-03-25 05:58:17,515 | INFO | TinkoffBroker | Загрузка индикативов (индексы, товары)...
2026-03-25 05:58:17,525 | WARNING | TinkoffBroker | Не удалось загрузить индикативы: (<StatusCode.UNAUTHENTICATED: (16, 'unauthenticated')>, '40003', Metadata(tracking_id='bf3626ac04694923aec64c8dbce2ad32', ratelimit_limit='200, 200;w=60', ratelimit_remaining=164, ratelimit_reset=40, message='Authentication token is missing or invalid'))
2026-03-25 05:58:17,668 | INFO | TinkoffBroker | Всего загружено инструментов: 0
2026-03-25 05:58:17,670 | WARNING | TinkoffBroker | Тикер SBER не найден ни в одной категории.
2026-03-25 05:58:17,670 | INFO | TinkoffBroker | Сбор информации по инструментам из конфига...
2026-03-25 05:58:17,671 | WARNING | TinkoffBroker | Кэш инструментов пуст. Сначала вызовите get_instrument_uid() или refresh_instruments_cache()
2026-03-25 05:58:17,672 | INFO | TinkoffBroker | Загрузка полного реестра инструментов...
2026-03-25 05:58:17,704 | WARNING | TinkoffBroker | Не удалось загрузить категорию shares: (<StatusCode.UNAUTHENTICATED: (16, 'unauthenticated')>, '40003', Metadata(tracking_id='f4dcaebf4a341657594705b4da5ad6e4', ratelimit_limit='200, 200;w=60', ratelimit_remaining=163, ratelimit_reset=40, message='Authentication token is missing or invalid'))
2026-03-25 05:58:17,716 | WARNING | TinkoffBroker | Не удалось загрузить категорию bonds: (<StatusCode.UNAUTHENTICATED: (16, 'unauthenticated')>, '40003', Metadata(tracking_id='ea5e4d62fd5e8d88edcaa2b3a8332222', ratelimit_limit='200, 200;w=60', ratelimit_remaining=162, ratelimit_reset=40, message='Authentication token is missing or invalid'))
2026-03-25 05:58:17,729 | WARNING | TinkoffBroker | Не удалось загрузить категорию etfs: (<StatusCode.UNAUTHENTICATED: (16, 'unauthenticated')>, '40003', Metadata(tracking_id='0a00812da6c2ef00d3f5dde2ab069c68', ratelimit_limit='200, 200;w=60', ratelimit_remaining=161, ratelimit_reset=40, message='Authentication token is missing or invalid'))
2026-03-25 05:58:17,742 | WARNING | TinkoffBroker | Не удалось загрузить категорию currencies: (<StatusCode.UNAUTHENTICATED: (16, 'unauthenticated')>, '40003', Metadata(tracking_id='cb73997fb33f13387b482c15788b1e22', ratelimit_limit='200, 200;w=60', ratelimit_remaining=160, ratelimit_reset=40, message='Authentication token is missing or invalid'))
2026-03-25 05:58:17,754 | WARNING | TinkoffBroker | Не удалось загрузить категорию futures: (<StatusCode.UNAUTHENTICATED: (16, 'unauthenticated')>, '40003', Metadata(tracking_id='c10b561693426e6f84cea287f102403a', ratelimit_limit='200, 200;w=60', ratelimit_remaining=159, ratelimit_reset=40, message='Authentication token is missing or invalid'))
2026-03-25 05:58:17,886 | INFO | TinkoffBroker | Загрузка индикативов (индексы, товары)...
2026-03-25 05:58:17,900 | WARNING | TinkoffBroker | Не удалось загрузить индикативы: (<StatusCode.UNAUTHENTICATED: (16, 'unauthenticated')>, '40003', Metadata(tracking_id='1e8053fefcb1337f95e8eb5358d05c7e', ratelimit_limit='200, 200;w=60', ratelimit_remaining=158, ratelimit_reset=39, message='Authentication token is missing or invalid'))
2026-03-25 05:58:17,900 | INFO | TinkoffBroker | Всего загружено инструментов: 0
2026-03-25 05:58:17,901 | WARNING | TinkoffBroker | Тикер SBER не найден ни в одной категории.
2026-03-25 05:58:17,902 | INFO | TinkoffBroker | Загрузка полного реестра инструментов...
2026-03-25 05:58:17,932 | WARNING | TinkoffBroker | Не удалось загрузить категорию shares: (<StatusCode.UNAUTHENTICATED: (16, 'unauthenticated')>, '40003', Metadata(tracking_id='9397b452511b3d7fc38521bac94310fd', ratelimit_limit='200, 200;w=60', ratelimit_remaining=157, ratelimit_reset=39, message='Authentication token is missing or invalid'))
2026-03-25 05:58:17,943 | WARNING | TinkoffBroker | Не удалось загрузить категорию bonds: (<StatusCode.UNAUTHENTICATED: (16, 'unauthenticated')>, '40003', Metadata(tracking_id='6175642de0e6b870ff0d18f68c2ee5ae', ratelimit_limit='200, 200;w=60', ratelimit_remaining=156, ratelimit_reset=39, message='Authentication token is missing or invalid'))
2026-03-25 05:58:17,955 | WARNING | TinkoffBroker | Не удалось загрузить категорию etfs: (<StatusCode.UNAUTHENTICATED: (16, 'unauthenticated')>, '40003', Metadata(tracking_id='93ad769bc5fec5561470423cc47dc043', ratelimit_limit='200, 200;w=60', ratelimit_remaining=155, ratelimit_reset=39, message='Authentication token is missing or invalid'))
2026-03-25 05:58:17,968 | WARNING | TinkoffBroker | Не удалось загрузить категорию currencies: (<StatusCode.UNAUTHENTICATED: (16, 'unauthenticated')>, '40003', Metadata(tracking_id='cdb5341bcf77cb3605e764674347883e', ratelimit_limit='200, 200;w=60', ratelimit_remaining=154, ratelimit_reset=39, message='Authentication token is missing or invalid'))
2026-03-25 05:58:17,981 | WARNING | TinkoffBroker | Не удалось загрузить категорию futures: (<StatusCode.UNAUTHENTICATED: (16, 'unauthenticated')>, '40003', Metadata(tracking_id='956cef2b758a8d198218ec58d81ac476', ratelimit_limit='200, 200;w=60', ratelimit_remaining=153, ratelimit_reset=39, message='Authentication token is missing or invalid'))
2026-03-25 05:58:18,100 | INFO | TinkoffBroker | Загрузка индикативов (индексы, товары)...
2026-03-25 05:58:18,112 | WARNING | TinkoffBroker | Не удалось загрузить индикативы: (<StatusCode.UNAUTHENTICATED: (16, 'unauthenticated')>, '40003', Metadata(tracking_id='089ae82ef7f23876578c943f8e15bf19', ratelimit_limit='200, 200;w=60', ratelimit_remaining=152, ratelimit_reset=39, message='Authentication token is missing or invalid'))
2026-03-25 05:58:18,113 | INFO | TinkoffBroker | Всего загружено инструментов: 0
2026-03-25 05:58:18,114 | WARNING | TinkoffBroker | Тикер SBER не найден ни в одной категории.
2026-03-25 05:58:18,115 | INFO | TinkoffBroker | Принудительное обновление кэша инструментов...
2026-03-25 05:58:18,115 | INFO | TinkoffBroker | Загрузка полного реестра инструментов...
2026-03-25 05:58:18,143 | WARNING | TinkoffBroker | Не удалось загрузить категорию shares: (<StatusCode.UNAUTHENTICATED: (16, 'unauthenticated')>, '40003', Metadata(tracking_id='f0d13ffe9e593e58247d97bb5b2017bc', ratelimit_limit='200, 200;w=60', ratelimit_remaining=151, ratelimit_reset=39, message='Authentication token is missing or invalid'))
2026-03-25 05:58:18,155 | WARNING | TinkoffBroker | Не удалось загрузить категорию bonds: (<StatusCode.UNAUTHENTICATED: (16, 'unauthenticated')>, '40003', Metadata(tracking_id='4d6031bb69f21e0d81afadb1dda43b2f', ratelimit_limit='200, 200;w=60', ratelimit_remaining=150, ratelimit_reset=39, message='Authentication token is missing or invalid'))
2026-03-25 05:58:18,168 | WARNING | TinkoffBroker | Не удалось загрузить категорию etfs: (<StatusCode.UNAUTHENTICATED: (16, 'unauthenticated')>, '40003', Metadata(tracking_id='1cf4a9c38ff15d4e0104c5d6cb37adfa', ratelimit_limit='200, 200;w=60', ratelimit_remaining=149, ratelimit_reset=39, message='Authentication token is missing or invalid'))
2026-03-25 05:58:18,184 | WARNING | TinkoffBroker | Не удалось загрузить категорию currencies: (<StatusCode.UNAUTHENTICATED: (16, 'unauthenticated')>, '40003', Metadata(tracking_id='d2a7b31af80a5e653b29c49f79db50bd', ratelimit_limit='200, 200;w=60', ratelimit_remaining=148, ratelimit_reset=39, message='Authentication token is missing or invalid'))
2026-03-25 05:58:18,196 | WARNING | TinkoffBroker | Не удалось загрузить категорию futures: (<StatusCode.UNAUTHENTICATED: (16, 'unauthenticated')>, '40003', Metadata(tracking_id='4b83563328d85a1990af1af97f89b6c9', ratelimit_limit='200, 200;w=60', ratelimit_remaining=147, ratelimit_reset=39, message='Authentication token is missing or invalid'))
2026-03-25 05:58:18,322 | INFO | TinkoffBroker | Загрузка индикативов (индексы, товары)...
2026-03-25 05:58:18,334 | WARNING | TinkoffBroker | Не удалось загрузить индикативы: (<StatusCode.UNAUTHENTICATED: (16, 'unauthenticated')>, '40003', Metadata(tracking_id='dc6d8ab7f165953fc4576049ec7698aa', ratelimit_limit='200, 200;w=60', ratelimit_remaining=146, ratelimit_reset=39, message='Authentication token is missing or invalid'))
2026-03-25 05:58:18,335 | INFO | TinkoffBroker | Всего загружено инструментов: 0
2026-03-25 05:58:18,336 | INFO | TinkoffBroker | Кэш обновлен: 0 инструментов
2026-03-25 05:58:18,338 | INFO | TinkoffBroker | Загрузка полного реестра инструментов...
2026-03-25 05:58:18,365 | WARNING | TinkoffBroker | Не удалось загрузить категорию shares: (<StatusCode.UNAUTHENTICATED: (16, 'unauthenticated')>, '40003', Metadata(tracking_id='165692436c41dfb7b75b6e8af383a8a6', ratelimit_limit='200, 200;w=60', ratelimit_remaining=145, ratelimit_reset=39, message='Authentication token is missing or invalid'))
2026-03-25 05:58:18,377 | WARNING | TinkoffBroker | Не удалось загрузить категорию bonds: (<StatusCode.UNAUTHENTICATED: (16, 'unauthenticated')>, '40003', Metadata(tracking_id='2894d6b7aca6ff454fb8c37d8e398dee', ratelimit_limit='200, 200;w=60', ratelimit_remaining=144, ratelimit_reset=39, message='Authentication token is missing or invalid'))
2026-03-25 05:58:18,390 | WARNING | TinkoffBroker | Не удалось загрузить категорию etfs: (<StatusCode.UNAUTHENTICATED: (16, 'unauthenticated')>, '40003', Metadata(tracking_id='1937b1c33400a2fe411861a4ee6cd873', ratelimit_limit='200, 200;w=60', ratelimit_remaining=143, ratelimit_reset=39, message='Authentication token is missing or invalid'))
2026-03-25 05:58:18,402 | WARNING | TinkoffBroker | Не удалось загрузить категорию currencies: (<StatusCode.UNAUTHENTICATED: (16, 'unauthenticated')>, '40003', Metadata(tracking_id='16ec84ce8f8dd2788b3fbfc33fe2c388', ratelimit_limit='200, 200;w=60', ratelimit_remaining=142, ratelimit_reset=39, message='Authentication token is missing or invalid'))
2026-03-25 05:58:18,536 | WARNING | TinkoffBroker | Не удалось загрузить категорию futures: (<StatusCode.UNAUTHENTICATED: (16, 'unauthenticated')>, '40003', Metadata(tracking_id='718a807b0c72e3f7595ee62b981d8342', ratelimit_limit='200, 200;w=60', ratelimit_remaining=141, ratelimit_reset=39, message='Authentication token is missing or invalid'))
2026-03-25 05:58:18,537 | INFO | TinkoffBroker | Загрузка индикативов (индексы, товары)...
2026-03-25 05:58:18,548 | WARNING | TinkoffBroker | Не удалось загрузить индикативы: (<StatusCode.UNAUTHENTICATED: (16, 'unauthenticated')>, '40003', Metadata(tracking_id='33096addb7dafae5d50a3a55e6cddbc4', ratelimit_limit='200, 200;w=60', ratelimit_remaining=140, ratelimit_reset=39, message='Authentication token is missing or invalid'))
2026-03-25 05:58:18,548 | INFO | TinkoffBroker | Всего загружено инструментов: 0
2026-03-25 05:58:18,549 | WARNING | TinkoffBroker | Тикер FAKETICKER123 не найден ни в одной категории.
2026-03-25 05:58:18,550 | INFO | TinkoffBroker | Старт загрузки истории для SBER (UID: dummy_uid). Последняя известная дата: None
2026-03-25 05:58:18,550 | INFO | TinkoffBroker | Старт загрузки истории для SBER (UID: ). Последняя известная дата: None
2026-03-25 05:58:18,551 | INFO | TinkoffBroker | Режим полной загрузки: с 2025-03-25 05:58:18.551184 (глубина 365 дн., глобальный дефолт)
2026-03-25 05:58:18,580 | ERROR | TinkoffBroker | Ошибка загрузки свечей для : (<StatusCode.UNAUTHENTICATED: (16, 'unauthenticated')>, '40003', Metadata(tracking_id='3e7167b46298492e40a366e43d80c07f', ratelimit_limit='600, 600;w=60', ratelimit_remaining=599, ratelimit_reset=39, message='Authentication token is missing or invalid'))
Traceback (most recent call last):
  File "C:\Users\Khanin Maksim\AppData\Local\Programs\Python\Python312\Lib\site-packages\t_tech\invest\_errors.py", line 89, in wrapper
    return await func(*args, **kwargs)
           ^^^^^^^^^^^^^^^^^^^^^^^^^^^
  File "C:\Users\Khanin Maksim\AppData\Local\Programs\Python\Python312\Lib\site-packages\t_tech\invest\async_services.py", line 1155, in get_candles
    response = await response_coro
               ^^^^^^^^^^^^^^^^^^^
  File "C:\Users\Khanin Maksim\AppData\Local\Programs\Python\Python312\Lib\site-packages\grpc\aio\_call.py", line 327, in __await__
    raise _create_rpc_error(
grpc.aio._call.AioRpcError: <AioRpcError of RPC that terminated with:
	status = StatusCode.UNAUTHENTICATED
	details = "40003"
	debug_error_string = "UNKNOWN:Error received from peer  {grpc_status:16, grpc_message:"40003"}"
>

The above exception was the direct cause of the following exception:

Traceback (most recent call last):
  File "C:\Users\Khanin Maksim\PycharmProjects\honeyProject\docker\data_loader\T_con.py", line 152, in fetch_candles_chunk
    response: GetCandlesResponse = await client.market_data.get_candles(
                                   ^^^^^^^^^^^^^^^^^^^^^^^^^^^^^^^^^^^^^
  File "C:\Users\Khanin Maksim\AppData\Local\Programs\Python\Python312\Lib\site-packages\t_tech\invest\_errors.py", line 102, in wrapper
    raise AioUnauthenticatedError(status_code, details, metadata) from e
t_tech.invest.exceptions.AioUnauthenticatedError: (<StatusCode.UNAUTHENTICATED: (16, 'unauthenticated')>, '40003', Metadata(tracking_id='3e7167b46298492e40a366e43d80c07f', ratelimit_limit='600, 600;w=60', ratelimit_remaining=599, ratelimit_reset=39, message='Authentication token is missing or invalid'))
2026-03-25 05:58:18,830 | ERROR | TinkoffBroker | Критическая ошибка при загрузке куска. Прерывание. Ошибка: (<StatusCode.UNAUTHENTICATED: (16, 'unauthenticated')>, '40003', Metadata(tracking_id='3e7167b46298492e40a366e43d80c07f', ratelimit_limit='600, 600;w=60', ratelimit_remaining=599, ratelimit_reset=39, message='Authentication token is missing or invalid'))
2026-03-25 05:58:18,831 | INFO | TinkoffBroker | Загрузка для SBER завершена. Всего получено: 0 свечей.
2026-03-25 05:59:05,391 | INFO | ConfigManager | ConfigManager инициализирован: ../../config.yaml
2026-03-25 05:59:05,393 | INFO | TinkoffBroker | T_connector инициализирован успешно.
2026-03-25 05:59:05,394 | INFO | TinkoffBroker | Загрузка полного реестра инструментов...
2026-03-25 05:59:05,454 | WARNING | TinkoffBroker | Не удалось загрузить категорию shares: (<StatusCode.UNAUTHENTICATED: (16, 'unauthenticated')>, '40003', Metadata(tracking_id='e3412ed5331579e72e215907d752c729', ratelimit_limit='200, 200;w=60', ratelimit_remaining=199, ratelimit_reset=52, message='Authentication token is missing or invalid'))
2026-03-25 05:59:05,467 | WARNING | TinkoffBroker | Не удалось загрузить категорию bonds: (<StatusCode.UNAUTHENTICATED: (16, 'unauthenticated')>, '40003', Metadata(tracking_id='bc82ca1faf42279de4864b35fb319f77', ratelimit_limit='200, 200;w=60', ratelimit_remaining=198, ratelimit_reset=52, message='Authentication token is missing or invalid'))
2026-03-25 05:59:05,479 | WARNING | TinkoffBroker | Не удалось загрузить категорию etfs: (<StatusCode.UNAUTHENTICATED: (16, 'unauthenticated')>, '40003', Metadata(tracking_id='d3639f5a127ae786492403a9332b4343', ratelimit_limit='200, 200;w=60', ratelimit_remaining=197, ratelimit_reset=52, message='Authentication token is missing or invalid'))
2026-03-25 05:59:05,490 | WARNING | TinkoffBroker | Не удалось загрузить категорию currencies: (<StatusCode.UNAUTHENTICATED: (16, 'unauthenticated')>, '40003', Metadata(tracking_id='85ad4e889e5ee5c45c7b9ae209ff722f', ratelimit_limit='200, 200;w=60', ratelimit_remaining=196, ratelimit_reset=52, message='Authentication token is missing or invalid'))
2026-03-25 05:59:05,503 | WARNING | TinkoffBroker | Не удалось загрузить категорию futures: (<StatusCode.UNAUTHENTICATED: (16, 'unauthenticated')>, '40003', Metadata(tracking_id='f6845ed2139097f30c1b9983ba657b34', ratelimit_limit='200, 200;w=60', ratelimit_remaining=195, ratelimit_reset=52, message='Authentication token is missing or invalid'))
2026-03-25 05:59:05,503 | INFO | TinkoffBroker | Загрузка индикативов (индексы, товары)...
2026-03-25 05:59:05,515 | WARNING | TinkoffBroker | Не удалось загрузить индикативы: (<StatusCode.UNAUTHENTICATED: (16, 'unauthenticated')>, '40003', Metadata(tracking_id='395064e7f42af28088e5ccdc4fc8403a', ratelimit_limit='200, 200;w=60', ratelimit_remaining=194, ratelimit_reset=52, message='Authentication token is missing or invalid'))
2026-03-25 05:59:05,516 | INFO | TinkoffBroker | Всего загружено инструментов: 0
2026-03-25 05:59:05,517 | WARNING | TinkoffBroker | Тикер SBER не найден ни в одной категории.
2026-03-25 05:59:05,517 | INFO | TinkoffBroker | Загрузка полного реестра инструментов...
2026-03-25 05:59:05,545 | WARNING | TinkoffBroker | Не удалось загрузить категорию shares: (<StatusCode.UNAUTHENTICATED: (16, 'unauthenticated')>, '40003', Metadata(tracking_id='8908eaf82cf8cd3517323270ca2c378b', ratelimit_limit='200, 200;w=60', ratelimit_remaining=193, ratelimit_reset=52, message='Authentication token is missing or invalid'))
2026-03-25 05:59:05,557 | WARNING | TinkoffBroker | Не удалось загрузить категорию bonds: (<StatusCode.UNAUTHENTICATED: (16, 'unauthenticated')>, '40003', Metadata(tracking_id='2dcb7d9dccdfdebaaf2eb787675730d1', ratelimit_limit='200, 200;w=60', ratelimit_remaining=192, ratelimit_reset=52, message='Authentication token is missing or invalid'))
2026-03-25 05:59:05,568 | WARNING | TinkoffBroker | Не удалось загрузить категорию etfs: (<StatusCode.UNAUTHENTICATED: (16, 'unauthenticated')>, '40003', Metadata(tracking_id='ed126726c6be2ab8e715f9b8be361ce8', ratelimit_limit='200, 200;w=60', ratelimit_remaining=191, ratelimit_reset=52, message='Authentication token is missing or invalid'))
2026-03-25 05:59:05,580 | WARNING | TinkoffBroker | Не удалось загрузить категорию currencies: (<StatusCode.UNAUTHENTICATED: (16, 'unauthenticated')>, '40003', Metadata(tracking_id='7628ac3e6775c1075234fc1961194f72', ratelimit_limit='200, 200;w=60', ratelimit_remaining=190, ratelimit_reset=52, message='Authentication token is missing or invalid'))
2026-03-25 05:59:05,591 | WARNING | TinkoffBroker | Не удалось загрузить категорию futures: (<StatusCode.UNAUTHENTICATED: (16, 'unauthenticated')>, '40003', Metadata(tracking_id='8ee721e76ca89d0ae91caf8a37647c75', ratelimit_limit='200, 200;w=60', ratelimit_remaining=189, ratelimit_reset=52, message='Authentication token is missing or invalid'))
2026-03-25 05:59:05,591 | INFO | TinkoffBroker | Загрузка индикативов (индексы, товары)...
2026-03-25 05:59:05,602 | WARNING | TinkoffBroker | Не удалось загрузить индикативы: (<StatusCode.UNAUTHENTICATED: (16, 'unauthenticated')>, '40003', Metadata(tracking_id='99c1b4d853c34a03eedfbd9d7a7c537b', ratelimit_limit='200, 200;w=60', ratelimit_remaining=188, ratelimit_reset=52, message='Authentication token is missing or invalid'))
2026-03-25 05:59:05,602 | INFO | TinkoffBroker | Всего загружено инструментов: 0
2026-03-25 05:59:05,604 | WARNING | TinkoffBroker | Тикер GAZP не найден ни в одной категории.
2026-03-25 05:59:05,604 | INFO | TinkoffBroker | Загрузка полного реестра инструментов...
2026-03-25 05:59:05,631 | WARNING | TinkoffBroker | Не удалось загрузить категорию shares: (<StatusCode.UNAUTHENTICATED: (16, 'unauthenticated')>, '40003', Metadata(tracking_id='5a395a15801302dee6634de610b85b64', ratelimit_limit='200, 200;w=60', ratelimit_remaining=187, ratelimit_reset=52, message='Authentication token is missing or invalid'))
2026-03-25 05:59:05,644 | WARNING | TinkoffBroker | Не удалось загрузить категорию bonds: (<StatusCode.UNAUTHENTICATED: (16, 'unauthenticated')>, '40003', Metadata(tracking_id='31a18f10f2e9df43d7bc20b28f574321', ratelimit_limit='200, 200;w=60', ratelimit_remaining=186, ratelimit_reset=52, message='Authentication token is missing or invalid'))
2026-03-25 05:59:05,655 | WARNING | TinkoffBroker | Не удалось загрузить категорию etfs: (<StatusCode.UNAUTHENTICATED: (16, 'unauthenticated')>, '40003', Metadata(tracking_id='cdafc7c485118aa7104712917359b03b', ratelimit_limit='200, 200;w=60', ratelimit_remaining=185, ratelimit_reset=52, message='Authentication token is missing or invalid'))
2026-03-25 05:59:05,665 | WARNING | TinkoffBroker | Не удалось загрузить категорию currencies: (<StatusCode.UNAUTHENTICATED: (16, 'unauthenticated')>, '40003', Metadata(tracking_id='b2e1744be815d9e9707db6e3fb353df0', ratelimit_limit='200, 200;w=60', ratelimit_remaining=184, ratelimit_reset=52, message='Authentication token is missing or invalid'))
2026-03-25 05:59:05,676 | WARNING | TinkoffBroker | Не удалось загрузить категорию futures: (<StatusCode.UNAUTHENTICATED: (16, 'unauthenticated')>, '40003', Metadata(tracking_id='38ef35e8a2ea2e034f71ab92d2709535', ratelimit_limit='200, 200;w=60', ratelimit_remaining=183, ratelimit_reset=52, message='Authentication token is missing or invalid'))
2026-03-25 05:59:05,676 | INFO | TinkoffBroker | Загрузка индикативов (индексы, товары)...
2026-03-25 05:59:05,687 | WARNING | TinkoffBroker | Не удалось загрузить индикативы: (<StatusCode.UNAUTHENTICATED: (16, 'unauthenticated')>, '40003', Metadata(tracking_id='4526ab37d6356fdab23a5a1af99871f9', ratelimit_limit='200, 200;w=60', ratelimit_remaining=182, ratelimit_reset=52, message='Authentication token is missing or invalid'))
2026-03-25 05:59:05,688 | INFO | TinkoffBroker | Всего загружено инструментов: 0
2026-03-25 05:59:05,689 | WARNING | TinkoffBroker | Тикер VTBR не найден ни в одной категории.
2026-03-25 05:59:05,690 | INFO | TinkoffBroker | Загрузка полного реестра инструментов...
2026-03-25 05:59:05,716 | WARNING | TinkoffBroker | Не удалось загрузить категорию shares: (<StatusCode.UNAUTHENTICATED: (16, 'unauthenticated')>, '40003', Metadata(tracking_id='8074ac94f261d24e4cdeb6a2cb0ee6f0', ratelimit_limit='200, 200;w=60', ratelimit_remaining=181, ratelimit_reset=52, message='Authentication token is missing or invalid'))
2026-03-25 05:59:05,726 | WARNING | TinkoffBroker | Не удалось загрузить категорию bonds: (<StatusCode.UNAUTHENTICATED: (16, 'unauthenticated')>, '40003', Metadata(tracking_id='ae42b8b4203afea3ec1abad689207ed1', ratelimit_limit='200, 200;w=60', ratelimit_remaining=180, ratelimit_reset=52, message='Authentication token is missing or invalid'))
2026-03-25 05:59:05,738 | WARNING | TinkoffBroker | Не удалось загрузить категорию etfs: (<StatusCode.UNAUTHENTICATED: (16, 'unauthenticated')>, '40003', Metadata(tracking_id='09b62ae365aa8375b00e7e6cf47c44a1', ratelimit_limit='200, 200;w=60', ratelimit_remaining=179, ratelimit_reset=52, message='Authentication token is missing or invalid'))
2026-03-25 05:59:05,749 | WARNING | TinkoffBroker | Не удалось загрузить категорию currencies: (<StatusCode.UNAUTHENTICATED: (16, 'unauthenticated')>, '40003', Metadata(tracking_id='7844f08a49998ef39127260228bec145', ratelimit_limit='200, 200;w=60', ratelimit_remaining=178, ratelimit_reset=52, message='Authentication token is missing or invalid'))
2026-03-25 05:59:05,759 | WARNING | TinkoffBroker | Не удалось загрузить категорию futures: (<StatusCode.UNAUTHENTICATED: (16, 'unauthenticated')>, '40003', Metadata(tracking_id='3be043f0329a87e6a8a0946abcb22689', ratelimit_limit='200, 200;w=60', ratelimit_remaining=177, ratelimit_reset=52, message='Authentication token is missing or invalid'))
2026-03-25 05:59:05,760 | INFO | TinkoffBroker | Загрузка индикативов (индексы, товары)...
2026-03-25 05:59:05,770 | WARNING | TinkoffBroker | Не удалось загрузить индикативы: (<StatusCode.UNAUTHENTICATED: (16, 'unauthenticated')>, '40003', Metadata(tracking_id='2bbe867b1e930650ae3684245d119853', ratelimit_limit='200, 200;w=60', ratelimit_remaining=176, ratelimit_reset=52, message='Authentication token is missing or invalid'))
2026-03-25 05:59:05,771 | INFO | TinkoffBroker | Всего загружено инструментов: 0
2026-03-25 05:59:05,772 | WARNING | TinkoffBroker | Тикер NONEXISTENT123 не найден ни в одной категории.
2026-03-25 05:59:05,772 | INFO | TinkoffBroker | Загрузка полного реестра инструментов...
2026-03-25 05:59:05,799 | WARNING | TinkoffBroker | Не удалось загрузить категорию shares: (<StatusCode.UNAUTHENTICATED: (16, 'unauthenticated')>, '40003', Metadata(tracking_id='453db110368b66bd05edae5bd11f6fa4', ratelimit_limit='200, 200;w=60', ratelimit_remaining=175, ratelimit_reset=52, message='Authentication token is missing or invalid'))
2026-03-25 05:59:05,903 | WARNING | TinkoffBroker | Не удалось загрузить категорию bonds: (<StatusCode.UNAUTHENTICATED: (16, 'unauthenticated')>, '40003', Metadata(tracking_id='005c2c54054849a27b558bf3a5d0098e', ratelimit_limit='200, 200;w=60', ratelimit_remaining=174, ratelimit_reset=51, message='Authentication token is missing or invalid'))
2026-03-25 05:59:05,915 | WARNING | TinkoffBroker | Не удалось загрузить категорию etfs: (<StatusCode.UNAUTHENTICATED: (16, 'unauthenticated')>, '40003', Metadata(tracking_id='3bca4028d4774e199af615553ebea033', ratelimit_limit='200, 200;w=60', ratelimit_remaining=173, ratelimit_reset=51, message='Authentication token is missing or invalid'))
2026-03-25 05:59:05,926 | WARNING | TinkoffBroker | Не удалось загрузить категорию currencies: (<StatusCode.UNAUTHENTICATED: (16, 'unauthenticated')>, '40003', Metadata(tracking_id='b61b7259a2ee613f119df3f846559932', ratelimit_limit='200, 200;w=60', ratelimit_remaining=172, ratelimit_reset=51, message='Authentication token is missing or invalid'))
2026-03-25 05:59:05,938 | WARNING | TinkoffBroker | Не удалось загрузить категорию futures: (<StatusCode.UNAUTHENTICATED: (16, 'unauthenticated')>, '40003', Metadata(tracking_id='9c7df635a66e1e12da7f7ff5128acf33', ratelimit_limit='200, 200;w=60', ratelimit_remaining=171, ratelimit_reset=51, message='Authentication token is missing or invalid'))
2026-03-25 05:59:05,939 | INFO | TinkoffBroker | Загрузка индикативов (индексы, товары)...
2026-03-25 05:59:05,950 | WARNING | TinkoffBroker | Не удалось загрузить индикативы: (<StatusCode.UNAUTHENTICATED: (16, 'unauthenticated')>, '40003', Metadata(tracking_id='11184a2e79e33a36074cea3262570d69', ratelimit_limit='200, 200;w=60', ratelimit_remaining=170, ratelimit_reset=51, message='Authentication token is missing or invalid'))
2026-03-25 05:59:05,951 | INFO | TinkoffBroker | Всего загружено инструментов: 0
2026-03-25 05:59:05,952 | WARNING | TinkoffBroker | Тикер SBER не найден ни в одной категории.
2026-03-25 05:59:05,952 | INFO | TinkoffBroker | Загрузка полного реестра инструментов...
2026-03-25 05:59:05,981 | WARNING | TinkoffBroker | Не удалось загрузить категорию shares: (<StatusCode.UNAUTHENTICATED: (16, 'unauthenticated')>, '40003', Metadata(tracking_id='7836876c54582dc27a672f79c2f3649a', ratelimit_limit='200, 200;w=60', ratelimit_remaining=169, ratelimit_reset=51, message='Authentication token is missing or invalid'))
2026-03-25 05:59:06,100 | WARNING | TinkoffBroker | Не удалось загрузить категорию bonds: (<StatusCode.UNAUTHENTICATED: (16, 'unauthenticated')>, '40003', Metadata(tracking_id='c620d05a2583f630c92ef572877d584f', ratelimit_limit='200, 200;w=60', ratelimit_remaining=168, ratelimit_reset=51, message='Authentication token is missing or invalid'))
2026-03-25 05:59:06,113 | WARNING | TinkoffBroker | Не удалось загрузить категорию etfs: (<StatusCode.UNAUTHENTICATED: (16, 'unauthenticated')>, '40003', Metadata(tracking_id='0a0c4eac4645ee8ab9f1a43b6b8db977', ratelimit_limit='200, 200;w=60', ratelimit_remaining=167, ratelimit_reset=51, message='Authentication token is missing or invalid'))
2026-03-25 05:59:06,124 | WARNING | TinkoffBroker | Не удалось загрузить категорию currencies: (<StatusCode.UNAUTHENTICATED: (16, 'unauthenticated')>, '40003', Metadata(tracking_id='afcfcc4e61c2133fb322ce35f856026a', ratelimit_limit='200, 200;w=60', ratelimit_remaining=166, ratelimit_reset=51, message='Authentication token is missing or invalid'))
2026-03-25 05:59:06,138 | WARNING | TinkoffBroker | Не удалось загрузить категорию futures: (<StatusCode.UNAUTHENTICATED: (16, 'unauthenticated')>, '40003', Metadata(tracking_id='a9368d0825df6b0147c0ce55ee3bed03', ratelimit_limit='200, 200;w=60', ratelimit_remaining=165, ratelimit_reset=51, message='Authentication token is missing or invalid'))
2026-03-25 05:59:06,138 | INFO | TinkoffBroker | Загрузка индикативов (индексы, товары)...
2026-03-25 05:59:06,149 | WARNING | TinkoffBroker | Не удалось загрузить индикативы: (<StatusCode.UNAUTHENTICATED: (16, 'unauthenticated')>, '40003', Metadata(tracking_id='aeb9a29f69a6c9c16415dc5292fb91cb', ratelimit_limit='200, 200;w=60', ratelimit_remaining=164, ratelimit_reset=51, message='Authentication token is missing or invalid'))
2026-03-25 05:59:06,150 | INFO | TinkoffBroker | Всего загружено инструментов: 0
2026-03-25 05:59:06,152 | WARNING | TinkoffBroker | Тикер SBER не найден ни в одной категории.
2026-03-25 05:59:06,152 | INFO | TinkoffBroker | Сбор информации по инструментам из конфига...
2026-03-25 05:59:06,152 | WARNING | TinkoffBroker | Кэш инструментов пуст. Сначала вызовите get_instrument_uid() или refresh_instruments_cache()
2026-03-25 05:59:06,287 | INFO | TinkoffBroker | Загрузка полного реестра инструментов...
2026-03-25 05:59:06,315 | WARNING | TinkoffBroker | Не удалось загрузить категорию shares: (<StatusCode.UNAUTHENTICATED: (16, 'unauthenticated')>, '40003', Metadata(tracking_id='ee3a587b3ba18b8d21eaee1cfdd53f10', ratelimit_limit='200, 200;w=60', ratelimit_remaining=163, ratelimit_reset=51, message='Authentication token is missing or invalid'))
2026-03-25 05:59:06,326 | WARNING | TinkoffBroker | Не удалось загрузить категорию bonds: (<StatusCode.UNAUTHENTICATED: (16, 'unauthenticated')>, '40003', Metadata(tracking_id='7bf3f45b280b3558c9f3137d346bd4e3', ratelimit_limit='200, 200;w=60', ratelimit_remaining=162, ratelimit_reset=51, message='Authentication token is missing or invalid'))
2026-03-25 05:59:06,337 | WARNING | TinkoffBroker | Не удалось загрузить категорию etfs: (<StatusCode.UNAUTHENTICATED: (16, 'unauthenticated')>, '40003', Metadata(tracking_id='9ac0cfcda137d24a8536827d974bcf77', ratelimit_limit='200, 200;w=60', ratelimit_remaining=161, ratelimit_reset=51, message='Authentication token is missing or invalid'))
2026-03-25 05:59:06,349 | WARNING | TinkoffBroker | Не удалось загрузить категорию currencies: (<StatusCode.UNAUTHENTICATED: (16, 'unauthenticated')>, '40003', Metadata(tracking_id='19de596a2771a37717ab19d52f98e03c', ratelimit_limit='200, 200;w=60', ratelimit_remaining=160, ratelimit_reset=51, message='Authentication token is missing or invalid'))
2026-03-25 05:59:06,360 | WARNING | TinkoffBroker | Не удалось загрузить категорию futures: (<StatusCode.UNAUTHENTICATED: (16, 'unauthenticated')>, '40003', Metadata(tracking_id='1c6ad58a5931998117972f12270207b1', ratelimit_limit='200, 200;w=60', ratelimit_remaining=159, ratelimit_reset=51, message='Authentication token is missing or invalid'))
2026-03-25 05:59:06,361 | INFO | TinkoffBroker | Загрузка индикативов (индексы, товары)...
2026-03-25 05:59:06,371 | WARNING | TinkoffBroker | Не удалось загрузить индикативы: (<StatusCode.UNAUTHENTICATED: (16, 'unauthenticated')>, '40003', Metadata(tracking_id='6fa9e5876603ea8598a27a13da7eff8f', ratelimit_limit='200, 200;w=60', ratelimit_remaining=158, ratelimit_reset=51, message='Authentication token is missing or invalid'))
2026-03-25 05:59:06,372 | INFO | TinkoffBroker | Всего загружено инструментов: 0
2026-03-25 05:59:06,373 | WARNING | TinkoffBroker | Тикер SBER не найден ни в одной категории.
2026-03-25 05:59:06,501 | INFO | TinkoffBroker | Загрузка полного реестра инструментов...
2026-03-25 05:59:06,529 | WARNING | TinkoffBroker | Не удалось загрузить категорию shares: (<StatusCode.UNAUTHENTICATED: (16, 'unauthenticated')>, '40003', Metadata(tracking_id='41ab1f15923a45988db832aa8f86609c', ratelimit_limit='200, 200;w=60', ratelimit_remaining=157, ratelimit_reset=51, message='Authentication token is missing or invalid'))
2026-03-25 05:59:06,540 | WARNING | TinkoffBroker | Не удалось загрузить категорию bonds: (<StatusCode.UNAUTHENTICATED: (16, 'unauthenticated')>, '40003', Metadata(tracking_id='5661e47cba5e708ad4d430adab57c351', ratelimit_limit='200, 200;w=60', ratelimit_remaining=156, ratelimit_reset=51, message='Authentication token is missing or invalid'))
2026-03-25 05:59:06,549 | WARNING | TinkoffBroker | Не удалось загрузить категорию etfs: (<StatusCode.UNAUTHENTICATED: (16, 'unauthenticated')>, '40003', Metadata(tracking_id='89d769781a45f747ffe9749eca540eaa', ratelimit_limit='200, 200;w=60', ratelimit_remaining=155, ratelimit_reset=51, message='Authentication token is missing or invalid'))
2026-03-25 05:59:06,558 | WARNING | TinkoffBroker | Не удалось загрузить категорию currencies: (<StatusCode.UNAUTHENTICATED: (16, 'unauthenticated')>, '40003', Metadata(tracking_id='fffa297b784aa29e8d2f853a64f03028', ratelimit_limit='200, 200;w=60', ratelimit_remaining=154, ratelimit_reset=51, message='Authentication token is missing or invalid'))
2026-03-25 05:59:06,570 | WARNING | TinkoffBroker | Не удалось загрузить категорию futures: (<StatusCode.UNAUTHENTICATED: (16, 'unauthenticated')>, '40003', Metadata(tracking_id='2e9f775bab1c7c99b99c87109c77ffc2', ratelimit_limit='200, 200;w=60', ratelimit_remaining=153, ratelimit_reset=51, message='Authentication token is missing or invalid'))
2026-03-25 05:59:06,570 | INFO | TinkoffBroker | Загрузка индикативов (индексы, товары)...
2026-03-25 05:59:06,582 | WARNING | TinkoffBroker | Не удалось загрузить индикативы: (<StatusCode.UNAUTHENTICATED: (16, 'unauthenticated')>, '40003', Metadata(tracking_id='73b0b8840de764ce62f55a73741ebfb3', ratelimit_limit='200, 200;w=60', ratelimit_remaining=152, ratelimit_reset=51, message='Authentication token is missing or invalid'))
2026-03-25 05:59:06,583 | INFO | TinkoffBroker | Всего загружено инструментов: 0
2026-03-25 05:59:06,583 | WARNING | TinkoffBroker | Тикер SBER не найден ни в одной категории.
2026-03-25 05:59:06,713 | INFO | TinkoffBroker | Принудительное обновление кэша инструментов...
2026-03-25 05:59:06,713 | INFO | TinkoffBroker | Загрузка полного реестра инструментов...
2026-03-25 05:59:06,740 | WARNING | TinkoffBroker | Не удалось загрузить категорию shares: (<StatusCode.UNAUTHENTICATED: (16, 'unauthenticated')>, '40003', Metadata(tracking_id='acbcc753889992ffb82e11e76d2401ec', ratelimit_limit='200, 200;w=60', ratelimit_remaining=151, ratelimit_reset=51, message='Authentication token is missing or invalid'))
2026-03-25 05:59:06,751 | WARNING | TinkoffBroker | Не удалось загрузить категорию bonds: (<StatusCode.UNAUTHENTICATED: (16, 'unauthenticated')>, '40003', Metadata(tracking_id='04682da5d2038c148786cd854433975a', ratelimit_limit='200, 200;w=60', ratelimit_remaining=150, ratelimit_reset=51, message='Authentication token is missing or invalid'))
2026-03-25 05:59:06,763 | WARNING | TinkoffBroker | Не удалось загрузить категорию etfs: (<StatusCode.UNAUTHENTICATED: (16, 'unauthenticated')>, '40003', Metadata(tracking_id='8eb7220e3734af3c4fc30b7e8902f6df', ratelimit_limit='200, 200;w=60', ratelimit_remaining=149, ratelimit_reset=51, message='Authentication token is missing or invalid'))
2026-03-25 05:59:06,776 | WARNING | TinkoffBroker | Не удалось загрузить категорию currencies: (<StatusCode.UNAUTHENTICATED: (16, 'unauthenticated')>, '40003', Metadata(tracking_id='495128f5936064685acf1437e2fb87f5', ratelimit_limit='200, 200;w=60', ratelimit_remaining=148, ratelimit_reset=51, message='Authentication token is missing or invalid'))
2026-03-25 05:59:06,787 | WARNING | TinkoffBroker | Не удалось загрузить категорию futures: (<StatusCode.UNAUTHENTICATED: (16, 'unauthenticated')>, '40003', Metadata(tracking_id='9475cd87f390ae96e8054909ba70e42f', ratelimit_limit='200, 200;w=60', ratelimit_remaining=147, ratelimit_reset=51, message='Authentication token is missing or invalid'))
2026-03-25 05:59:06,788 | INFO | TinkoffBroker | Загрузка индикативов (индексы, товары)...
2026-03-25 05:59:06,799 | WARNING | TinkoffBroker | Не удалось загрузить индикативы: (<StatusCode.UNAUTHENTICATED: (16, 'unauthenticated')>, '40003', Metadata(tracking_id='8c90711e1a11f9d346da306609d1f33c', ratelimit_limit='200, 200;w=60', ratelimit_remaining=146, ratelimit_reset=51, message='Authentication token is missing or invalid'))
2026-03-25 05:59:06,799 | INFO | TinkoffBroker | Всего загружено инструментов: 0
2026-03-25 05:59:06,800 | INFO | TinkoffBroker | Кэш обновлен: 0 инструментов
2026-03-25 05:59:06,939 | INFO | TinkoffBroker | Загрузка полного реестра инструментов...
2026-03-25 05:59:06,970 | WARNING | TinkoffBroker | Не удалось загрузить категорию shares: (<StatusCode.UNAUTHENTICATED: (16, 'unauthenticated')>, '40003', Metadata(tracking_id='c3213b0d56341023ecda28173f87d98a', ratelimit_limit='200, 200;w=60', ratelimit_remaining=145, ratelimit_reset=50, message='Authentication token is missing or invalid'))
2026-03-25 05:59:06,982 | WARNING | TinkoffBroker | Не удалось загрузить категорию bonds: (<StatusCode.UNAUTHENTICATED: (16, 'unauthenticated')>, '40003', Metadata(tracking_id='3ebbfe1bf41ea78d3991d0fabad3f5ac', ratelimit_limit='200, 200;w=60', ratelimit_remaining=144, ratelimit_reset=50, message='Authentication token is missing or invalid'))
2026-03-25 05:59:06,994 | WARNING | TinkoffBroker | Не удалось загрузить категорию etfs: (<StatusCode.UNAUTHENTICATED: (16, 'unauthenticated')>, '40003', Metadata(tracking_id='99a4db04767c1243cb2dd16fdae1bda4', ratelimit_limit='200, 200;w=60', ratelimit_remaining=143, ratelimit_reset=50, message='Authentication token is missing or invalid'))
2026-03-25 05:59:07,005 | WARNING | TinkoffBroker | Не удалось загрузить категорию currencies: (<StatusCode.UNAUTHENTICATED: (16, 'unauthenticated')>, '40003', Metadata(tracking_id='28ef53ec404cf9424fad1cbee632282c', ratelimit_limit='200, 200;w=60', ratelimit_remaining=142, ratelimit_reset=50, message='Authentication token is missing or invalid'))
2026-03-25 05:59:07,015 | WARNING | TinkoffBroker | Не удалось загрузить категорию futures: (<StatusCode.UNAUTHENTICATED: (16, 'unauthenticated')>, '40003', Metadata(tracking_id='7d5d6eb583daf74f1019f24870653b07', ratelimit_limit='200, 200;w=60', ratelimit_remaining=141, ratelimit_reset=50, message='Authentication token is missing or invalid'))
2026-03-25 05:59:07,016 | INFO | TinkoffBroker | Загрузка индикативов (индексы, товары)...
2026-03-25 05:59:07,028 | WARNING | TinkoffBroker | Не удалось загрузить индикативы: (<StatusCode.UNAUTHENTICATED: (16, 'unauthenticated')>, '40003', Metadata(tracking_id='1298649dd61230624e3969f4dca3755c', ratelimit_limit='200, 200;w=60', ratelimit_remaining=140, ratelimit_reset=50, message='Authentication token is missing or invalid'))
2026-03-25 05:59:07,115 | INFO | TinkoffBroker | Всего загружено инструментов: 0
2026-03-25 05:59:07,116 | WARNING | TinkoffBroker | Тикер FAKETICKER123 не найден ни в одной категории.
2026-03-25 05:59:07,117 | INFO | TinkoffBroker | Старт загрузки истории для SBER (UID: dummy_uid). Последняя известная дата: None
2026-03-25 05:59:07,117 | INFO | TinkoffBroker | Старт загрузки истории для SBER (UID: ). Последняя известная дата: None
2026-03-25 05:59:07,118 | INFO | TinkoffBroker | Режим полной загрузки: с 2025-03-25 05:59:07.118884 (глубина 365 дн., глобальный дефолт)
2026-03-25 05:59:07,145 | ERROR | TinkoffBroker | Ошибка загрузки свечей для : (<StatusCode.UNAUTHENTICATED: (16, 'unauthenticated')>, '40003', Metadata(tracking_id='2fdaef3a95318fa0d93aa74e54666bed', ratelimit_limit='600, 600;w=60', ratelimit_remaining=599, ratelimit_reset=50, message='Authentication token is missing or invalid'))
Traceback (most recent call last):
  File "C:\Users\Khanin Maksim\AppData\Local\Programs\Python\Python312\Lib\site-packages\t_tech\invest\_errors.py", line 89, in wrapper
    return await func(*args, **kwargs)
           ^^^^^^^^^^^^^^^^^^^^^^^^^^^
  File "C:\Users\Khanin Maksim\AppData\Local\Programs\Python\Python312\Lib\site-packages\t_tech\invest\async_services.py", line 1155, in get_candles
    response = await response_coro
               ^^^^^^^^^^^^^^^^^^^
  File "C:\Users\Khanin Maksim\AppData\Local\Programs\Python\Python312\Lib\site-packages\grpc\aio\_call.py", line 327, in __await__
    raise _create_rpc_error(
grpc.aio._call.AioRpcError: <AioRpcError of RPC that terminated with:
	status = StatusCode.UNAUTHENTICATED
	details = "40003"
	debug_error_string = "UNKNOWN:Error received from peer  {grpc_message:"40003", grpc_status:16}"
>

The above exception was the direct cause of the following exception:

Traceback (most recent call last):
  File "C:\Users\Khanin Maksim\PycharmProjects\honeyProject\docker\data_loader\T_con.py", line 152, in fetch_candles_chunk
    response: GetCandlesResponse = await client.market_data.get_candles(
                                   ^^^^^^^^^^^^^^^^^^^^^^^^^^^^^^^^^^^^^
  File "C:\Users\Khanin Maksim\AppData\Local\Programs\Python\Python312\Lib\site-packages\t_tech\invest\_errors.py", line 102, in wrapper
    raise AioUnauthenticatedError(status_code, details, metadata) from e
t_tech.invest.exceptions.AioUnauthenticatedError: (<StatusCode.UNAUTHENTICATED: (16, 'unauthenticated')>, '40003', Metadata(tracking_id='2fdaef3a95318fa0d93aa74e54666bed', ratelimit_limit='600, 600;w=60', ratelimit_remaining=599, ratelimit_reset=50, message='Authentication token is missing or invalid'))
2026-03-25 05:59:07,337 | ERROR | TinkoffBroker | Критическая ошибка при загрузке куска. Прерывание. Ошибка: (<StatusCode.UNAUTHENTICATED: (16, 'unauthenticated')>, '40003', Metadata(tracking_id='2fdaef3a95318fa0d93aa74e54666bed', ratelimit_limit='600, 600;w=60', ratelimit_remaining=599, ratelimit_reset=50, message='Authentication token is missing or invalid'))
2026-03-25 05:59:07,338 | INFO | TinkoffBroker | Загрузка для SBER завершена. Всего получено: 0 свечей.
