ERROR <PID 33528:MainProcess> tink_etl_logger._retry(): Function <function update_instr_candle_hist at 0x000001523E63B670> failed after 2 retries
ERROR <PID 33528:MainProcess> tink_etl_logger.etl_candles(): Quering candles for AAN_old from 2021-03-03T00:00:00+00:00 to 2021-03-08T00:00:00+00:00 was unsuccessful
ERROR <PID 18388:MainProcess> fmp_etl_logger._retry(): Function <function update_fmp_stat at 0x00000248AE0A43A0> failed after 2 retries
ERROR <PID 18388:MainProcess> fmp_etl_logger._retry(): Function <function update_fmp_stat at 0x00000248AE0A43A0> failed after 2 retries
ERROR <PID 18388:MainProcess> fmp_etl_logger._retry(): Function <function update_fmp_stat at 0x00000248AE0A43A0> failed after 2 retries
ERROR <PID 18388:MainProcess> fmp_etl_logger._retry(): Function <function update_fmp_stat at 0x00000248AE0A43A0> failed after 2 retries
ERROR <PID 18388:MainProcess> fmp_etl_logger._retry(): Function <function update_fmp_stat at 0x00000248AE0A43A0> failed after 2 retries
ERROR <PID 26796:MainProcess> fmp_etl_logger._retry(): Function <function update_fmp_stat at 0x00000278556D43A0> failed after 2 retries
ERROR <PID 26796:MainProcess> fmp_etl_logger._retry(): Function <function update_fmp_stat at 0x00000278556D43A0> failed after 2 retries
ERROR <PID 26796:MainProcess> fmp_etl_logger._retry(): Function <function update_fmp_stat at 0x00000278556D43A0> failed after 2 retries
ERROR <PID 26796:MainProcess> fmp_etl_logger._retry(): Function <function update_fmp_stat at 0x00000278556D43A0> failed after 2 retries
ERROR <PID 26796:MainProcess> fmp_etl_logger._retry(): Function <function update_fmp_stat at 0x00000278556D43A0> failed after 2 retries
ERROR <PID 26796:MainProcess> fmp_etl_logger._retry(): Function <function update_fmp_stat at 0x00000278556D43A0> failed after 2 retries
ERROR <PID 26796:MainProcess> fmp_etl_logger._retry(): Function <function update_fmp_stat at 0x00000278556D43A0> failed after 2 retries
ERROR <PID 26796:MainProcess> fmp_etl_logger._retry(): Function <function update_fmp_stat at 0x00000278556D43A0> failed after 2 retries
ERROR <PID 26796:MainProcess> fmp_etl_logger._retry(): Function <function update_fmp_stat at 0x00000278556D43A0> failed after 2 retries
ERROR <PID 26796:MainProcess> fmp_etl_logger._retry(): Function <function update_fmp_stat at 0x00000278556D43A0> failed after 2 retries
ERROR <PID 26796:MainProcess> fmp_etl_logger._retry(): Function <function update_fmp_stat at 0x00000278556D43A0> failed after 2 retries
ERROR <PID 26796:MainProcess> fmp_etl_logger._retry(): Function <function update_fmp_stat at 0x00000278556D43A0> failed after 2 retries
ERROR <PID 26796:MainProcess> fmp_etl_logger._retry(): Function <function update_fmp_stat at 0x00000278556D43A0> failed after 2 retries
ERROR <PID 26796:MainProcess> fmp_etl_logger._retry(): Function <function update_fmp_stat at 0x00000278556D43A0> failed after 2 retries
ERROR <PID 26796:MainProcess> fmp_etl_logger._retry(): Function <function update_fmp_stat at 0x00000278556D43A0> failed after 2 retries
ERROR <PID 26796:MainProcess> fmp_etl_logger._retry(): Function <function update_fmp_stat at 0x00000278556D43A0> failed after 2 retries
ERROR <PID 26796:MainProcess> fmp_etl_logger._retry(): Function <function update_fmp_stat at 0x00000278556D43A0> failed after 2 retries
ERROR <PID 26796:MainProcess> fmp_etl_logger._retry(): Function <function update_fmp_stat at 0x00000278556D43A0> failed after 2 retries
ERROR <PID 19360:MainProcess> fmp_etl_logger._retry(): Function <function update_fmp_stat at 0x000001B4EAB743A0> failed after 2 retries
ERROR <PID 19360:MainProcess> fmp_etl_logger._retry(): Function <function update_fmp_stat at 0x000001B4EAB743A0> failed after 2 retries
ERROR <PID 19360:MainProcess> fmp_etl_logger._retry(): Function <function update_fmp_stat at 0x000001B4EAB743A0> failed after 2 retries
ERROR <PID 19360:MainProcess> fmp_etl_logger._retry(): Function <function update_fmp_stat at 0x000001B4EAB743A0> failed after 2 retries
ERROR <PID 19360:MainProcess> fmp_etl_logger._retry(): Function <function update_fmp_stat at 0x000001B4EAB743A0> failed after 2 retries
ERROR <PID 19360:MainProcess> fmp_etl_logger._retry(): Function <function update_fmp_stat at 0x000001B4EAB743A0> failed after 2 retries
ERROR <PID 19360:MainProcess> fmp_etl_logger._retry(): Function <function update_fmp_stat at 0x000001B4EAB743A0> failed after 2 retries
ERROR <PID 19360:MainProcess> fmp_etl_logger._retry(): Function <function update_fmp_stat at 0x000001B4EAB743A0> failed after 2 retries
ERROR <PID 19360:MainProcess> fmp_etl_logger._retry(): Function <function update_fmp_stat at 0x000001B4EAB743A0> failed after 2 retries
ERROR <PID 19360:MainProcess> fmp_etl_logger._retry(): Function <function update_fmp_stat at 0x000001B4EAB743A0> failed after 2 retries
ERROR <PID 19360:MainProcess> fmp_etl_logger._retry(): Function <function update_fmp_stat at 0x000001B4EAB743A0> failed after 2 retries
ERROR <PID 19360:MainProcess> fmp_etl_logger._retry(): Function <function update_fmp_stat at 0x000001B4EAB743A0> failed after 2 retries
ERROR <PID 19360:MainProcess> fmp_etl_logger._retry(): Function <function update_fmp_stat at 0x000001B4EAB743A0> failed after 2 retries
ERROR <PID 19360:MainProcess> fmp_etl_logger._retry(): Function <function update_fmp_stat at 0x000001B4EAB743A0> failed after 2 retries
ERROR <PID 19360:MainProcess> fmp_etl_logger._retry(): Function <function update_fmp_stat at 0x000001B4EAB743A0> failed after 2 retries
ERROR <PID 19360:MainProcess> fmp_etl_logger._retry(): Function <function update_fmp_stat at 0x000001B4EAB743A0> failed after 2 retries
ERROR <PID 19360:MainProcess> fmp_etl_logger._retry(): Function <function update_fmp_stat at 0x000001B4EAB743A0> failed after 2 retries
ERROR <PID 19360:MainProcess> fmp_etl_logger._retry(): Function <function update_fmp_stat at 0x000001B4EAB743A0> failed after 2 retries
ERROR <PID 19360:MainProcess> fmp_etl_logger._retry(): Function <function update_fmp_stat at 0x000001B4EAB743A0> failed after 2 retries
ERROR <PID 19360:MainProcess> fmp_etl_logger._retry(): Function <function update_fmp_stat at 0x000001B4EAB743A0> failed after 2 retries
ERROR <PID 19360:MainProcess> fmp_etl_logger._retry(): Function <function update_fmp_stat at 0x000001B4EAB743A0> failed after 2 retries
ERROR <PID 19360:MainProcess> fmp_etl_logger._retry(): Function <function update_fmp_stat at 0x000001B4EAB743A0> failed after 2 retries
ERROR <PID 19360:MainProcess> fmp_etl_logger._retry(): Function <function update_fmp_stat at 0x000001B4EAB743A0> failed after 2 retries
ERROR <PID 19360:MainProcess> fmp_etl_logger._retry(): Function <function update_fmp_stat at 0x000001B4EAB743A0> failed after 2 retries
ERROR <PID 19360:MainProcess> fmp_etl_logger._retry(): Function <function update_fmp_stat at 0x000001B4EAB743A0> failed after 2 retries
ERROR <PID 19360:MainProcess> fmp_etl_logger._retry(): Function <function update_fmp_stat at 0x000001B4EAB743A0> failed after 2 retries
ERROR <PID 19360:MainProcess> fmp_etl_logger._retry(): Function <function update_fmp_stat at 0x000001B4EAB743A0> failed after 2 retries
ERROR <PID 19360:MainProcess> fmp_etl_logger._retry(): Function <function update_fmp_stat at 0x000001B4EAB743A0> failed after 2 retries
ERROR <PID 19360:MainProcess> fmp_etl_logger._retry(): Function <function update_fmp_stat at 0x000001B4EAB743A0> failed after 2 retries
ERROR <PID 19360:MainProcess> fmp_etl_logger._retry(): Function <function update_fmp_stat at 0x000001B4EAB743A0> failed after 2 retries
ERROR <PID 27972:MainProcess> fmp_etl_logger._retry(): Function <function update_fmp_stat at 0x00000184549443A0> failed after 2 retries
ERROR <PID 27972:MainProcess> fmp_etl_logger._retry(): Function <function update_fmp_stat at 0x00000184549443A0> failed after 2 retries
ERROR <PID 29392:MainProcess> fmp_etl_logger._retry(): Function <function update_fmp_stat at 0x0000021B5DCC43A0> failed after 2 retries
ERROR <PID 29392:MainProcess> fmp_etl_logger._retry(): Function <function update_fmp_stat at 0x0000021B5DCC43A0> failed after 2 retries
ERROR <PID 29392:MainProcess> fmp_etl_logger._retry(): Function <function update_fmp_stat at 0x0000021B5DCC43A0> failed after 2 retries
ERROR <PID 29392:MainProcess> fmp_etl_logger._retry(): Function <function update_fmp_stat at 0x0000021B5DCC43A0> failed after 2 retries
ERROR <PID 29392:MainProcess> fmp_etl_logger._retry(): Function <function update_fmp_stat at 0x0000021B5DCC43A0> failed after 2 retries
ERROR <PID 29392:MainProcess> fmp_etl_logger._retry(): Function <function update_fmp_stat at 0x0000021B5DCC43A0> failed after 2 retries
ERROR <PID 29392:MainProcess> fmp_etl_logger._retry(): Function <function update_fmp_stat at 0x0000021B5DCC43A0> failed after 2 retries
ERROR <PID 29392:MainProcess> fmp_etl_logger._retry(): Function <function update_fmp_stat at 0x0000021B5DCC43A0> failed after 2 retries
ERROR <PID 29392:MainProcess> fmp_etl_logger._retry(): Function <function update_fmp_stat at 0x0000021B5DCC43A0> failed after 2 retries
ERROR <PID 29392:MainProcess> fmp_etl_logger._retry(): Function <function update_fmp_stat at 0x0000021B5DCC43A0> failed after 2 retries
ERROR <PID 29392:MainProcess> fmp_etl_logger._retry(): Function <function update_fmp_stat at 0x0000021B5DCC43A0> failed after 2 retries
ERROR <PID 29392:MainProcess> fmp_etl_logger._retry(): Function <function update_fmp_stat at 0x0000021B5DCC43A0> failed after 2 retries
ERROR <PID 29392:MainProcess> fmp_etl_logger._retry(): Function <function update_fmp_stat at 0x0000021B5DCC43A0> failed after 2 retries
ERROR <PID 29392:MainProcess> fmp_etl_logger._retry(): Function <function update_fmp_stat at 0x0000021B5DCC43A0> failed after 2 retries
ERROR <PID 29392:MainProcess> fmp_etl_logger._retry(): Function <function update_fmp_stat at 0x0000021B5DCC43A0> failed after 2 retries
ERROR <PID 29392:MainProcess> fmp_etl_logger._retry(): Function <function update_fmp_stat at 0x0000021B5DCC43A0> failed after 2 retries
ERROR <PID 29392:MainProcess> fmp_etl_logger._retry(): Function <function update_fmp_stat at 0x0000021B5DCC43A0> failed after 2 retries
ERROR <PID 29392:MainProcess> fmp_etl_logger._retry(): Function <function update_fmp_stat at 0x0000021B5DCC43A0> failed after 2 retries
ERROR <PID 25372:MainProcess> fmp_etl_logger._retry(): Function <function update_fmp_stat at 0x000001CCCD9D43A0> failed after 2 retries
ERROR <PID 25372:MainProcess> fmp_etl_logger._retry(): Function <function update_fmp_stat at 0x000001CCCD9D43A0> failed after 2 retries
ERROR <PID 25372:MainProcess> fmp_etl_logger._retry(): Function <function update_fmp_stat at 0x000001CCCD9D43A0> failed after 2 retries
ERROR <PID 25372:MainProcess> fmp_etl_logger._retry(): Function <function update_fmp_stat at 0x000001CCCD9D43A0> failed after 2 retries
ERROR <PID 25372:MainProcess> fmp_etl_logger._retry(): Function <function update_fmp_stat at 0x000001CCCD9D43A0> failed after 2 retries
ERROR <PID 25372:MainProcess> fmp_etl_logger._retry(): Function <function update_fmp_stat at 0x000001CCCD9D43A0> failed after 2 retries
ERROR <PID 28548:MainProcess> fmp_etl_logger._retry(): Function <function update_fmp_stat at 0x0000028C498CE3A0> failed after 2 retries
ERROR <PID 28548:MainProcess> fmp_etl_logger._retry(): Function <function update_fmp_stat at 0x0000028C498CE3A0> failed after 2 retries
ERROR <PID 28548:MainProcess> fmp_etl_logger._retry(): Function <function update_fmp_stat at 0x0000028C498CE3A0> failed after 2 retries
ERROR <PID 28548:MainProcess> fmp_etl_logger._retry(): Function <function update_fmp_stat at 0x0000028C498CE3A0> failed after 2 retries
ERROR <PID 28548:MainProcess> fmp_etl_logger._retry(): Function <function update_fmp_stat at 0x0000028C498CE3A0> failed after 2 retries
ERROR <PID 10476:MainProcess> fmp_etl_logger._retry(): Function <function update_fmp_stat at 0x000001FB6DAAB3A0> failed after 2 retries
ERROR <PID 5096:MainProcess> fmp_etl_logger._retry(): Function <function update_fmp_stat at 0x000002050BDDC3A0> failed with error: 'Response' object has no attribute 'head'
ERROR <PID 5096:MainProcess> fmp_etl_logger._retry(): Function <function update_fmp_stat at 0x000002050BDDC3A0> failed with error: 'Response' object has no attribute 'head'
ERROR <PID 5096:MainProcess> fmp_etl_logger._retry(): Function <function update_fmp_stat at 0x000002050BDDC3A0> failed with error: 'Response' object has no attribute 'head'
CRITICAL <PID 5096:MainProcess> fmp_etl_logger._retry(): Function <function update_fmp_stat at 0x000002050BDDC3A0> failed after 2 retries
ERROR <PID 4336:MainProcess> fmp_etl_logger._retry(): Function <function update_fmp_stat at 0x000001D0EE8CC3A0> failed with error: 'Response' object has no attribute 'head'
ERROR <PID 4336:MainProcess> fmp_etl_logger._retry(): Function <function update_fmp_stat at 0x000001D0EE8CC3A0> failed with error: 'Response' object has no attribute 'head'
ERROR <PID 4336:MainProcess> fmp_etl_logger._retry(): Function <function update_fmp_stat at 0x000001D0EE8CC3A0> failed with error: 'Response' object has no attribute 'head'
CRITICAL <PID 4336:MainProcess> fmp_etl_logger._retry(): Function <function update_fmp_stat at 0x000001D0EE8CC3A0> failed after 2 retries
