2021-03-08 16:53:19,864 - tink_etl_logger - ERROR - Function <function update_instr_candle_hist at 0x000001523E63B670> failed after 2 retries
2021-03-08 16:53:19,865 - tink_etl_logger - ERROR - Quering candles for AAN_old from 2021-03-03T00:00:00+00:00 to 2021-03-08T00:00:00+00:00 was unsuccessful
2021-04-17 10:45:49,808 - fmp_etl_logger - ERROR - Function <function update_fmp_stat at 0x00000248AE0A43A0> failed after 2 retries
2021-04-17 10:46:15,885 - fmp_etl_logger - ERROR - Function <function update_fmp_stat at 0x00000248AE0A43A0> failed after 2 retries
2021-04-17 10:46:46,866 - fmp_etl_logger - ERROR - Function <function update_fmp_stat at 0x00000248AE0A43A0> failed after 2 retries
2021-04-17 10:48:47,920 - fmp_etl_logger - ERROR - Function <function update_fmp_stat at 0x00000248AE0A43A0> failed after 2 retries
2021-04-17 10:49:57,124 - fmp_etl_logger - ERROR - Function <function update_fmp_stat at 0x00000248AE0A43A0> failed after 2 retries
2021-04-17 12:40:55,847 - fmp_etl_logger - ERROR - Function <function update_fmp_stat at 0x00000278556D43A0> failed after 2 retries
2021-04-17 12:40:57,719 - fmp_etl_logger - ERROR - Function <function update_fmp_stat at 0x00000278556D43A0> failed after 2 retries
2021-04-17 12:41:00,149 - fmp_etl_logger - ERROR - Function <function update_fmp_stat at 0x00000278556D43A0> failed after 2 retries
2021-04-17 12:41:03,217 - fmp_etl_logger - ERROR - Function <function update_fmp_stat at 0x00000278556D43A0> failed after 2 retries
2021-04-17 12:41:07,139 - fmp_etl_logger - ERROR - Function <function update_fmp_stat at 0x00000278556D43A0> failed after 2 retries
2021-04-17 12:41:10,128 - fmp_etl_logger - ERROR - Function <function update_fmp_stat at 0x00000278556D43A0> failed after 2 retries
2021-04-17 12:41:13,105 - fmp_etl_logger - ERROR - Function <function update_fmp_stat at 0x00000278556D43A0> failed after 2 retries
2021-04-17 12:41:15,706 - fmp_etl_logger - ERROR - Function <function update_fmp_stat at 0x00000278556D43A0> failed after 2 retries
2021-04-17 12:41:18,626 - fmp_etl_logger - ERROR - Function <function update_fmp_stat at 0x00000278556D43A0> failed after 2 retries
2021-04-17 12:41:20,886 - fmp_etl_logger - ERROR - Function <function update_fmp_stat at 0x00000278556D43A0> failed after 2 retries
2021-04-17 12:41:23,155 - fmp_etl_logger - ERROR - Function <function update_fmp_stat at 0x00000278556D43A0> failed after 2 retries
2021-04-17 12:41:25,424 - fmp_etl_logger - ERROR - Function <function update_fmp_stat at 0x00000278556D43A0> failed after 2 retries
2021-04-17 12:41:27,713 - fmp_etl_logger - ERROR - Function <function update_fmp_stat at 0x00000278556D43A0> failed after 2 retries
2021-04-17 12:41:30,021 - fmp_etl_logger - ERROR - Function <function update_fmp_stat at 0x00000278556D43A0> failed after 2 retries
2021-04-17 12:41:31,977 - fmp_etl_logger - ERROR - Function <function update_fmp_stat at 0x00000278556D43A0> failed after 2 retries
2021-04-17 12:41:35,140 - fmp_etl_logger - ERROR - Function <function update_fmp_stat at 0x00000278556D43A0> failed after 2 retries
2021-04-17 12:41:38,113 - fmp_etl_logger - ERROR - Function <function update_fmp_stat at 0x00000278556D43A0> failed after 2 retries
2021-04-17 12:41:41,125 - fmp_etl_logger - ERROR - Function <function update_fmp_stat at 0x00000278556D43A0> failed after 2 retries
2021-04-17 12:45:36,562 - fmp_etl_logger - ERROR - Function <function update_fmp_stat at 0x000001B4EAB743A0> failed after 2 retries
2021-04-17 12:45:38,773 - fmp_etl_logger - ERROR - Function <function update_fmp_stat at 0x000001B4EAB743A0> failed after 2 retries
2021-04-17 12:45:41,139 - fmp_etl_logger - ERROR - Function <function update_fmp_stat at 0x000001B4EAB743A0> failed after 2 retries
2021-04-17 12:45:43,872 - fmp_etl_logger - ERROR - Function <function update_fmp_stat at 0x000001B4EAB743A0> failed after 2 retries
2021-04-17 12:45:46,414 - fmp_etl_logger - ERROR - Function <function update_fmp_stat at 0x000001B4EAB743A0> failed after 2 retries
2021-04-17 12:45:49,593 - fmp_etl_logger - ERROR - Function <function update_fmp_stat at 0x000001B4EAB743A0> failed after 2 retries
2021-04-17 12:45:52,631 - fmp_etl_logger - ERROR - Function <function update_fmp_stat at 0x000001B4EAB743A0> failed after 2 retries
2021-04-17 12:45:56,688 - fmp_etl_logger - ERROR - Function <function update_fmp_stat at 0x000001B4EAB743A0> failed after 2 retries
2021-04-17 12:45:58,958 - fmp_etl_logger - ERROR - Function <function update_fmp_stat at 0x000001B4EAB743A0> failed after 2 retries
2021-04-17 12:46:01,630 - fmp_etl_logger - ERROR - Function <function update_fmp_stat at 0x000001B4EAB743A0> failed after 2 retries
2021-04-17 12:46:04,873 - fmp_etl_logger - ERROR - Function <function update_fmp_stat at 0x000001B4EAB743A0> failed after 2 retries
2021-04-17 12:46:07,115 - fmp_etl_logger - ERROR - Function <function update_fmp_stat at 0x000001B4EAB743A0> failed after 2 retries
2021-04-17 12:46:09,557 - fmp_etl_logger - ERROR - Function <function update_fmp_stat at 0x000001B4EAB743A0> failed after 2 retries
2021-04-17 12:46:12,121 - fmp_etl_logger - ERROR - Function <function update_fmp_stat at 0x000001B4EAB743A0> failed after 2 retries
2021-04-17 12:46:14,371 - fmp_etl_logger - ERROR - Function <function update_fmp_stat at 0x000001B4EAB743A0> failed after 2 retries
2021-04-17 12:46:17,746 - fmp_etl_logger - ERROR - Function <function update_fmp_stat at 0x000001B4EAB743A0> failed after 2 retries
2021-04-17 12:46:20,302 - fmp_etl_logger - ERROR - Function <function update_fmp_stat at 0x000001B4EAB743A0> failed after 2 retries
2021-04-17 12:46:23,281 - fmp_etl_logger - ERROR - Function <function update_fmp_stat at 0x000001B4EAB743A0> failed after 2 retries
2021-04-17 12:46:26,759 - fmp_etl_logger - ERROR - Function <function update_fmp_stat at 0x000001B4EAB743A0> failed after 2 retries
2021-04-17 12:46:28,620 - fmp_etl_logger - ERROR - Function <function update_fmp_stat at 0x000001B4EAB743A0> failed after 2 retries
2021-04-17 12:46:30,469 - fmp_etl_logger - ERROR - Function <function update_fmp_stat at 0x000001B4EAB743A0> failed after 2 retries
2021-04-17 12:46:32,715 - fmp_etl_logger - ERROR - Function <function update_fmp_stat at 0x000001B4EAB743A0> failed after 2 retries
2021-04-17 12:46:34,984 - fmp_etl_logger - ERROR - Function <function update_fmp_stat at 0x000001B4EAB743A0> failed after 2 retries
2021-04-17 12:46:36,903 - fmp_etl_logger - ERROR - Function <function update_fmp_stat at 0x000001B4EAB743A0> failed after 2 retries
2021-04-17 12:46:38,823 - fmp_etl_logger - ERROR - Function <function update_fmp_stat at 0x000001B4EAB743A0> failed after 2 retries
2021-04-17 12:46:41,027 - fmp_etl_logger - ERROR - Function <function update_fmp_stat at 0x000001B4EAB743A0> failed after 2 retries
2021-04-17 12:46:43,860 - fmp_etl_logger - ERROR - Function <function update_fmp_stat at 0x000001B4EAB743A0> failed after 2 retries
2021-04-17 12:46:46,886 - fmp_etl_logger - ERROR - Function <function update_fmp_stat at 0x000001B4EAB743A0> failed after 2 retries
2021-04-17 12:46:49,873 - fmp_etl_logger - ERROR - Function <function update_fmp_stat at 0x000001B4EAB743A0> failed after 2 retries
2021-04-17 12:46:51,928 - fmp_etl_logger - ERROR - Function <function update_fmp_stat at 0x000001B4EAB743A0> failed after 2 retries
2021-04-17 12:54:00,380 - fmp_etl_logger - ERROR - Function <function update_fmp_stat at 0x00000184549443A0> failed after 2 retries
2021-04-17 12:54:02,854 - fmp_etl_logger - ERROR - Function <function update_fmp_stat at 0x00000184549443A0> failed after 2 retries
2021-04-17 12:54:21,323 - fmp_etl_logger - ERROR - Function <function update_fmp_stat at 0x0000021B5DCC43A0> failed after 2 retries
2021-04-17 12:54:24,257 - fmp_etl_logger - ERROR - Function <function update_fmp_stat at 0x0000021B5DCC43A0> failed after 2 retries
2021-04-17 12:54:26,506 - fmp_etl_logger - ERROR - Function <function update_fmp_stat at 0x0000021B5DCC43A0> failed after 2 retries
2021-04-17 12:54:28,241 - fmp_etl_logger - ERROR - Function <function update_fmp_stat at 0x0000021B5DCC43A0> failed after 2 retries
2021-04-17 12:54:30,804 - fmp_etl_logger - ERROR - Function <function update_fmp_stat at 0x0000021B5DCC43A0> failed after 2 retries
2021-04-17 12:54:32,856 - fmp_etl_logger - ERROR - Function <function update_fmp_stat at 0x0000021B5DCC43A0> failed after 2 retries
2021-04-17 12:54:35,256 - fmp_etl_logger - ERROR - Function <function update_fmp_stat at 0x0000021B5DCC43A0> failed after 2 retries
2021-04-17 12:54:37,478 - fmp_etl_logger - ERROR - Function <function update_fmp_stat at 0x0000021B5DCC43A0> failed after 2 retries
2021-04-17 12:54:40,288 - fmp_etl_logger - ERROR - Function <function update_fmp_stat at 0x0000021B5DCC43A0> failed after 2 retries
2021-04-17 12:54:42,500 - fmp_etl_logger - ERROR - Function <function update_fmp_stat at 0x0000021B5DCC43A0> failed after 2 retries
2021-04-17 12:54:44,699 - fmp_etl_logger - ERROR - Function <function update_fmp_stat at 0x0000021B5DCC43A0> failed after 2 retries
2021-04-17 12:54:47,263 - fmp_etl_logger - ERROR - Function <function update_fmp_stat at 0x0000021B5DCC43A0> failed after 2 retries
2021-04-17 12:54:49,054 - fmp_etl_logger - ERROR - Function <function update_fmp_stat at 0x0000021B5DCC43A0> failed after 2 retries
2021-04-17 12:54:51,184 - fmp_etl_logger - ERROR - Function <function update_fmp_stat at 0x0000021B5DCC43A0> failed after 2 retries
2021-04-17 12:54:53,393 - fmp_etl_logger - ERROR - Function <function update_fmp_stat at 0x0000021B5DCC43A0> failed after 2 retries
2021-04-17 12:54:55,542 - fmp_etl_logger - ERROR - Function <function update_fmp_stat at 0x0000021B5DCC43A0> failed after 2 retries
2021-04-17 12:54:57,668 - fmp_etl_logger - ERROR - Function <function update_fmp_stat at 0x0000021B5DCC43A0> failed after 2 retries
2021-04-17 12:54:59,873 - fmp_etl_logger - ERROR - Function <function update_fmp_stat at 0x0000021B5DCC43A0> failed after 2 retries
2021-04-17 12:57:50,118 - fmp_etl_logger - ERROR - Function <function update_fmp_stat at 0x000001CCCD9D43A0> failed after 2 retries
2021-04-17 12:57:52,352 - fmp_etl_logger - ERROR - Function <function update_fmp_stat at 0x000001CCCD9D43A0> failed after 2 retries
2021-04-17 12:57:54,640 - fmp_etl_logger - ERROR - Function <function update_fmp_stat at 0x000001CCCD9D43A0> failed after 2 retries
2021-04-17 12:57:56,876 - fmp_etl_logger - ERROR - Function <function update_fmp_stat at 0x000001CCCD9D43A0> failed after 2 retries
2021-04-17 12:57:59,081 - fmp_etl_logger - ERROR - Function <function update_fmp_stat at 0x000001CCCD9D43A0> failed after 2 retries
2021-04-17 12:58:01,361 - fmp_etl_logger - ERROR - Function <function update_fmp_stat at 0x000001CCCD9D43A0> failed after 2 retries
2021-04-17 13:24:56,881 - fmp_etl_logger - ERROR - Function <function update_fmp_stat at 0x0000028C498CE3A0> failed after 2 retries
2021-04-17 13:25:24,886 - fmp_etl_logger - ERROR - Function <function update_fmp_stat at 0x0000028C498CE3A0> failed after 2 retries
2021-04-17 13:25:54,879 - fmp_etl_logger - ERROR - Function <function update_fmp_stat at 0x0000028C498CE3A0> failed after 2 retries
2021-04-17 13:27:46,149 - fmp_etl_logger - ERROR - Function <function update_fmp_stat at 0x0000028C498CE3A0> failed after 2 retries
2021-04-17 13:28:51,889 - fmp_etl_logger - ERROR - Function <function update_fmp_stat at 0x0000028C498CE3A0> failed after 2 retries
2021-04-25 19:54:11,894 - fmp_etl_logger - ERROR - Function <function update_fmp_stat at 0x000001FB6DAAB3A0> failed after 2 retries
2021-04-25 20:08:11,256 - fmp_etl_logger - ERROR - Function <function update_fmp_stat at 0x000002050BDDC3A0> failed with error: 'Response' object has no attribute 'head'
2021-04-25 20:08:11,879 - fmp_etl_logger - ERROR - Function <function update_fmp_stat at 0x000002050BDDC3A0> failed with error: 'Response' object has no attribute 'head'
2021-04-25 20:08:12,497 - fmp_etl_logger - ERROR - Function <function update_fmp_stat at 0x000002050BDDC3A0> failed with error: 'Response' object has no attribute 'head'
2021-04-25 20:08:12,499 - fmp_etl_logger - CRITICAL - Function <function update_fmp_stat at 0x000002050BDDC3A0> failed after 2 retries
2021-04-25 20:09:33,375 - fmp_etl_logger - ERROR - Function <function update_fmp_stat at 0x000001D0EE8CC3A0> failed with error: 'Response' object has no attribute 'head'
2021-04-25 20:09:33,986 - fmp_etl_logger - ERROR - Function <function update_fmp_stat at 0x000001D0EE8CC3A0> failed with error: 'Response' object has no attribute 'head'
2021-04-25 20:09:34,622 - fmp_etl_logger - ERROR - Function <function update_fmp_stat at 0x000001D0EE8CC3A0> failed with error: 'Response' object has no attribute 'head'
2021-04-25 20:09:34,627 - fmp_etl_logger - CRITICAL - Function <function update_fmp_stat at 0x000001D0EE8CC3A0> failed after 2 retries
